
[2015-05-20 05:43 UTC] HTTP request of validation request:POST /cgi-bin/webscr HTTP/1.1
Host: www.paypal.com
Accept: */*
Connection: Close
Content-Length: 1537
Content-Type: application/x-www-form-urlencoded
Expect: 100-continue

 for IPN payload: cmd=_notify-validate&mc_gross=0.01&protection_eligibility=Eligible&address_status=confirmed&payer_id=BMD37LWCBPPVQ&tax=0.00&address_street=1104+Palm+Ridge+Ln&payment_date=22%3A43%3A40+May+19%2C+2015+PDT&payment_status=Completed&charset=windows-1252&address_zip=95123&first_name=Manish&mc_fee=0.01&address_country_code=US&address_name=Manish+Khanchandani&notify_version=3.8&custom=%7B%22amount%22%3A%220.1%22%2C%22deposit%22%3A%222%22%2C%22adminFees%22%3A%220.010000000000000002%22%2C%22paypalFees%22%3A%220.00035000000000000005%22%2C%22netFees%22%3A%220.01%22%2C%22record_id%22%3A%221B4437A2-A568-0F92-8FF5-AA0C050E4CB4%22%2C%22user_id%22%3A%22112913147917981568678%22%7D&payer_status=verified&business=renu09%40live.com&address_country=United+States&address_city=San+Jose&quantity=1&verify_sign=AhOv-Gpl56O-pxGiZcqqRULOVMHIAJ7elOpqg5Bijj5xuH3eLjA4yafO&payer_email=finance%40mkgalaxy.com&txn_id=9W087462B4943173D&payment_type=instant&last_name=Khanchandani&address_state=CA&receiver_email=renu09%40live.com&payment_fee=0.01&receiver_id=C6MWTH29LK9P4&txn_type=web_accept&item_name=Admin+Fees&mc_currency=USD&item_number=1011&residence_country=US&handling_amount=0.00&transaction_subject=%7B%22amount%22%3A%220.1%22%2C%22deposit%22%3A%222%22%2C%22adminFees%22%3A%220.010000000000000002%22%2C%22paypalFees%22%3A%220.00035000000000000005%22%2C%22netFees%22%3A%220.01%22%2C%22record_id%22%3A%221B4437A2-A568-0F92-8FF5-AA0C050E4CB4%22%2C%22user_id%22%3A%22112913147917981568678%22%7D&payment_gross=0.01&shipping=0.00&ipn_track_id=e53f8ddf28648
[2015-05-20 05:43 UTC] HTTP response of validation request: HTTP/1.1 200 OK
Server: Apache
X-Frame-Options: SAMEORIGIN
Cache-Control: max-age=0, no-cache, no-store, must-revalidate
Pragma: no-cache
Content-Type: text/html; charset=UTF-8
DC: slc-origin-www.paypal.com
Date: Wed, 20 May 2015 05:43:52 GMT
Content-Length: 8
Connection: close
Set-Cookie: cwrClyrK4LoCV1fydGbAxiNL6iG=Qz5cwWY_t3xpjwd60slb8_m5jkjBTbEtiuTIZyviHHTkDZg98Kz6bj6Hx1AgmIzhyWeZUUStbk_8vgmHUiCKE7DzhWBjJOclF36sB62Kam0hC2TB6SdAQUb2jJ3QoC0ft20ZVvMy8DqKCUssXxLWP6qUTGAayMXy09p0fSPTwmp8bjWiKj1JQhgEjmJrChNPt2WoRmgm_Seo4pPmWEBRICS28JNYlEtl-8hONttB3AotskLDMyJPntKJv6hDL156tbE8-kRaHnW-i718yO_FmUMHtkTT3-BGID7DGP0e3CT9soF5jsKGjXkHxwK6zvoGWVr9E_Mr-4KgxOCKi8BvkAFH17HlkWwaSdnc69TwLwQd7LXc7D3BGAlkTLOFZpmSlDTutnT63SJxOBpWdi20ZsY3JNeuAxJ76Vz0tzVEonNNygB1scOZQX123Ta; domain=.paypal.com; path=/; Secure; HttpOnly
Set-Cookie: cookie_check=yes; expires=Sat, 17-May-2025 05:43:52 GMT; domain=.paypal.com; path=/; Secure; HttpOnly
Set-Cookie: navcmd=_notify-validate; domain=.paypal.com; path=/; Secure; HttpOnly
Set-Cookie: navlns=0.0; expires=Fri, 19-May-2017 05:43:52 GMT; domain=.paypal.com; path=/; Secure; HttpOnly
Set-Cookie: Apache=10.16.0.147.1432100631808955; path=/; expires=Fri, 12-May-45 05:43:51 GMT
Set-Cookie: X-PP-SILOVER=name%3DLIVE9.WEB.1%26silo_version%3D880%26app%3Dappdispatcher%26TIME%3D387931221; domain=.paypal.com; path=/; Secure; HttpOnly
Set-Cookie: X-PP-SILOVER=; Expires=Thu, 01 Jan 1970 00:00:01 GMT
Set-Cookie: Apache=10.16.0.11.1432100631802419; path=/; expires=Fri, 12-May-45 05:43:51 GMT
Set-Cookie: AKDC=slc-origin-www.paypal.com; expires=Wed, 20-May-2015 06:13:52 GMT; path=/; secure
Strict-Transport-Security: max-age=63072000

VERIFIED
[2015-05-20 05:43 UTC] custom: {"amount":"0.1","deposit":"2","adminFees":"0.010000000000000002","paypalFees":"0.00035000000000000005","netFees":"0.01","record_id":"1B4437A2-A568-0F92-8FF5-AA0C050E4CB4","user_id":"112913147917981568678"} 
[2015-05-20 05:43 UTC] customArr: array (
  'amount' => '0.1',
  'deposit' => '2',
  'adminFees' => '0.010000000000000002',
  'paypalFees' => '0.00035000000000000005',
  'netFees' => '0.01',
  'record_id' => '1B4437A2-A568-0F92-8FF5-AA0C050E4CB4',
  'user_id' => '112913147917981568678',
)
[2015-05-20 05:43 UTC] Update Query: UPDATE real_money_records set paypal_details = '{\"mc_gross\":\"0.01\",\"protection_eligibility\":\"Eligible\",\"address_status\":\"confirmed\",\"payer_id\":\"BMD37LWCBPPVQ\",\"tax\":\"0.00\",\"address_street\":\"1104 Palm Ridge Ln\",\"payment_date\":\"22:43:40 May 19, 2015 PDT\",\"payment_status\":\"Completed\",\"charset\":\"windows-1252\",\"address_zip\":\"95123\",\"first_name\":\"Manish\",\"mc_fee\":\"0.01\",\"address_country_code\":\"US\",\"address_name\":\"Manish Khanchandani\",\"notify_version\":\"3.8\",\"custom\":\"{\\\"amount\\\":\\\"0.1\\\",\\\"deposit\\\":\\\"2\\\",\\\"adminFees\\\":\\\"0.010000000000000002\\\",\\\"paypalFees\\\":\\\"0.00035000000000000005\\\",\\\"netFees\\\":\\\"0.01\\\",\\\"record_id\\\":\\\"1B4437A2-A568-0F92-8FF5-AA0C050E4CB4\\\",\\\"user_id\\\":\\\"112913147917981568678\\\"}\",\"payer_status\":\"verified\",\"business\":\"renu09@live.com\",\"address_country\":\"United States\",\"address_city\":\"San Jose\",\"quantity\":\"1\",\"verify_sign\":\"AhOv-Gpl56O-pxGiZcqqRULOVMHIAJ7elOpqg5Bijj5xuH3eLjA4yafO\",\"payer_email\":\"finance@mkgalaxy.com\",\"txn_id\":\"9W087462B4943173D\",\"payment_type\":\"instant\",\"last_name\":\"Khanchandani\",\"address_state\":\"CA\",\"receiver_email\":\"renu09@live.com\",\"payment_fee\":\"0.01\",\"receiver_id\":\"C6MWTH29LK9P4\",\"txn_type\":\"web_accept\",\"item_name\":\"Admin Fees\",\"mc_currency\":\"USD\",\"item_number\":\"1011\",\"residence_country\":\"US\",\"handling_amount\":\"0.00\",\"transaction_subject\":\"{\\\"amount\\\":\\\"0.1\\\",\\\"deposit\\\":\\\"2\\\",\\\"adminFees\\\":\\\"0.010000000000000002\\\",\\\"paypalFees\\\":\\\"0.00035000000000000005\\\",\\\"netFees\\\":\\\"0.01\\\",\\\"record_id\\\":\\\"1B4437A2-A568-0F92-8FF5-AA0C050E4CB4\\\",\\\"user_id\\\":\\\"112913147917981568678\\\"}\",\"payment_gross\":\"0.01\",\"shipping\":\"0.00\",\"ipn_track_id\":\"e53f8ddf28648\"}', paypal_status = 'Completed', updated_dt = '2015-05-20 05:43:52' WHERE record_id = '1B4437A2-A568-0F92-8FF5-AA0C050E4CB4' AND user_id = '112913147917981568678' 
[2015-05-20 05:43 UTC] Verified IPN: cmd=_notify-validate&mc_gross=0.01&protection_eligibility=Eligible&address_status=confirmed&payer_id=BMD37LWCBPPVQ&tax=0.00&address_street=1104+Palm+Ridge+Ln&payment_date=22%3A43%3A40+May+19%2C+2015+PDT&payment_status=Completed&charset=windows-1252&address_zip=95123&first_name=Manish&mc_fee=0.01&address_country_code=US&address_name=Manish+Khanchandani&notify_version=3.8&custom=%7B%22amount%22%3A%220.1%22%2C%22deposit%22%3A%222%22%2C%22adminFees%22%3A%220.010000000000000002%22%2C%22paypalFees%22%3A%220.00035000000000000005%22%2C%22netFees%22%3A%220.01%22%2C%22record_id%22%3A%221B4437A2-A568-0F92-8FF5-AA0C050E4CB4%22%2C%22user_id%22%3A%22112913147917981568678%22%7D&payer_status=verified&business=renu09%40live.com&address_country=United+States&address_city=San+Jose&quantity=1&verify_sign=AhOv-Gpl56O-pxGiZcqqRULOVMHIAJ7elOpqg5Bijj5xuH3eLjA4yafO&payer_email=finance%40mkgalaxy.com&txn_id=9W087462B4943173D&payment_type=instant&last_name=Khanchandani&address_state=CA&receiver_email=renu09%40live.com&payment_fee=0.01&receiver_id=C6MWTH29LK9P4&txn_type=web_accept&item_name=Admin+Fees&mc_currency=USD&item_number=1011&residence_country=US&handling_amount=0.00&transaction_subject=%7B%22amount%22%3A%220.1%22%2C%22deposit%22%3A%222%22%2C%22adminFees%22%3A%220.010000000000000002%22%2C%22paypalFees%22%3A%220.00035000000000000005%22%2C%22netFees%22%3A%220.01%22%2C%22record_id%22%3A%221B4437A2-A568-0F92-8FF5-AA0C050E4CB4%22%2C%22user_id%22%3A%22112913147917981568678%22%7D&payment_gross=0.01&shipping=0.00&ipn_track_id=e53f8ddf28648 
[2015-05-20 05:47 UTC] HTTP request of validation request:POST /cgi-bin/webscr HTTP/1.1
Host: www.paypal.com
Accept: */*
Connection: Close
Content-Length: 1537
Content-Type: application/x-www-form-urlencoded
Expect: 100-continue

 for IPN payload: cmd=_notify-validate&mc_gross=0.01&protection_eligibility=Eligible&address_status=confirmed&payer_id=BMD37LWCBPPVQ&tax=0.00&address_street=1104+Palm+Ridge+Ln&payment_date=22%3A47%3A38+May+19%2C+2015+PDT&payment_status=Completed&charset=windows-1252&address_zip=95123&first_name=Manish&mc_fee=0.01&address_country_code=US&address_name=Manish+Khanchandani&notify_version=3.8&custom=%7B%22amount%22%3A%220.1%22%2C%22deposit%22%3A%222%22%2C%22adminFees%22%3A%220.010000000000000002%22%2C%22paypalFees%22%3A%220.00035000000000000005%22%2C%22netFees%22%3A%220.01%22%2C%22record_id%22%3A%2264525B18-486F-5DA7-93C1-9694AE05D828%22%2C%22user_id%22%3A%22112913147917981568678%22%7D&payer_status=verified&business=renu09%40live.com&address_country=United+States&address_city=San+Jose&quantity=1&verify_sign=AAZBo41292784GRQg0xxLmq7RGd-Ac107I0EC-5WvY6n-UEMGow4PfBR&payer_email=finance%40mkgalaxy.com&txn_id=26D69333WB420640W&payment_type=instant&last_name=Khanchandani&address_state=CA&receiver_email=renu09%40live.com&payment_fee=0.01&receiver_id=C6MWTH29LK9P4&txn_type=web_accept&item_name=Admin+Fees&mc_currency=USD&item_number=1011&residence_country=US&handling_amount=0.00&transaction_subject=%7B%22amount%22%3A%220.1%22%2C%22deposit%22%3A%222%22%2C%22adminFees%22%3A%220.010000000000000002%22%2C%22paypalFees%22%3A%220.00035000000000000005%22%2C%22netFees%22%3A%220.01%22%2C%22record_id%22%3A%2264525B18-486F-5DA7-93C1-9694AE05D828%22%2C%22user_id%22%3A%22112913147917981568678%22%7D&payment_gross=0.01&shipping=0.00&ipn_track_id=e25eaaefe00e8
[2015-05-20 05:47 UTC] HTTP response of validation request: HTTP/1.1 200 OK
Server: Apache
X-Frame-Options: SAMEORIGIN
Cache-Control: max-age=0, no-cache, no-store, must-revalidate
Pragma: no-cache
Cache-Control: max-age=0, no-cache, no-store, must-revalidate
Pragma: no-cache
Content-Type: text/html; charset=UTF-8
DC: slc-a-origin-www-2.paypal.com
Date: Wed, 20 May 2015 05:47:52 GMT
Content-Length: 8
Connection: close
Set-Cookie: cwrClyrK4LoCV1fydGbAxiNL6iG=xxe9pEAj4BFBttFmjxlM9ph0zJaVYZ4nHr-r-laGTmRoKpqzeCplV5kd-ejgO7d9gMtjgzVrMl1Uo319UNqZ_D-kFKOQn5vqGxTzKh1stMCeDkhZXWJnANfKioer6jYkbh1o6zLHrzHRtIRg1x-KIv6y-w6JSp6OXAARqnUNxwb8XuL_05KhdseypA6QErzBXY_OGW0LZ5xbn3v0bRtSo925z2eG9cwyX7qUPDglVyrvNLBVOOf9G0aryPMjvyPB7qhmSt9pE8_paTp5zgZrsGnQZfd4yPiVVaxJWoMmZ4DYJH6D4MbIQHBvDNszFDbDg2dy99WGneocHXn1FwH1Os5ZjQweEoJMoxWzeJ8nFmTWyngq2AL-Gan5h0qQsp2NLEt3GFNkE4hSpD1GBxl2Ckn5J2WmZ9hjISy_qz6Q44w-Ui1RlNpOSZvjAX4; domain=.paypal.com; path=/; Secure; HttpOnly
Set-Cookie: cookie_check=yes; expires=Sat, 17-May-2025 05:47:52 GMT; domain=.paypal.com; path=/; Secure; HttpOnly
Set-Cookie: navcmd=_notify-validate; domain=.paypal.com; path=/; Secure; HttpOnly
Set-Cookie: navlns=0.0; expires=Fri, 19-May-2017 05:47:52 GMT; domain=.paypal.com; path=/; Secure; HttpOnly
Set-Cookie: Apache=10.73.8.137.1432100872563247; path=/; expires=Fri, 12-May-45 05:47:52 GMT
Set-Cookie: X-PP-SILOVER=name%3DLIVE5.WEB.1%26silo_version%3D880%26app%3Dappdispatcher%26TIME%3D136338517; domain=.paypal.com; path=/; Secure; HttpOnly
Set-Cookie: X-PP-SILOVER=; Expires=Thu, 01 Jan 1970 00:00:01 GMT
Set-Cookie: Apache=10.73.8.59.1432100872550336; path=/; expires=Fri, 12-May-45 05:47:52 GMT
Set-Cookie: AKDC=slc-a-origin-www-2.paypal.com; expires=Wed, 20-May-2015 06:17:52 GMT; path=/; secure
Strict-Transport-Security: max-age=63072000

VERIFIED
[2015-05-20 05:47 UTC] custom: {"amount":"0.1","deposit":"2","adminFees":"0.010000000000000002","paypalFees":"0.00035000000000000005","netFees":"0.01","record_id":"64525B18-486F-5DA7-93C1-9694AE05D828","user_id":"112913147917981568678"} 
[2015-05-20 05:47 UTC] customArr: array (
  'amount' => '0.1',
  'deposit' => '2',
  'adminFees' => '0.010000000000000002',
  'paypalFees' => '0.00035000000000000005',
  'netFees' => '0.01',
  'record_id' => '64525B18-486F-5DA7-93C1-9694AE05D828',
  'user_id' => '112913147917981568678',
)
[2015-05-20 05:47 UTC] Update Query: UPDATE real_money_records set paypal_details = '{\"mc_gross\":\"0.01\",\"protection_eligibility\":\"Eligible\",\"address_status\":\"confirmed\",\"payer_id\":\"BMD37LWCBPPVQ\",\"tax\":\"0.00\",\"address_street\":\"1104 Palm Ridge Ln\",\"payment_date\":\"22:47:38 May 19, 2015 PDT\",\"payment_status\":\"Completed\",\"charset\":\"windows-1252\",\"address_zip\":\"95123\",\"first_name\":\"Manish\",\"mc_fee\":\"0.01\",\"address_country_code\":\"US\",\"address_name\":\"Manish Khanchandani\",\"notify_version\":\"3.8\",\"custom\":\"{\\\"amount\\\":\\\"0.1\\\",\\\"deposit\\\":\\\"2\\\",\\\"adminFees\\\":\\\"0.010000000000000002\\\",\\\"paypalFees\\\":\\\"0.00035000000000000005\\\",\\\"netFees\\\":\\\"0.01\\\",\\\"record_id\\\":\\\"64525B18-486F-5DA7-93C1-9694AE05D828\\\",\\\"user_id\\\":\\\"112913147917981568678\\\"}\",\"payer_status\":\"verified\",\"business\":\"renu09@live.com\",\"address_country\":\"United States\",\"address_city\":\"San Jose\",\"quantity\":\"1\",\"verify_sign\":\"AAZBo41292784GRQg0xxLmq7RGd-Ac107I0EC-5WvY6n-UEMGow4PfBR\",\"payer_email\":\"finance@mkgalaxy.com\",\"txn_id\":\"26D69333WB420640W\",\"payment_type\":\"instant\",\"last_name\":\"Khanchandani\",\"address_state\":\"CA\",\"receiver_email\":\"renu09@live.com\",\"payment_fee\":\"0.01\",\"receiver_id\":\"C6MWTH29LK9P4\",\"txn_type\":\"web_accept\",\"item_name\":\"Admin Fees\",\"mc_currency\":\"USD\",\"item_number\":\"1011\",\"residence_country\":\"US\",\"handling_amount\":\"0.00\",\"transaction_subject\":\"{\\\"amount\\\":\\\"0.1\\\",\\\"deposit\\\":\\\"2\\\",\\\"adminFees\\\":\\\"0.010000000000000002\\\",\\\"paypalFees\\\":\\\"0.00035000000000000005\\\",\\\"netFees\\\":\\\"0.01\\\",\\\"record_id\\\":\\\"64525B18-486F-5DA7-93C1-9694AE05D828\\\",\\\"user_id\\\":\\\"112913147917981568678\\\"}\",\"payment_gross\":\"0.01\",\"shipping\":\"0.00\",\"ipn_track_id\":\"e25eaaefe00e8\"}', paypal_status = 'Completed', updated_dt = '2015-05-20 05:47:52' WHERE record_id = '64525B18-486F-5DA7-93C1-9694AE05D828' AND user_id = '112913147917981568678' 
[2015-05-20 05:47 UTC] Verified IPN: cmd=_notify-validate&mc_gross=0.01&protection_eligibility=Eligible&address_status=confirmed&payer_id=BMD37LWCBPPVQ&tax=0.00&address_street=1104+Palm+Ridge+Ln&payment_date=22%3A47%3A38+May+19%2C+2015+PDT&payment_status=Completed&charset=windows-1252&address_zip=95123&first_name=Manish&mc_fee=0.01&address_country_code=US&address_name=Manish+Khanchandani&notify_version=3.8&custom=%7B%22amount%22%3A%220.1%22%2C%22deposit%22%3A%222%22%2C%22adminFees%22%3A%220.010000000000000002%22%2C%22paypalFees%22%3A%220.00035000000000000005%22%2C%22netFees%22%3A%220.01%22%2C%22record_id%22%3A%2264525B18-486F-5DA7-93C1-9694AE05D828%22%2C%22user_id%22%3A%22112913147917981568678%22%7D&payer_status=verified&business=renu09%40live.com&address_country=United+States&address_city=San+Jose&quantity=1&verify_sign=AAZBo41292784GRQg0xxLmq7RGd-Ac107I0EC-5WvY6n-UEMGow4PfBR&payer_email=finance%40mkgalaxy.com&txn_id=26D69333WB420640W&payment_type=instant&last_name=Khanchandani&address_state=CA&receiver_email=renu09%40live.com&payment_fee=0.01&receiver_id=C6MWTH29LK9P4&txn_type=web_accept&item_name=Admin+Fees&mc_currency=USD&item_number=1011&residence_country=US&handling_amount=0.00&transaction_subject=%7B%22amount%22%3A%220.1%22%2C%22deposit%22%3A%222%22%2C%22adminFees%22%3A%220.010000000000000002%22%2C%22paypalFees%22%3A%220.00035000000000000005%22%2C%22netFees%22%3A%220.01%22%2C%22record_id%22%3A%2264525B18-486F-5DA7-93C1-9694AE05D828%22%2C%22user_id%22%3A%22112913147917981568678%22%7D&payment_gross=0.01&shipping=0.00&ipn_track_id=e25eaaefe00e8 
[2015-05-25 21:23 UTC] HTTP request of validation request:POST /cgi-bin/webscr HTTP/1.1
Host: www.paypal.com
Accept: */*
Connection: Close
Content-Length: 1683
Content-Type: application/x-www-form-urlencoded
Expect: 100-continue

 for IPN payload: cmd=_notify-validate&mc_gross=0.01&protection_eligibility=Eligible&address_status=confirmed&payer_id=BMD37LWCBPPVQ&tax=0.00&address_street=1104+Palm+Ridge+Ln&payment_date=14%3A22%3A54+May+25%2C+2015+PDT&payment_status=Completed&charset=windows-1252&address_zip=95123&first_name=Manish&mc_fee=0.01&address_country_code=US&address_name=Manish+Khanchandani&notify_version=3.8&custom=%7B%22record_id%22%3A%22D2644CA3-B424-5141-2808-03EB9F92C08E%22%2C%22amount%22%3A%220.01%22%2C%22paypalFees%22%3A%220.00035%22%2C%22netFees%22%3A%220.01035%22%2C%22user_id%22%3A%22112913147917981568678%22%2C%22status%22%3A%22Not+Started%22%2C%22paypal_status%22%3Anull%2C%22paypal_details%22%3Anull%2C%22created_dt%22%3A%222015-05-25+21%3A19%3A06%22%2C%22updated_d&payer_status=verified&business=renu09%40live.com&address_country=United+States&address_city=San+Jose&quantity=1&verify_sign=AHM6w0ZEnf8sI5VNE54uo0uSnTE2AKyY317N0Z70OrQgHA58msNIGlKB&payer_email=finance%40mkgalaxy.com&txn_id=99T30808341164049&payment_type=instant&last_name=Khanchandani&address_state=CA&receiver_email=renu09%40live.com&payment_fee=0.01&receiver_id=C6MWTH29LK9P4&txn_type=web_accept&item_name=Admin+Fees&mc_currency=USD&item_number=1011&residence_country=US&handling_amount=0.00&transaction_subject=%7B%22record_id%22%3A%22D2644CA3-B424-5141-2808-03EB9F92C08E%22%2C%22amount%22%3A%220.01%22%2C%22paypalFees%22%3A%220.00035%22%2C%22netFees%22%3A%220.01035%22%2C%22user_id%22%3A%22112913147917981568678%22%2C%22status%22%3A%22Not+Started%22%2C%22paypal_status%22%3Anull%2C%22paypal_details%22%3Anull%2C%22created_dt%22%3A%222015-05-25+21%3A19%3A06%22%2C%22updated_d&payment_gross=0.01&shipping=0.00&ipn_track_id=dfad315e5de07
[2015-05-25 21:23 UTC] HTTP response of validation request: HTTP/1.1 200 OK
Server: Apache
X-Frame-Options: SAMEORIGIN
Cache-Control: max-age=0, no-cache, no-store, must-revalidate
Pragma: no-cache
Cache-Control: max-age=0, no-cache, no-store, must-revalidate
Pragma: no-cache
Content-Type: text/html; charset=UTF-8
DC: slc-b-origin-www-1.paypal.com
Date: Mon, 25 May 2015 21:23:08 GMT
Content-Length: 8
Connection: close
Set-Cookie: cwrClyrK4LoCV1fydGbAxiNL6iG=Lij7-cBfXseGQ-NHzGMktMTmF6cIMxbCQF32D7Tflk5UBHdUfewwWgMieZ6gDFADnhO6JJvaGclObuuJ0IyYJyvLpQusfFBGnCPKvwN1qhqZWaxT4srZZh5J4WynZgBWN5eTGtDi55x8PwSk9sPRPjfUT0YUyrg6XO7lkD1ci_Hb54c4P-gB157rzWS6KFUw2AcolFnfqkRAcqRcMuI7cQQnRXBMJcX4XxXFlxS9_S-tWVIgRPXNN2zwaKIbNvYcTf_W7oUayx-eSKQ3iWxKgUojY4UB2-tJARFXi28UgzidptGCAWKhOBdE0-6R6zU2KxjoD11OkhpuqLNdYbGxi75YnJ0w58LBH8lw_B1zfX2nxUr7-UTIqMeN3zLuf9zdBtfHS7qFURWR2sFgNwgrdLngJyGGAASQl6XZY8GprId48d1h4bg3T4GLvpi; domain=.paypal.com; path=/; Secure; HttpOnly
Set-Cookie: cookie_check=yes; expires=Thu, 22-May-2025 21:23:08 GMT; domain=.paypal.com; path=/; Secure; HttpOnly
Set-Cookie: navcmd=_notify-validate; domain=.paypal.com; path=/; Secure; HttpOnly
Set-Cookie: navlns=0.0; expires=Wed, 24-May-2017 21:23:08 GMT; domain=.paypal.com; path=/; Secure; HttpOnly
Set-Cookie: Apache=10.74.8.137.1432588987868278; path=/; expires=Wed, 17-May-45 21:23:07 GMT
Set-Cookie: X-PP-SILOVER=name%3DLIVE6.WEB.1%26silo_version%3D880%26app%3Dappdispatcher%26TIME%3D3146933077; domain=.paypal.com; path=/; Secure; HttpOnly
Set-Cookie: X-PP-SILOVER=; Expires=Thu, 01 Jan 1970 00:00:01 GMT
Set-Cookie: Apache=10.74.8.46.1432588987856749; path=/; expires=Wed, 17-May-45 21:23:07 GMT
Set-Cookie: AKDC=slc-b-origin-www-1.paypal.com; expires=Mon, 25-May-2015 21:53:08 GMT; path=/; secure
Strict-Transport-Security: max-age=63072000

VERIFIED
[2015-05-25 21:23 UTC] custom: {"record_id":"D2644CA3-B424-5141-2808-03EB9F92C08E","amount":"0.01","paypalFees":"0.00035","netFees":"0.01035","user_id":"112913147917981568678","status":"Not Started","paypal_status":null,"paypal_details":null,"created_dt":"2015-05-25 21:19:06","updated_d 
[2015-05-25 21:23 UTC] customArr: NULL
[2015-05-25 21:23 UTC] Update Query: UPDATE real_money_records_simple set paypal_details = '{\"mc_gross\":\"0.01\",\"protection_eligibility\":\"Eligible\",\"address_status\":\"confirmed\",\"payer_id\":\"BMD37LWCBPPVQ\",\"tax\":\"0.00\",\"address_street\":\"1104 Palm Ridge Ln\",\"payment_date\":\"14:22:54 May 25, 2015 PDT\",\"payment_status\":\"Completed\",\"charset\":\"windows-1252\",\"address_zip\":\"95123\",\"first_name\":\"Manish\",\"mc_fee\":\"0.01\",\"address_country_code\":\"US\",\"address_name\":\"Manish Khanchandani\",\"notify_version\":\"3.8\",\"custom\":\"{\\\"record_id\\\":\\\"D2644CA3-B424-5141-2808-03EB9F92C08E\\\",\\\"amount\\\":\\\"0.01\\\",\\\"paypalFees\\\":\\\"0.00035\\\",\\\"netFees\\\":\\\"0.01035\\\",\\\"user_id\\\":\\\"112913147917981568678\\\",\\\"status\\\":\\\"Not Started\\\",\\\"paypal_status\\\":null,\\\"paypal_details\\\":null,\\\"created_dt\\\":\\\"2015-05-25 21:19:06\\\",\\\"updated_d\",\"payer_status\":\"verified\",\"business\":\"renu09@live.com\",\"address_country\":\"United States\",\"address_city\":\"San Jose\",\"quantity\":\"1\",\"verify_sign\":\"AHM6w0ZEnf8sI5VNE54uo0uSnTE2AKyY317N0Z70OrQgHA58msNIGlKB\",\"payer_email\":\"finance@mkgalaxy.com\",\"txn_id\":\"99T30808341164049\",\"payment_type\":\"instant\",\"last_name\":\"Khanchandani\",\"address_state\":\"CA\",\"receiver_email\":\"renu09@live.com\",\"payment_fee\":\"0.01\",\"receiver_id\":\"C6MWTH29LK9P4\",\"txn_type\":\"web_accept\",\"item_name\":\"Admin Fees\",\"mc_currency\":\"USD\",\"item_number\":\"1011\",\"residence_country\":\"US\",\"handling_amount\":\"0.00\",\"transaction_subject\":\"{\\\"record_id\\\":\\\"D2644CA3-B424-5141-2808-03EB9F92C08E\\\",\\\"amount\\\":\\\"0.01\\\",\\\"paypalFees\\\":\\\"0.00035\\\",\\\"netFees\\\":\\\"0.01035\\\",\\\"user_id\\\":\\\"112913147917981568678\\\",\\\"status\\\":\\\"Not Started\\\",\\\"paypal_status\\\":null,\\\"paypal_details\\\":null,\\\"created_dt\\\":\\\"2015-05-25 21:19:06\\\",\\\"updated_d\",\"payment_gross\":\"0.01\",\"shipping\":\"0.00\",\"ipn_track_id\":\"dfad315e5de07\"}', paypal_status = 'Completed', updated_dt = '2015-05-25 21:23:08' WHERE record_id = NULL AND user_id = NULL 
[2015-05-25 21:23 UTC] Verified IPN: cmd=_notify-validate&mc_gross=0.01&protection_eligibility=Eligible&address_status=confirmed&payer_id=BMD37LWCBPPVQ&tax=0.00&address_street=1104+Palm+Ridge+Ln&payment_date=14%3A22%3A54+May+25%2C+2015+PDT&payment_status=Completed&charset=windows-1252&address_zip=95123&first_name=Manish&mc_fee=0.01&address_country_code=US&address_name=Manish+Khanchandani&notify_version=3.8&custom=%7B%22record_id%22%3A%22D2644CA3-B424-5141-2808-03EB9F92C08E%22%2C%22amount%22%3A%220.01%22%2C%22paypalFees%22%3A%220.00035%22%2C%22netFees%22%3A%220.01035%22%2C%22user_id%22%3A%22112913147917981568678%22%2C%22status%22%3A%22Not+Started%22%2C%22paypal_status%22%3Anull%2C%22paypal_details%22%3Anull%2C%22created_dt%22%3A%222015-05-25+21%3A19%3A06%22%2C%22updated_d&payer_status=verified&business=renu09%40live.com&address_country=United+States&address_city=San+Jose&quantity=1&verify_sign=AHM6w0ZEnf8sI5VNE54uo0uSnTE2AKyY317N0Z70OrQgHA58msNIGlKB&payer_email=finance%40mkgalaxy.com&txn_id=99T30808341164049&payment_type=instant&last_name=Khanchandani&address_state=CA&receiver_email=renu09%40live.com&payment_fee=0.01&receiver_id=C6MWTH29LK9P4&txn_type=web_accept&item_name=Admin+Fees&mc_currency=USD&item_number=1011&residence_country=US&handling_amount=0.00&transaction_subject=%7B%22record_id%22%3A%22D2644CA3-B424-5141-2808-03EB9F92C08E%22%2C%22amount%22%3A%220.01%22%2C%22paypalFees%22%3A%220.00035%22%2C%22netFees%22%3A%220.01035%22%2C%22user_id%22%3A%22112913147917981568678%22%2C%22status%22%3A%22Not+Started%22%2C%22paypal_status%22%3Anull%2C%22paypal_details%22%3Anull%2C%22created_dt%22%3A%222015-05-25+21%3A19%3A06%22%2C%22updated_d&payment_gross=0.01&shipping=0.00&ipn_track_id=dfad315e5de07 
[2015-06-08 14:02 UTC] HTTP request of validation request:POST /cgi-bin/webscr HTTP/1.1
Host: www.paypal.com
Accept: */*
Connection: Close
Content-Length: 1647
Content-Type: application/x-www-form-urlencoded
Expect: 100-continue

 for IPN payload: cmd=_notify-validate&mc_gross=-0.01&protection_eligibility=Eligible&payer_id=BMD37LWCBPPVQ&address_street=1104+Palm+Ridge+Ln&payment_date=07%3A02%3A05+Jun+08%2C+2015+PDT&payment_status=Refunded&charset=windows-1252&address_zip=95123&first_name=Manish&mc_fee=0.00&address_country_code=US&address_name=Manish+Khanchandani&notify_version=3.8&reason_code=refund&custom=%7B%22record_id%22%3A%22D2644CA3-B424-5141-2808-03EB9F92C08E%22%2C%22amount%22%3A%220.01%22%2C%22paypalFees%22%3A%220.00035%22%2C%22netFees%22%3A%220.01035%22%2C%22user_id%22%3A%22112913147917981568678%22%2C%22status%22%3A%22Not+Started%22%2C%22paypal_status%22%3Anull%2C%22paypal_details%22%3Anull%2C%22created_dt%22%3A%222015-05-25+21%3A19%3A06%22%2C%22updated_d&business=renu09%40live.com&address_country=United+States&address_city=San+Jose&verify_sign=A3W3vJcslfwHPcN9Nhu9wtnjtB8IAPIpMOQT2UezAl5LL39Xkfj.q-6x&payer_email=finance%40mkgalaxy.com&parent_txn_id=99T30808341164049&txn_id=8F399902SW473190M&payment_type=instant&last_name=Khanchandani&address_state=CA&receiver_email=renu09%40live.com&payment_fee=0.00&receiver_id=C6MWTH29LK9P4&item_name=Admin+Fees&mc_currency=USD&item_number=1011&residence_country=US&handling_amount=0.00&transaction_subject=%7B%22record_id%22%3A%22D2644CA3-B424-5141-2808-03EB9F92C08E%22%2C%22amount%22%3A%220.01%22%2C%22paypalFees%22%3A%220.00035%22%2C%22netFees%22%3A%220.01035%22%2C%22user_id%22%3A%22112913147917981568678%22%2C%22status%22%3A%22Not+Started%22%2C%22paypal_status%22%3Anull%2C%22paypal_details%22%3Anull%2C%22created_dt%22%3A%222015-05-25+21%3A19%3A06%22%2C%22updated_&payment_gross=-0.01&shipping=0.00&ipn_track_id=c432041fec314
[2015-06-08 14:02 UTC] HTTP response of validation request: HTTP/1.1 200 OK
Server: Apache
X-Frame-Options: SAMEORIGIN
Cache-Control: max-age=0, no-cache, no-store, must-revalidate
Pragma: no-cache
Cache-Control: max-age=0, no-cache, no-store, must-revalidate
Pragma: no-cache
Content-Type: text/html; charset=UTF-8
DC: slc-a-origin-www-1.paypal.com
Date: Mon, 08 Jun 2015 14:02:19 GMT
Content-Length: 8
Connection: close
Set-Cookie: cwrClyrK4LoCV1fydGbAxiNL6iG=KCIhnGRIXwU9y4rjbR8Whx101WSJOUczg_T0CVX1AwBy1B18N7Ey-lf9shdfl_BUKBEZ6I2_WawD538f_0jtuJ5_ruCTM-DJ_zISw4LIaSQWm_b2Rcqd9QB2WZbWJTgSGepRewIzusPMOWFi3mn4FFzjqVfbLzQNw_rI_TCT5O8UZoJqtOZD5Ruz0Ahml5V7148ijOL-BhwXxdfku5jyViTrNTVUL2hL2GCckpWRb2rkjk4lz4Ozm4ElcBH0XjpSF_mE6ZoKtN8b79MuzxMzhmQhWmE50ZykziHfyG94K8qbwSzVgkAIEzBuFIplVaeTcG7y1zcnvy6UsDebP-nAelJjwompwT-LaivNXQ7xEsAGueSmo7QCd_JESjcVvnifIucdrK3jiPSVIRGHcT2LbQYKxOYu9PxEyDlAXqQLNVLwdRz9Cn_sKgl8jKG; domain=.paypal.com; path=/; Secure; HttpOnly
Set-Cookie: cookie_check=yes; expires=Thu, 05-Jun-2025 14:02:18 GMT; domain=.paypal.com; path=/; Secure; HttpOnly
Set-Cookie: navcmd=_notify-validate; domain=.paypal.com; path=/; Secure; HttpOnly
Set-Cookie: navlns=0.0; expires=Wed, 07-Jun-2017 14:02:18 GMT; domain=.paypal.com; path=/; Secure; HttpOnly
Set-Cookie: Apache=10.73.8.134.1433772138663490; path=/; expires=Wed, 31-May-45 14:02:18 GMT
Set-Cookie: X-PP-SILOVER=name%3DLIVE5.WEB.1%26silo_version%3D880%26app%3Dappdispatcher%26TIME%3D1788900693; domain=.paypal.com; path=/; Secure; HttpOnly
Set-Cookie: X-PP-SILOVER=; Expires=Thu, 01 Jan 1970 00:00:01 GMT
Set-Cookie: Apache=10.73.8.46.1433772138652530; path=/; expires=Wed, 31-May-45 14:02:18 GMT
Set-Cookie: AKDC=slc-a-origin-www-1.paypal.com; expires=Mon, 08-Jun-2015 14:32:19 GMT; path=/; secure
Strict-Transport-Security: max-age=63072000

VERIFIED
[2015-06-08 14:02 UTC] Error in Catch: error in payment status. array (
  'mc_gross' => '-0.01',
  'protection_eligibility' => 'Eligible',
  'payer_id' => 'BMD37LWCBPPVQ',
  'address_street' => '1104 Palm Ridge Ln',
  'payment_date' => '07:02:05 Jun 08, 2015 PDT',
  'payment_status' => 'Refunded',
  'charset' => 'windows-1252',
  'address_zip' => '95123',
  'first_name' => 'Manish',
  'mc_fee' => '0.00',
  'address_country_code' => 'US',
  'address_name' => 'Manish Khanchandani',
  'notify_version' => '3.8',
  'reason_code' => 'refund',
  'custom' => '{"record_id":"D2644CA3-B424-5141-2808-03EB9F92C08E","amount":"0.01","paypalFees":"0.00035","netFees":"0.01035","user_id":"112913147917981568678","status":"Not Started","paypal_status":null,"paypal_details":null,"created_dt":"2015-05-25 21:19:06","updated_d',
  'business' => 'renu09@live.com',
  'address_country' => 'United States',
  'address_city' => 'San Jose',
  'verify_sign' => 'A3W3vJcslfwHPcN9Nhu9wtnjtB8IAPIpMOQT2UezAl5LL39Xkfj.q-6x',
  'payer_email' => 'finance@mkgalaxy.com',
  'parent_txn_id' => '99T30808341164049',
  'txn_id' => '8F399902SW473190M',
  'payment_type' => 'instant',
  'last_name' => 'Khanchandani',
  'address_state' => 'CA',
  'receiver_email' => 'renu09@live.com',
  'payment_fee' => '0.00',
  'receiver_id' => 'C6MWTH29LK9P4',
  'item_name' => 'Admin Fees',
  'mc_currency' => 'USD',
  'item_number' => '1011',
  'residence_country' => 'US',
  'handling_amount' => '0.00',
  'transaction_subject' => '{"record_id":"D2644CA3-B424-5141-2808-03EB9F92C08E","amount":"0.01","paypalFees":"0.00035","netFees":"0.01035","user_id":"112913147917981568678","status":"Not Started","paypal_status":null,"paypal_details":null,"created_dt":"2015-05-25 21:19:06","updated_',
  'payment_gross' => '-0.01',
  'shipping' => '0.00',
  'ipn_track_id' => 'c432041fec314',
)
[2015-06-08 14:04 UTC] HTTP request of validation request:POST /cgi-bin/webscr HTTP/1.1
Host: www.paypal.com
Accept: */*
Connection: Close
Content-Length: 1502
Content-Type: application/x-www-form-urlencoded
Expect: 100-continue

 for IPN payload: cmd=_notify-validate&mc_gross=-0.01&protection_eligibility=Eligible&payer_id=BMD37LWCBPPVQ&address_street=1104+Palm+Ridge+Ln&payment_date=07%3A03%3A56+Jun+08%2C+2015+PDT&payment_status=Refunded&charset=windows-1252&address_zip=95123&first_name=Manish&mc_fee=0.00&address_country_code=US&address_name=Manish+Khanchandani&notify_version=3.8&reason_code=refund&custom=%7B%22amount%22%3A%220.1%22%2C%22deposit%22%3A%222%22%2C%22adminFees%22%3A%220.010000000000000002%22%2C%22paypalFees%22%3A%220.00035000000000000005%22%2C%22netFees%22%3A%220.01%22%2C%22record_id%22%3A%2264525B18-486F-5DA7-93C1-9694AE05D828%22%2C%22user_id%22%3A%22112913147917981568678%22%7D&business=renu09%40live.com&address_country=United+States&address_city=San+Jose&verify_sign=AYxRX3nk2MuLHI32DUCtwEkSKrcWAelhrz-1Pk-0EGOsEsp1a2QSE-Q4&payer_email=finance%40mkgalaxy.com&parent_txn_id=26D69333WB420640W&txn_id=90G80251MB882172J&payment_type=instant&last_name=Khanchandani&address_state=CA&receiver_email=renu09%40live.com&payment_fee=0.00&receiver_id=C6MWTH29LK9P4&item_name=Admin+Fees&mc_currency=USD&item_number=1011&residence_country=US&handling_amount=0.00&transaction_subject=%7B%22amount%22%3A%220.1%22%2C%22deposit%22%3A%222%22%2C%22adminFees%22%3A%220.010000000000000002%22%2C%22paypalFees%22%3A%220.00035000000000000005%22%2C%22netFees%22%3A%220.01%22%2C%22record_id%22%3A%2264525B18-486F-5DA7-93C1-9694AE05D828%22%2C%22user_id%22%3A%22112913147917981568678%22%7D&payment_gross=-0.01&shipping=0.00&ipn_track_id=ec70eb7a5167a
[2015-06-08 14:04 UTC] HTTP response of validation request: HTTP/1.1 200 OK
Server: Apache
X-Frame-Options: SAMEORIGIN
Cache-Control: max-age=0, no-cache, no-store, must-revalidate
Pragma: no-cache
Cache-Control: max-age=0, no-cache, no-store, must-revalidate
Pragma: no-cache
Content-Type: text/html; charset=UTF-8
DC: slc-a-origin-www-2.paypal.com
Date: Mon, 08 Jun 2015 14:04:11 GMT
Content-Length: 8
Connection: close
Set-Cookie: cwrClyrK4LoCV1fydGbAxiNL6iG=9PhnivOfhbJs4lq2nPmpaWzTM9Y9vHgwMvO4k3rZ_Sge12L47xtGVOdDx1wGYZF1EX4DP3M0KO7jp3u6FgnKrDdWfpuAllIemLPyPVPBt0Ey6ExuH4PEjmSx6dm4Z1ZfErNuYExupaSA_OTge-1topoWo9qdo-pBbeLZolY2m68TiRtOANghgfQMQa-tGMWB_fzmPL3SAa5wBaeafrx6d3UO27p1trZvUZNxhJQ52IqyQzWY0tCG7BYWX5qqax6pzE06tOtRXDD2RJMwTmc5KCX_nfLCivWFgnR38AcRk6jWNu6KgCTWXnTXm_zN1Uedowm8qjFWSQV2QmzKyG2Ly5hbmj7EFOg2j7fRJudufFGs4aAKbOEEO8AN_8vW9QfNdeVWqORkv6fH3LbCmr7i-GUotyhhohBjuS8Cgs6QxncmTzKlV8XLC-eA4l8; domain=.paypal.com; path=/; Secure; HttpOnly
Set-Cookie: cookie_check=yes; expires=Thu, 05-Jun-2025 14:04:11 GMT; domain=.paypal.com; path=/; Secure; HttpOnly
Set-Cookie: navcmd=_notify-validate; domain=.paypal.com; path=/; Secure; HttpOnly
Set-Cookie: navlns=0.0; expires=Wed, 07-Jun-2017 14:04:11 GMT; domain=.paypal.com; path=/; Secure; HttpOnly
Set-Cookie: Apache=10.73.8.137.1433772250952183; path=/; expires=Wed, 31-May-45 14:04:10 GMT
Set-Cookie: X-PP-SILOVER=name%3DLIVE5.WEB.1%26silo_version%3D880%26app%3Dappdispatcher%26TIME%3D3667948885; domain=.paypal.com; path=/; Secure; HttpOnly
Set-Cookie: X-PP-SILOVER=; Expires=Thu, 01 Jan 1970 00:00:01 GMT
Set-Cookie: Apache=10.73.8.58.1433772250939287; path=/; expires=Wed, 31-May-45 14:04:10 GMT
Set-Cookie: AKDC=slc-a-origin-www-2.paypal.com; expires=Mon, 08-Jun-2015 14:34:11 GMT; path=/; secure
Strict-Transport-Security: max-age=63072000

VERIFIED
[2015-06-08 14:04 UTC] Error in Catch: error in payment status. array (
  'mc_gross' => '-0.01',
  'protection_eligibility' => 'Eligible',
  'payer_id' => 'BMD37LWCBPPVQ',
  'address_street' => '1104 Palm Ridge Ln',
  'payment_date' => '07:03:56 Jun 08, 2015 PDT',
  'payment_status' => 'Refunded',
  'charset' => 'windows-1252',
  'address_zip' => '95123',
  'first_name' => 'Manish',
  'mc_fee' => '0.00',
  'address_country_code' => 'US',
  'address_name' => 'Manish Khanchandani',
  'notify_version' => '3.8',
  'reason_code' => 'refund',
  'custom' => '{"amount":"0.1","deposit":"2","adminFees":"0.010000000000000002","paypalFees":"0.00035000000000000005","netFees":"0.01","record_id":"64525B18-486F-5DA7-93C1-9694AE05D828","user_id":"112913147917981568678"}',
  'business' => 'renu09@live.com',
  'address_country' => 'United States',
  'address_city' => 'San Jose',
  'verify_sign' => 'AYxRX3nk2MuLHI32DUCtwEkSKrcWAelhrz-1Pk-0EGOsEsp1a2QSE-Q4',
  'payer_email' => 'finance@mkgalaxy.com',
  'parent_txn_id' => '26D69333WB420640W',
  'txn_id' => '90G80251MB882172J',
  'payment_type' => 'instant',
  'last_name' => 'Khanchandani',
  'address_state' => 'CA',
  'receiver_email' => 'renu09@live.com',
  'payment_fee' => '0.00',
  'receiver_id' => 'C6MWTH29LK9P4',
  'item_name' => 'Admin Fees',
  'mc_currency' => 'USD',
  'item_number' => '1011',
  'residence_country' => 'US',
  'handling_amount' => '0.00',
  'transaction_subject' => '{"amount":"0.1","deposit":"2","adminFees":"0.010000000000000002","paypalFees":"0.00035000000000000005","netFees":"0.01","record_id":"64525B18-486F-5DA7-93C1-9694AE05D828","user_id":"112913147917981568678"}',
  'payment_gross' => '-0.01',
  'shipping' => '0.00',
  'ipn_track_id' => 'ec70eb7a5167a',
)
