[2015-11-13 17:01 UTC] HTTP request of validation request:POST /cgi-bin/webscr HTTP/1.1
Host: www.paypal.com
Accept: */*
Connection: Close
Content-Length: 854
Content-Type: application/x-www-form-urlencoded

 for IPN payload: cmd=_notify-validate&mc_gross=200.00&protection_eligibility=Eligible&address_status=unconfirmed&payer_id=2HE739ZGE89MS&address_street=5505+south+grove+st++%2334&payment_date=09%3A01%3A06+Nov+13%2C+2015+PST&payment_status=Completed&charset=windows-1252&address_zip=95677&first_name=james&mc_fee=6.10&address_country_code=US&address_name=james+sansom&notify_version=3.8&payer_status=unverified&business=renu09%40live.com&address_country=United+States&address_city=rocklin&verify_sign=AbnD4dAi6EP9cWS4GSs0zL7pRo1aAtjRFurlyq8VNG2nBmMDZBSw.Fiu&payer_email=jd.sansom%40gmail.com&txn_id=8D316271TA351910E&payment_type=instant&last_name=sansom&address_state=CA&receiver_email=renu09%40live.com&payment_fee=6.10&receiver_id=C6MWTH29LK9P4&txn_type=send_money&mc_currency=USD&residence_country=US&transaction_subject=&payment_gross=200.00&ipn_track_id=b7ab6d661ebda
[2015-11-13 17:01 UTC] HTTP response of validation request: HTTP/1.1 200 OK
Server: Apache
X-Frame-Options: SAMEORIGIN
Cache-Control: max-age=0, no-cache, no-store, must-revalidate
Pragma: no-cache
Paypal-Debug-Id: 8753703248c57
Cache-Control: max-age=0, no-cache, no-store, must-revalidate
Pragma: no-cache
Content-Type: text/html; charset=UTF-8
DC: slc-b-origin-www-2.paypal.com
Date: Fri, 13 Nov 2015 17:01:14 GMT
Content-Length: 8
Connection: close
Set-Cookie: cwrClyrK4LoCV1fydGbAxiNL6iG=lph7HCgXI8li9RNPU7JVV62sXP5vUQt3BUhFgg59yIvri6zCm06RWXq8sUdoeYNcap3TX1PetLqCGFHHOV-aBq-75uVNqE9jQ4buAjwI20oMqzMzkq8fbRnZyNYdwhpWntomt-X6Uw84IwZM1KyedpfditDSfB95ERzZEFw4tXqLEHVwXMLIdtr42MzvbIeJuots0QW_yIM89mKIntUGrs7CQ0aFEZvw4gYJ2FWdNnoYoz2ts722cV6qYhdiLWyaBbd24pGxJaAjsec4dYWDtGck1BoOxKuz0GAuNno5kyVB33OGNTHVFxDFZwSc5VydTYvwxxM-1tA89iXnv6LluqAMH3CNGiAKOhwO6wuk4NQZkA-ASXqRV2fYhbmGFj11z0LJ2GoWAbxyOMtO_Shax5LsqvICgElPfFbfl3a3cySVyF8NgADgleahrw0; domain=.paypal.com; path=/; Secure; HttpOnly
Set-Cookie: cookie_check=yes; expires=Mon, 10-Nov-2025 17:01:14 GMT; domain=.paypal.com; path=/; Secure; HttpOnly
Set-Cookie: navcmd=_notify-validate; domain=.paypal.com; path=/; Secure; HttpOnly
Set-Cookie: navlns=0.0; expires=Sun, 12-Nov-2017 17:01:14 GMT; domain=.paypal.com; path=/; Secure; HttpOnly
Set-Cookie: Apache=10.74.8.137.1447434074310746; path=/; expires=Sun, 05-Nov-45 17:01:14 GMT
Set-Cookie: X-PP-SILOVER=name%3DLIVE6.WEB.1%26silo_version%3D880%26app%3Dappdispatcher%26TIME%3D1511474774; domain=.paypal.com; path=/; Secure; HttpOnly
Set-Cookie: X-PP-SILOVER=; Expires=Thu, 01 Jan 1970 00:00:01 GMT
Set-Cookie: Apache=10.74.8.63.1447434074297872; path=/; expires=Sun, 05-Nov-45 17:01:14 GMT
Set-Cookie: AKDC=slc-b-origin-www-2.paypal.com; expires=Fri, 13-Nov-2015 17:31:14 GMT; path=/; secure
Strict-Transport-Security: max-age=63072000

VERIFIED
[2015-11-13 17:01 UTC] Post Data:  array (
  'mc_gross' => '200.00',
  'protection_eligibility' => 'Eligible',
  'address_status' => 'unconfirmed',
  'payer_id' => '2HE739ZGE89MS',
  'address_street' => '5505 south grove st  #34',
  'payment_date' => '09:01:06 Nov 13, 2015 PST',
  'payment_status' => 'Completed',
  'charset' => 'windows-1252',
  'address_zip' => '95677',
  'first_name' => 'james',
  'mc_fee' => '6.10',
  'address_country_code' => 'US',
  'address_name' => 'james sansom',
  'notify_version' => '3.8',
  'payer_status' => 'unverified',
  'business' => 'renu09@live.com',
  'address_country' => 'United States',
  'address_city' => 'rocklin',
  'verify_sign' => 'AbnD4dAi6EP9cWS4GSs0zL7pRo1aAtjRFurlyq8VNG2nBmMDZBSw.Fiu',
  'payer_email' => 'jd.sansom@gmail.com',
  'txn_id' => '8D316271TA351910E',
  'payment_type' => 'instant',
  'last_name' => 'sansom',
  'address_state' => 'CA',
  'receiver_email' => 'renu09@live.com',
  'payment_fee' => '6.10',
  'receiver_id' => 'C6MWTH29LK9P4',
  'txn_type' => 'send_money',
  'mc_currency' => 'USD',
  'residence_country' => 'US',
  'transaction_subject' => '',
  'payment_gross' => '200.00',
  'ipn_track_id' => 'b7ab6d661ebda',
)
[2015-11-13 17:01 UTC] Update Query:  
[2015-11-13 17:01 UTC] Verified IPN: cmd=_notify-validate&mc_gross=200.00&protection_eligibility=Eligible&address_status=unconfirmed&payer_id=2HE739ZGE89MS&address_street=5505+south+grove+st++%2334&payment_date=09%3A01%3A06+Nov+13%2C+2015+PST&payment_status=Completed&charset=windows-1252&address_zip=95677&first_name=james&mc_fee=6.10&address_country_code=US&address_name=james+sansom&notify_version=3.8&payer_status=unverified&business=renu09%40live.com&address_country=United+States&address_city=rocklin&verify_sign=AbnD4dAi6EP9cWS4GSs0zL7pRo1aAtjRFurlyq8VNG2nBmMDZBSw.Fiu&payer_email=jd.sansom%40gmail.com&txn_id=8D316271TA351910E&payment_type=instant&last_name=sansom&address_state=CA&receiver_email=renu09%40live.com&payment_fee=6.10&receiver_id=C6MWTH29LK9P4&txn_type=send_money&mc_currency=USD&residence_country=US&transaction_subject=&payment_gross=200.00&ipn_track_id=b7ab6d661ebda 
[2015-12-12 20:26 UTC] HTTP request of validation request:POST /cgi-bin/webscr HTTP/1.1
Host: www.paypal.com
Accept: */*
Connection: Close
Content-Length: 641
Content-Type: application/x-www-form-urlencoded

 for IPN payload: cmd=_notify-validate&transaction_subject=&txn_type=send_money&payment_date=12%3A26%3A48+Dec+12%2C+2015+PST&last_name=Encarnacion&residence_country=US&payment_gross=27.00&mc_currency=USD&business=renu09%40live.com&payment_type=instant&protection_eligibility=Ineligible&verify_sign=AUhHxxoHVJnXwS-zk7UF5Hg9I.HIAKc3lQBZWGKGvki5zrdilHnrRhh6&payer_status=verified&payer_email=victore2010%40yahoo.com&txn_id=8MU397303J773653U&receiver_email=renu09%40live.com&first_name=Victor&payer_id=TB2E37PKW6B3C&receiver_id=C6MWTH29LK9P4&memo=thank+you&payment_status=Completed&mc_gross=27.00&charset=windows-1252&notify_version=3.8&ipn_track_id=dba2201cb5ac5
[2015-12-12 20:26 UTC] HTTP response of validation request: HTTP/1.1 200 OK
Server: Apache
X-Frame-Options: SAMEORIGIN
Paypal-Debug-Id: bf9dd3d82ed7b
Cache-Control: max-age=0, no-cache, no-store, must-revalidate
Pragma: no-cache
Content-Type: text/html; charset=UTF-8
DC: dcg12-origin-www-1.paypal.com
Date: Sat, 12 Dec 2015 20:26:59 GMT
Content-Length: 8
Connection: close
Set-Cookie: cwrClyrK4LoCV1fydGbAxiNL6iG=WXSOUax06layXOeDRqLG4d1Rjj58a1P0_RK7O4Z_MSYIBFo8XATgQ_CfPDspzz_i5JmEXsfPgz0B5f1p-3-sUbLnOWx54zs4zs45N_eI2yIcRQJdUG1ALtpFg6yGmdSwP65SjI3wSSM-wzQTdNvENKDzjs4aQ1kGL071gqF82asBWDU96N2_tenqjBCydYbqjGNQ7OjFTdQ7S7RlaXUyqkLQERHbZh3Juvv9w1eFcjWfdkX0qI4eFwWOL5TynexWxTXx4wfmO_OGYzpNIJJoXFk0vw2wAmV6dVglbvjYT4vsm-stKHgI8MsVi1bT2qLbsThoX-IVtTffZ_za6LLDK8Ybg6q-nPm8S7aF8LhHtAQH9gn1eFaQj9qkzkn8--NYb5j3fcZMMe3DrGL3nVxfjivhRJ9xZT4-IBFjUtJiQwk4znuw-TBNlNMBoqy; domain=.paypal.com; path=/; Secure; HttpOnly
Set-Cookie: cookie_check=yes; expires=Tue, 09-Dec-2025 20:26:59 GMT; domain=.paypal.com; path=/; Secure; HttpOnly
Set-Cookie: navcmd=_notify-validate; domain=.paypal.com; path=/; Secure; HttpOnly
Set-Cookie: navlns=0.0; expires=Mon, 11-Dec-2017 20:26:59 GMT; domain=.paypal.com; path=/; Secure; HttpOnly
Set-Cookie: X-PP-SILOVER=name%3DLIVE11.WEB.1%26silo_version%3D880%26app%3Dappdispatcher%26TIME%3D327380054; domain=.paypal.com; path=/; Secure; HttpOnly
Set-Cookie: X-PP-SILOVER=; Expires=Thu, 01 Jan 1970 00:00:01 GMT
Set-Cookie: Apache=10.17.1.10.1449952019191693; path=/; expires=Mon, 04-Dec-45 20:26:59 GMT
Set-Cookie: AKDC=dcg12-origin-www-1.paypal.com; expires=Sat, 12-Dec-2015 20:56:59 GMT; path=/; secure
Strict-Transport-Security: max-age=63072000

VERIFIED
[2015-12-12 20:26 UTC] Post Data:  array (
  'transaction_subject' => '',
  'txn_type' => 'send_money',
  'payment_date' => '12:26:48 Dec 12, 2015 PST',
  'last_name' => 'Encarnacion',
  'residence_country' => 'US',
  'payment_gross' => '27.00',
  'mc_currency' => 'USD',
  'business' => 'renu09@live.com',
  'payment_type' => 'instant',
  'protection_eligibility' => 'Ineligible',
  'verify_sign' => 'AUhHxxoHVJnXwS-zk7UF5Hg9I.HIAKc3lQBZWGKGvki5zrdilHnrRhh6',
  'payer_status' => 'verified',
  'payer_email' => 'victore2010@yahoo.com',
  'txn_id' => '8MU397303J773653U',
  'receiver_email' => 'renu09@live.com',
  'first_name' => 'Victor',
  'payer_id' => 'TB2E37PKW6B3C',
  'receiver_id' => 'C6MWTH29LK9P4',
  'memo' => 'thank you',
  'payment_status' => 'Completed',
  'mc_gross' => '27.00',
  'charset' => 'windows-1252',
  'notify_version' => '3.8',
  'ipn_track_id' => 'dba2201cb5ac5',
)
[2015-12-12 20:26 UTC] Update Query:  
[2015-12-12 20:26 UTC] Verified IPN: cmd=_notify-validate&transaction_subject=&txn_type=send_money&payment_date=12%3A26%3A48+Dec+12%2C+2015+PST&last_name=Encarnacion&residence_country=US&payment_gross=27.00&mc_currency=USD&business=renu09%40live.com&payment_type=instant&protection_eligibility=Ineligible&verify_sign=AUhHxxoHVJnXwS-zk7UF5Hg9I.HIAKc3lQBZWGKGvki5zrdilHnrRhh6&payer_status=verified&payer_email=victore2010%40yahoo.com&txn_id=8MU397303J773653U&receiver_email=renu09%40live.com&first_name=Victor&payer_id=TB2E37PKW6B3C&receiver_id=C6MWTH29LK9P4&memo=thank+you&payment_status=Completed&mc_gross=27.00&charset=windows-1252&notify_version=3.8&ipn_track_id=dba2201cb5ac5 
[2015-12-19 20:05 UTC] HTTP request of validation request:POST /cgi-bin/webscr HTTP/1.1
Host: www.paypal.com
Accept: */*
Connection: Close
Content-Length: 979
Content-Type: application/x-www-form-urlencoded

 for IPN payload: cmd=_notify-validate&mc_gross=50.00&protection_eligibility=Eligible&address_status=confirmed&payer_id=CDNLG7FJNNYE8&address_street=413+B+Frederick+st.&payment_date=12%3A04%3A58+Dec+19%2C+2015+PST&payment_status=Completed&charset=windows-1252&address_zip=94117&first_name=akyya&mc_fee=1.75&address_country_code=US&address_name=akyya+mayberry&notify_version=3.8&subscr_id=I-NMVTHELYJLBT&payer_status=verified&business=renu09%40live.com&address_country=United+States&address_city=San+Francisco&verify_sign=As5RJyl8TwFUTBETq4rcA1i3O-ENAN8W73qCpN7BfaTgrSbSCGVHvT7m&payer_email=a_luv_45%40yahoo.com&txn_id=6TF38261BE590793J&payment_type=instant&btn_id=106518726&last_name=mayberry&address_state=CA&receiver_email=renu09%40live.com&payment_fee=1.75&receiver_id=C6MWTH29LK9P4&txn_type=subscr_payment&item_name=Weekly+Web+Development+Course&mc_currency=USD&item_number=3&residence_country=US&transaction_subject=Weekly+Web+Development+Course&payment_gross=50.00&ipn_track_id=1c01187346ad3
[2015-12-19 20:05 UTC] HTTP response of validation request: HTTP/1.1 200 OK
Server: Apache
X-Frame-Options: SAMEORIGIN
Cache-Control: max-age=0, no-cache, no-store, must-revalidate
Pragma: no-cache
Paypal-Debug-Id: 2d9d6625b4cdc
Cache-Control: max-age=0, no-cache, no-store, must-revalidate
Pragma: no-cache
Content-Type: text/html; charset=UTF-8
DC: slc-b-origin-www-1.paypal.com
Date: Sat, 19 Dec 2015 20:05:03 GMT
Content-Length: 8
Connection: close
Set-Cookie: cwrClyrK4LoCV1fydGbAxiNL6iG=EtWwMTowvd36gI77VwuVOpsu-nV07ilZz8VU9zEjV3OxG7fDA9s1Ee_BzfH0BCvbvtth-rSLfYZyqmPAA9EBWIEwBrhbChyLNQZZgaIq2R8HtHtr24zeIqXHsgy9JMGmBTqwlBlK4O2cNjZRYSHto90vxXYg6cIoMhiLNo_kaPmREuI6b0FJIQkOYKX_TUd400pBNrKsj-hk6khJ2s4QsP0i7c7biOqgwIw_Xe7l-hVvA6TD_doq7zSKhlR8DWGGSFFoeWq-aP9A2nE1vJTAuphLRz95drcNY5zcMy-kuz3_vFiBGR4mIOg938lE8GDK_2fsRRAMCtYNorlJ22jeKVrbCKy4m-7J8BBKx3HolA7UVH8ZLiTHsUV66yG3K5uCr6WVmiSsKvloo05AJiZDGcPtq5TW7clsJAHOJw5Nt2Z7IdoDFv_yf6xhUJ0; domain=.paypal.com; path=/; Secure; HttpOnly
Set-Cookie: cookie_check=yes; expires=Tue, 16-Dec-2025 20:05:03 GMT; domain=.paypal.com; path=/; Secure; HttpOnly
Set-Cookie: navcmd=_notify-validate; domain=.paypal.com; path=/; Secure; HttpOnly
Set-Cookie: navlns=0.0; expires=Mon, 18-Dec-2017 20:05:03 GMT; domain=.paypal.com; path=/; Secure; HttpOnly
Set-Cookie: X-PP-SILOVER=name%3DLIVE6.WEB.1%26silo_version%3D880%26app%3Dappdispatcher%26TIME%3D1857582422; domain=.paypal.com; path=/; Secure; HttpOnly
Set-Cookie: X-PP-SILOVER=; Expires=Thu, 01 Jan 1970 00:00:01 GMT
Set-Cookie: Apache=10.74.8.39.1450555502740370; path=/; expires=Mon, 11-Dec-45 20:05:02 GMT
Set-Cookie: AKDC=slc-b-origin-www-1.paypal.com; expires=Sat, 19-Dec-2015 20:35:03 GMT; path=/; secure
Strict-Transport-Security: max-age=63072000

VERIFIED
[2015-12-19 20:05 UTC] Post Data:  array (
  'mc_gross' => '50.00',
  'protection_eligibility' => 'Eligible',
  'address_status' => 'confirmed',
  'payer_id' => 'CDNLG7FJNNYE8',
  'address_street' => '413 B Frederick st.',
  'payment_date' => '12:04:58 Dec 19, 2015 PST',
  'payment_status' => 'Completed',
  'charset' => 'windows-1252',
  'address_zip' => '94117',
  'first_name' => 'akyya',
  'mc_fee' => '1.75',
  'address_country_code' => 'US',
  'address_name' => 'akyya mayberry',
  'notify_version' => '3.8',
  'subscr_id' => 'I-NMVTHELYJLBT',
  'payer_status' => 'verified',
  'business' => 'renu09@live.com',
  'address_country' => 'United States',
  'address_city' => 'San Francisco',
  'verify_sign' => 'As5RJyl8TwFUTBETq4rcA1i3O-ENAN8W73qCpN7BfaTgrSbSCGVHvT7m',
  'payer_email' => 'a_luv_45@yahoo.com',
  'txn_id' => '6TF38261BE590793J',
  'payment_type' => 'instant',
  'btn_id' => '106518726',
  'last_name' => 'mayberry',
  'address_state' => 'CA',
  'receiver_email' => 'renu09@live.com',
  'payment_fee' => '1.75',
  'receiver_id' => 'C6MWTH29LK9P4',
  'txn_type' => 'subscr_payment',
  'item_name' => 'Weekly Web Development Course',
  'mc_currency' => 'USD',
  'item_number' => '3',
  'residence_country' => 'US',
  'transaction_subject' => 'Weekly Web Development Course',
  'payment_gross' => '50.00',
  'ipn_track_id' => '1c01187346ad3',
)
[2015-12-19 20:05 UTC] Update Query:  
[2015-12-19 20:05 UTC] Verified IPN: cmd=_notify-validate&mc_gross=50.00&protection_eligibility=Eligible&address_status=confirmed&payer_id=CDNLG7FJNNYE8&address_street=413+B+Frederick+st.&payment_date=12%3A04%3A58+Dec+19%2C+2015+PST&payment_status=Completed&charset=windows-1252&address_zip=94117&first_name=akyya&mc_fee=1.75&address_country_code=US&address_name=akyya+mayberry&notify_version=3.8&subscr_id=I-NMVTHELYJLBT&payer_status=verified&business=renu09%40live.com&address_country=United+States&address_city=San+Francisco&verify_sign=As5RJyl8TwFUTBETq4rcA1i3O-ENAN8W73qCpN7BfaTgrSbSCGVHvT7m&payer_email=a_luv_45%40yahoo.com&txn_id=6TF38261BE590793J&payment_type=instant&btn_id=106518726&last_name=mayberry&address_state=CA&receiver_email=renu09%40live.com&payment_fee=1.75&receiver_id=C6MWTH29LK9P4&txn_type=subscr_payment&item_name=Weekly+Web+Development+Course&mc_currency=USD&item_number=3&residence_country=US&transaction_subject=Weekly+Web+Development+Course&payment_gross=50.00&ipn_track_id=1c01187346ad3 
[2015-12-19 20:05 UTC] HTTP request of validation request:POST /cgi-bin/webscr HTTP/1.1
Host: www.paypal.com
Accept: */*
Connection: Close
Content-Length: 801
Content-Type: application/x-www-form-urlencoded

 for IPN payload: cmd=_notify-validate&txn_type=subscr_signup&subscr_id=I-NMVTHELYJLBT&last_name=mayberry&residence_country=US&mc_currency=USD&item_name=Weekly+Web+Development+Course&business=renu09%40live.com&amount3=50.00&recurring=1&address_street=413+B+Frederick+st.&verify_sign=ARf21q9GcKlJUPN0o6wAcwZZKI2NAyMhQNNjnwLLarmmez12M5DL8F4B&payer_status=verified&payer_email=a_luv_45%40yahoo.com&address_status=confirmed&first_name=akyya&receiver_email=renu09%40live.com&address_country_code=US&payer_id=CDNLG7FJNNYE8&address_city=San+Francisco&reattempt=1&item_number=3&address_state=CA&subscr_date=12%3A04%3A55+Dec+19%2C+2015+PST&btn_id=106518726&address_zip=94117&charset=windows-1252&notify_version=3.8&period3=1+W&address_country=United+States&mc_amount3=50.00&address_name=akyya+mayberry&ipn_track_id=1c01187346ad3
[2015-12-19 20:05 UTC] HTTP response of validation request: HTTP/1.1 200 OK
Server: Apache
X-Frame-Options: SAMEORIGIN
Cache-Control: max-age=0, no-cache, no-store, must-revalidate
Pragma: no-cache
Paypal-Debug-Id: 207324bf2f1fc
Cache-Control: max-age=0, no-cache, no-store, must-revalidate
Pragma: no-cache
Content-Type: text/html; charset=UTF-8
DC: slc-b-origin-www-1.paypal.com
Date: Sat, 19 Dec 2015 20:05:04 GMT
Content-Length: 8
Connection: close
Set-Cookie: cwrClyrK4LoCV1fydGbAxiNL6iG=ZW7RWRbdCgnzOes9rgpRpnjLyLHmU4mTel2ByakgeX-4G4tl3o8U1sLzY8FNG4CJUHlaaQz4IiDAKb3aFsj3p410rpJPabA2iYsT1FTQ28lhGj9bj73_LSSemTMMehzlt9LlmlOSR1K4HDcmpfra-uGpRc66ZndfzUQ7Q6qImLlU3Se-EmwKph8YYJ0aJUwl1off5sjqirreSD3bjCdHz-6QeEtD6Jg7OAhSvWBAeSJyn2kcvAdlzzb6scY334dwAeJiSMaU_teFR53b3ilLdVMFirFQO53q8oE_iSc-n6uSt8BUyNYEh8S7JCtUZCM0_rf0RsLh9xqeXfxUpKmuZNoKjS1LXoH5Rqkbi19YZ2yIQdTuv0KWXhRf2E3Slp6bw6FFBOEvQaK9C8CuRAp6Tspk3vXNAuu21Gkwnmrxlc6nZX_uuAQtMP11dhO; domain=.paypal.com; path=/; Secure; HttpOnly
Set-Cookie: cookie_check=yes; expires=Tue, 16-Dec-2025 20:05:04 GMT; domain=.paypal.com; path=/; Secure; HttpOnly
Set-Cookie: navcmd=_notify-validate; domain=.paypal.com; path=/; Secure; HttpOnly
Set-Cookie: navlns=0.0; expires=Mon, 18-Dec-2017 20:05:04 GMT; domain=.paypal.com; path=/; Secure; HttpOnly
Set-Cookie: X-PP-SILOVER=name%3DLIVE6.WEB.1%26silo_version%3D880%26app%3Dappdispatcher%26TIME%3D1891136854; domain=.paypal.com; path=/; Secure; HttpOnly
Set-Cookie: X-PP-SILOVER=; Expires=Thu, 01 Jan 1970 00:00:01 GMT
Set-Cookie: Apache=10.74.8.36.1450555504192729; path=/; expires=Mon, 11-Dec-45 20:05:04 GMT
Set-Cookie: AKDC=slc-b-origin-www-1.paypal.com; expires=Sat, 19-Dec-2015 20:35:04 GMT; path=/; secure
Strict-Transport-Security: max-age=63072000

VERIFIED
[2015-12-19 20:05 UTC] Post Data:  array (
  'txn_type' => 'subscr_signup',
  'subscr_id' => 'I-NMVTHELYJLBT',
  'last_name' => 'mayberry',
  'residence_country' => 'US',
  'mc_currency' => 'USD',
  'item_name' => 'Weekly Web Development Course',
  'business' => 'renu09@live.com',
  'amount3' => '50.00',
  'recurring' => '1',
  'address_street' => '413 B Frederick st.',
  'verify_sign' => 'ARf21q9GcKlJUPN0o6wAcwZZKI2NAyMhQNNjnwLLarmmez12M5DL8F4B',
  'payer_status' => 'verified',
  'payer_email' => 'a_luv_45@yahoo.com',
  'address_status' => 'confirmed',
  'first_name' => 'akyya',
  'receiver_email' => 'renu09@live.com',
  'address_country_code' => 'US',
  'payer_id' => 'CDNLG7FJNNYE8',
  'address_city' => 'San Francisco',
  'reattempt' => '1',
  'item_number' => '3',
  'address_state' => 'CA',
  'subscr_date' => '12:04:55 Dec 19, 2015 PST',
  'btn_id' => '106518726',
  'address_zip' => '94117',
  'charset' => 'windows-1252',
  'notify_version' => '3.8',
  'period3' => '1 W',
  'address_country' => 'United States',
  'mc_amount3' => '50.00',
  'address_name' => 'akyya mayberry',
  'ipn_track_id' => '1c01187346ad3',
)
[2015-12-19 20:05 UTC] Update Query:  
[2015-12-19 20:05 UTC] Verified IPN: cmd=_notify-validate&txn_type=subscr_signup&subscr_id=I-NMVTHELYJLBT&last_name=mayberry&residence_country=US&mc_currency=USD&item_name=Weekly+Web+Development+Course&business=renu09%40live.com&amount3=50.00&recurring=1&address_street=413+B+Frederick+st.&verify_sign=ARf21q9GcKlJUPN0o6wAcwZZKI2NAyMhQNNjnwLLarmmez12M5DL8F4B&payer_status=verified&payer_email=a_luv_45%40yahoo.com&address_status=confirmed&first_name=akyya&receiver_email=renu09%40live.com&address_country_code=US&payer_id=CDNLG7FJNNYE8&address_city=San+Francisco&reattempt=1&item_number=3&address_state=CA&subscr_date=12%3A04%3A55+Dec+19%2C+2015+PST&btn_id=106518726&address_zip=94117&charset=windows-1252&notify_version=3.8&period3=1+W&address_country=United+States&mc_amount3=50.00&address_name=akyya+mayberry&ipn_track_id=1c01187346ad3 
[2015-12-19 21:40 UTC] HTTP request of validation request:POST /cgi-bin/webscr HTTP/1.1
Host: www.paypal.com
Accept: */*
Connection: Close
Content-Length: 801
Content-Type: application/x-www-form-urlencoded

 for IPN payload: cmd=_notify-validate&txn_type=subscr_cancel&subscr_id=I-NMVTHELYJLBT&last_name=mayberry&residence_country=US&mc_currency=USD&item_name=Weekly+Web+Development+Course&business=renu09%40live.com&amount3=50.00&recurring=1&address_street=413+B+Frederick+st.&verify_sign=AtN1s62hWZWVqdhCHGYkvWWZWszaAcMu4UpRt9j5C7vQ-ISM-ISZFKAz&payer_status=verified&payer_email=a_luv_45%40yahoo.com&address_status=confirmed&first_name=akyya&receiver_email=renu09%40live.com&address_country_code=US&payer_id=CDNLG7FJNNYE8&address_city=San+Francisco&reattempt=1&item_number=3&address_state=CA&subscr_date=13%3A40%3A46+Dec+19%2C+2015+PST&btn_id=106518726&address_zip=94117&charset=windows-1252&notify_version=3.8&period3=1+W&address_country=United+States&mc_amount3=50.00&address_name=akyya+mayberry&ipn_track_id=42d974c0327f6
[2015-12-19 21:40 UTC] HTTP response of validation request: HTTP/1.1 200 OK
Server: Apache
X-Frame-Options: SAMEORIGIN
Paypal-Debug-Id: 770f77a04a47
Cache-Control: max-age=0, no-cache, no-store, must-revalidate
Pragma: no-cache
Content-Type: text/html; charset=UTF-8
DC: dcg11-origin-www.paypal.com
Date: Sat, 19 Dec 2015 21:40:51 GMT
Content-Length: 8
Connection: close
Set-Cookie: cwrClyrK4LoCV1fydGbAxiNL6iG=B_FKZ8dF_M87m71lTm2Bg5YIWZTGm-eQFrqqC1OIMcDq1LBNVKrFLFtFXZGIAP2fb8zeuSQj2lvqkmVyPlkqeTC6OFh3hG7NDH0WJZUhNCxKbJzK1vyBd7yy7mmetMAmqHcAgbwDWo4jc-wI2SsH44-bpuKIa-NHt4PZW-j8DBentowkRvrnzkmfNxAAJv18b2uNijWgBqiXhk8gPC1HK6r25CIrhWn4LnNcEANsfO6pqIPji1gBWU2FiWwYF6T1Xty_Xzyf7TdBLfCNbx6ivZ0jC8FomlQq1SQ1QnQvMQVfhGf7F0BqlwvNpQeo1w6XXL-MQrGHSFnhw-sbMhK6R4eynI32V_3pQkvfOrpLi1aOccHxDZ3lovhWDAwxn4bVmQj00IZ6WYPrsfyU457_vYDBicc_ndCXNmMJ8_Vqhne_tYMVKqFNjma_khW; domain=.paypal.com; path=/; Secure; HttpOnly
Set-Cookie: cookie_check=yes; expires=Tue, 16-Dec-2025 21:40:51 GMT; domain=.paypal.com; path=/; Secure; HttpOnly
Set-Cookie: navcmd=_notify-validate; domain=.paypal.com; path=/; Secure; HttpOnly
Set-Cookie: navlns=0.0; expires=Mon, 18-Dec-2017 21:40:51 GMT; domain=.paypal.com; path=/; Secure; HttpOnly
Set-Cookie: X-PP-SILOVER=name%3DLIVE9.WEB.1%26silo_version%3D880%26app%3Dappdispatcher%26TIME%3D3821958486; domain=.paypal.com; path=/; Secure; HttpOnly
Set-Cookie: X-PP-SILOVER=; Expires=Thu, 01 Jan 1970 00:00:01 GMT
Set-Cookie: Apache=10.16.1.4.1450561251018763; path=/; expires=Mon, 11-Dec-45 21:40:51 GMT
Set-Cookie: AKDC=dcg11-origin-www.paypal.com; expires=Sat, 19-Dec-2015 22:10:51 GMT; path=/; secure
Strict-Transport-Security: max-age=63072000

VERIFIED
[2015-12-19 21:40 UTC] Post Data:  array (
  'txn_type' => 'subscr_cancel',
  'subscr_id' => 'I-NMVTHELYJLBT',
  'last_name' => 'mayberry',
  'residence_country' => 'US',
  'mc_currency' => 'USD',
  'item_name' => 'Weekly Web Development Course',
  'business' => 'renu09@live.com',
  'amount3' => '50.00',
  'recurring' => '1',
  'address_street' => '413 B Frederick st.',
  'verify_sign' => 'AtN1s62hWZWVqdhCHGYkvWWZWszaAcMu4UpRt9j5C7vQ-ISM-ISZFKAz',
  'payer_status' => 'verified',
  'payer_email' => 'a_luv_45@yahoo.com',
  'address_status' => 'confirmed',
  'first_name' => 'akyya',
  'receiver_email' => 'renu09@live.com',
  'address_country_code' => 'US',
  'payer_id' => 'CDNLG7FJNNYE8',
  'address_city' => 'San Francisco',
  'reattempt' => '1',
  'item_number' => '3',
  'address_state' => 'CA',
  'subscr_date' => '13:40:46 Dec 19, 2015 PST',
  'btn_id' => '106518726',
  'address_zip' => '94117',
  'charset' => 'windows-1252',
  'notify_version' => '3.8',
  'period3' => '1 W',
  'address_country' => 'United States',
  'mc_amount3' => '50.00',
  'address_name' => 'akyya mayberry',
  'ipn_track_id' => '42d974c0327f6',
)
[2015-12-19 21:40 UTC] Update Query:  
[2015-12-19 21:40 UTC] Verified IPN: cmd=_notify-validate&txn_type=subscr_cancel&subscr_id=I-NMVTHELYJLBT&last_name=mayberry&residence_country=US&mc_currency=USD&item_name=Weekly+Web+Development+Course&business=renu09%40live.com&amount3=50.00&recurring=1&address_street=413+B+Frederick+st.&verify_sign=AtN1s62hWZWVqdhCHGYkvWWZWszaAcMu4UpRt9j5C7vQ-ISM-ISZFKAz&payer_status=verified&payer_email=a_luv_45%40yahoo.com&address_status=confirmed&first_name=akyya&receiver_email=renu09%40live.com&address_country_code=US&payer_id=CDNLG7FJNNYE8&address_city=San+Francisco&reattempt=1&item_number=3&address_state=CA&subscr_date=13%3A40%3A46+Dec+19%2C+2015+PST&btn_id=106518726&address_zip=94117&charset=windows-1252&notify_version=3.8&period3=1+W&address_country=United+States&mc_amount3=50.00&address_name=akyya+mayberry&ipn_track_id=42d974c0327f6 
[2015-12-20 01:48 UTC] HTTP request of validation request:POST /cgi-bin/webscr HTTP/1.1
Host: www.paypal.com
Accept: */*
Connection: Close
Content-Length: 962
Content-Type: application/x-www-form-urlencoded

 for IPN payload: cmd=_notify-validate&mc_gross=-50.00&protection_eligibility=Eligible&payer_id=CDNLG7FJNNYE8&address_street=413+B+Frederick+st.&payment_date=17%3A48%3A12+Dec+19%2C+2015+PST&payment_status=Refunded&charset=windows-1252&address_zip=94117&first_name=akyya&mc_fee=-1.45&address_country_code=US&address_name=akyya+mayberry&notify_version=3.8&reason_code=refund&subscr_id=I-NMVTHELYJLBT&business=renu09%40live.com&address_country=United+States&address_city=San+Francisco&verify_sign=AsuKHqxr27XAb82mtPetkt5kQsLAAHu5jHk9x6xlwuO8zfQ8.NuHd9aa&payer_email=a_luv_45%40yahoo.com&parent_txn_id=6TF38261BE590793J&txn_id=9ND48010JY435091U&payment_type=instant&btn_id=106518726&last_name=mayberry&address_state=CA&receiver_email=renu09%40live.com&payment_fee=-1.45&receiver_id=C6MWTH29LK9P4&item_name=Weekly+Web+Development+Course&mc_currency=USD&item_number=3&residence_country=US&transaction_subject=Weekly+Web+Development+Course&payment_gross=-50.00&ipn_track_id=c0102428e2b36
[2015-12-20 01:48 UTC] HTTP response of validation request: HTTP/1.1 200 OK
Server: Apache
X-Frame-Options: SAMEORIGIN
Paypal-Debug-Id: 76811af16b798
Cache-Control: max-age=0, no-cache, no-store, must-revalidate
Pragma: no-cache
Content-Type: text/html; charset=UTF-8
DC: dcg11-origin-www-2.paypal.com
Date: Sun, 20 Dec 2015 01:48:18 GMT
Content-Length: 8
Connection: close
Set-Cookie: cwrClyrK4LoCV1fydGbAxiNL6iG=DkIH2sdpm_ZrFPfr4pP8WSVoqVKL6frLuCKE_6AVRCfaEXfq00YuZjtoMlvG1LYuXMnPjorKqq-rbnH1Tf_5rvRpWvVHbH2G22PzMsWne7_urtdlhQtRoaul5nSevec4Cf_gXdFVLreNwgFkTcPcrjNMNeoHd8DHD6iILws15ItPDYKA-1JHtjjeo-zr4jtgu--bQ_liGzqNwlzR9LgirVlaMOjuzsdiCfA9Z1DLWHYqtf-l9oZjB8jJujbjMUaRldyvfshMccI-iPleyWkZSV7lDLLI41udSvjvvOmUlqb9edzpvfEb7tJC0FgnQXlnQsoEwTuV-KKOcvEhj-URBo2pU8GY10B8iv8ux-mcxFz--2RQqHK85Uqo1J8_TGHDVgh7WkD60ghYeLh1LiBAjyTYgYRB3agSIYY2uSWSWCnWpkhSZV0dR_7rLq4; domain=.paypal.com; path=/; Secure; HttpOnly
Set-Cookie: cookie_check=yes; expires=Wed, 17-Dec-2025 01:48:18 GMT; domain=.paypal.com; path=/; Secure; HttpOnly
Set-Cookie: navcmd=_notify-validate; domain=.paypal.com; path=/; Secure; HttpOnly
Set-Cookie: navlns=0.0; expires=Tue, 19-Dec-2017 01:48:18 GMT; domain=.paypal.com; path=/; Secure; HttpOnly
Set-Cookie: X-PP-SILOVER=name%3DLIVE9.WEB.1%26silo_version%3D880%26app%3Dappdispatcher%26TIME%3D3792205398; domain=.paypal.com; path=/; Secure; HttpOnly
Set-Cookie: X-PP-SILOVER=; Expires=Thu, 01 Jan 1970 00:00:01 GMT
Set-Cookie: Apache=10.16.0.220.1450576098440046; path=/; expires=Tue, 12-Dec-45 01:48:18 GMT
Set-Cookie: AKDC=dcg11-origin-www-2.paypal.com; expires=Sun, 20-Dec-2015 02:18:18 GMT; path=/; secure
Strict-Transport-Security: max-age=63072000

VERIFIED
[2015-12-20 01:48 UTC] Post Data:  array (
  'mc_gross' => '-50.00',
  'protection_eligibility' => 'Eligible',
  'payer_id' => 'CDNLG7FJNNYE8',
  'address_street' => '413 B Frederick st.',
  'payment_date' => '17:48:12 Dec 19, 2015 PST',
  'payment_status' => 'Refunded',
  'charset' => 'windows-1252',
  'address_zip' => '94117',
  'first_name' => 'akyya',
  'mc_fee' => '-1.45',
  'address_country_code' => 'US',
  'address_name' => 'akyya mayberry',
  'notify_version' => '3.8',
  'reason_code' => 'refund',
  'subscr_id' => 'I-NMVTHELYJLBT',
  'business' => 'renu09@live.com',
  'address_country' => 'United States',
  'address_city' => 'San Francisco',
  'verify_sign' => 'AsuKHqxr27XAb82mtPetkt5kQsLAAHu5jHk9x6xlwuO8zfQ8.NuHd9aa',
  'payer_email' => 'a_luv_45@yahoo.com',
  'parent_txn_id' => '6TF38261BE590793J',
  'txn_id' => '9ND48010JY435091U',
  'payment_type' => 'instant',
  'btn_id' => '106518726',
  'last_name' => 'mayberry',
  'address_state' => 'CA',
  'receiver_email' => 'renu09@live.com',
  'payment_fee' => '-1.45',
  'receiver_id' => 'C6MWTH29LK9P4',
  'item_name' => 'Weekly Web Development Course',
  'mc_currency' => 'USD',
  'item_number' => '3',
  'residence_country' => 'US',
  'transaction_subject' => 'Weekly Web Development Course',
  'payment_gross' => '-50.00',
  'ipn_track_id' => 'c0102428e2b36',
)
[2015-12-20 01:48 UTC] Update Query:  
[2015-12-20 01:48 UTC] Verified IPN: cmd=_notify-validate&mc_gross=-50.00&protection_eligibility=Eligible&payer_id=CDNLG7FJNNYE8&address_street=413+B+Frederick+st.&payment_date=17%3A48%3A12+Dec+19%2C+2015+PST&payment_status=Refunded&charset=windows-1252&address_zip=94117&first_name=akyya&mc_fee=-1.45&address_country_code=US&address_name=akyya+mayberry&notify_version=3.8&reason_code=refund&subscr_id=I-NMVTHELYJLBT&business=renu09%40live.com&address_country=United+States&address_city=San+Francisco&verify_sign=AsuKHqxr27XAb82mtPetkt5kQsLAAHu5jHk9x6xlwuO8zfQ8.NuHd9aa&payer_email=a_luv_45%40yahoo.com&parent_txn_id=6TF38261BE590793J&txn_id=9ND48010JY435091U&payment_type=instant&btn_id=106518726&last_name=mayberry&address_state=CA&receiver_email=renu09%40live.com&payment_fee=-1.45&receiver_id=C6MWTH29LK9P4&item_name=Weekly+Web+Development+Course&mc_currency=USD&item_number=3&residence_country=US&transaction_subject=Weekly+Web+Development+Course&payment_gross=-50.00&ipn_track_id=c0102428e2b36 
[2015-12-20 06:04 UTC] HTTP request of validation request:POST /cgi-bin/webscr HTTP/1.1
Host: www.paypal.com
Accept: */*
Connection: Close
Content-Length: 704
Content-Type: application/x-www-form-urlencoded

 for IPN payload: cmd=_notify-validate&transaction_subject=&payment_date=22%3A04%3A34+Dec+19%2C+2015+PST&txn_type=send_money&last_name=Li&residence_country=US&payment_gross=200.00&mc_currency=USD&business=renu09%40live.com&payment_type=instant&protection_eligibility=Ineligible&verify_sign=AnVZdAXaP2jTH5o0dsUv9XpQEl-UAL5V4NgmdpNTfNULYTmdPauunsAP&payer_status=verified&payer_email=upthere415415%40hotmail.com&txn_id=6DW71552BB3998923&receiver_email=renu09%40live.com&first_name=Jonathan&payer_id=DRNE97GAMR44Y&receiver_id=C6MWTH29LK9P4&memo=Android+Mobile+Development+Course+-+Jan+2016&payment_status=Completed&payment_fee=6.10&mc_fee=6.10&mc_gross=200.00&charset=windows-1252&notify_version=3.8&ipn_track_id=70c7c3c5bd825
[2015-12-20 06:04 UTC] HTTP response of validation request: HTTP/1.1 200 OK
Server: Apache
X-Frame-Options: SAMEORIGIN
Cache-Control: max-age=0, no-cache, no-store, must-revalidate
Pragma: no-cache
Paypal-Debug-Id: 98b0aaebd280
Cache-Control: max-age=0, no-cache, no-store, must-revalidate
Pragma: no-cache
Content-Type: text/html; charset=UTF-8
DC: slc-b-origin-www-1.paypal.com
Date: Sun, 20 Dec 2015 06:04:45 GMT
Content-Length: 8
Connection: close
Set-Cookie: cwrClyrK4LoCV1fydGbAxiNL6iG=xrWYxyZhAIqmJ4Buo5PvK0c67JS4vqsBwtLnEO6mjr8llh-RNXC1HjmWO4Q4u7Ux1BfifD0e8-vsK6OSxibs0B0cv0Q_AjSacRzUCyUldZfcHRAi0V1dmAdyRB_q1HI8J-Jue1D3C28BsvpLGDIzx13kN8qbBH80Cla7UMwQ5BvdhdN4NiR9yAabdHqh8JH7nXHzKN7tdVpduV5cMrNIYEz06IEAH3q0jAQSl8MJ47mstrPiyib_HOAnpl89jBPcjq5DhO7rN29ruatijLUmfnNSmKqcftKraz94K-Tyi3_vngtIDSmlldCsbOecWoKpvSE3bmt3kxZByixOd1fQ3uvKA3cgfmY4c23fJJZz3LcbAMpd8McbwwIcI8vfZ9LSt-eUcSBgr6hZKt6RGPtdzDu1xlbwigrSkkTY1xsznAAjVKKwrLqvtl2KF5a; domain=.paypal.com; path=/; Secure; HttpOnly
Set-Cookie: cookie_check=yes; expires=Wed, 17-Dec-2025 06:04:45 GMT; domain=.paypal.com; path=/; Secure; HttpOnly
Set-Cookie: navcmd=_notify-validate; domain=.paypal.com; path=/; Secure; HttpOnly
Set-Cookie: navlns=0.0; expires=Tue, 19-Dec-2017 06:04:45 GMT; domain=.paypal.com; path=/; Secure; HttpOnly
Set-Cookie: Apache=10.74.8.134.1450591484787582; path=/; expires=Tue, 12-Dec-45 06:04:44 GMT
Set-Cookie: X-PP-SILOVER=name%3DLIVE6.WEB.1%26silo_version%3D880%26app%3Dappdispatcher%26TIME%3D4232345174; domain=.paypal.com; path=/; Secure; HttpOnly
Set-Cookie: X-PP-SILOVER=; Expires=Thu, 01 Jan 1970 00:00:01 GMT
Set-Cookie: Apache=10.74.8.37.1450591484774220; path=/; expires=Tue, 12-Dec-45 06:04:44 GMT
Set-Cookie: AKDC=slc-b-origin-www-1.paypal.com; expires=Sun, 20-Dec-2015 06:34:45 GMT; path=/; secure
Strict-Transport-Security: max-age=63072000

VERIFIED
[2015-12-20 06:04 UTC] Post Data:  array (
  'transaction_subject' => '',
  'payment_date' => '22:04:34 Dec 19, 2015 PST',
  'txn_type' => 'send_money',
  'last_name' => 'Li',
  'residence_country' => 'US',
  'payment_gross' => '200.00',
  'mc_currency' => 'USD',
  'business' => 'renu09@live.com',
  'payment_type' => 'instant',
  'protection_eligibility' => 'Ineligible',
  'verify_sign' => 'AnVZdAXaP2jTH5o0dsUv9XpQEl-UAL5V4NgmdpNTfNULYTmdPauunsAP',
  'payer_status' => 'verified',
  'payer_email' => 'upthere415415@hotmail.com',
  'txn_id' => '6DW71552BB3998923',
  'receiver_email' => 'renu09@live.com',
  'first_name' => 'Jonathan',
  'payer_id' => 'DRNE97GAMR44Y',
  'receiver_id' => 'C6MWTH29LK9P4',
  'memo' => 'Android Mobile Development Course - Jan 2016',
  'payment_status' => 'Completed',
  'payment_fee' => '6.10',
  'mc_fee' => '6.10',
  'mc_gross' => '200.00',
  'charset' => 'windows-1252',
  'notify_version' => '3.8',
  'ipn_track_id' => '70c7c3c5bd825',
)
[2015-12-20 06:04 UTC] Update Query:  
[2015-12-20 06:04 UTC] Verified IPN: cmd=_notify-validate&transaction_subject=&payment_date=22%3A04%3A34+Dec+19%2C+2015+PST&txn_type=send_money&last_name=Li&residence_country=US&payment_gross=200.00&mc_currency=USD&business=renu09%40live.com&payment_type=instant&protection_eligibility=Ineligible&verify_sign=AnVZdAXaP2jTH5o0dsUv9XpQEl-UAL5V4NgmdpNTfNULYTmdPauunsAP&payer_status=verified&payer_email=upthere415415%40hotmail.com&txn_id=6DW71552BB3998923&receiver_email=renu09%40live.com&first_name=Jonathan&payer_id=DRNE97GAMR44Y&receiver_id=C6MWTH29LK9P4&memo=Android+Mobile+Development+Course+-+Jan+2016&payment_status=Completed&payment_fee=6.10&mc_fee=6.10&mc_gross=200.00&charset=windows-1252&notify_version=3.8&ipn_track_id=70c7c3c5bd825 
[2015-12-26 18:26 UTC] HTTP request of validation request:POST /cgi-bin/webscr HTTP/1.1
Host: www.paypal.com
Accept: */*
Connection: Close
Content-Length: 482
Content-Type: application/x-www-form-urlencoded

 for IPN payload: cmd=_notify-validate&txn_type=subscr_eot&subscr_id=I-NMVTHELYJLBT&last_name=mayberry&residence_country=US&item_name=Weekly+Web+Development+Course&mc_currency=USD&business=renu09%40live.com&verify_sign=ANb3sdFE7i1qiXtGXSgCa0RQ-iVcAS7Xv3RXi1qHDxwKggDU-2aY6h7v&payer_status=verified&payer_email=a_luv_45%40yahoo.com&first_name=akyya&receiver_email=renu09%40live.com&payer_id=CDNLG7FJNNYE8&item_number=3&btn_id=106518726&charset=windows-1252&notify_version=3.8&ipn_track_id=ea6cd669ace3
[2015-12-26 18:26 UTC] HTTP response of validation request: HTTP/1.1 200 OK
Server: Apache
X-Frame-Options: SAMEORIGIN
Paypal-Debug-Id: cb2de278195ff
Cache-Control: max-age=0, no-cache, no-store, must-revalidate
Pragma: no-cache
Content-Type: text/html; charset=UTF-8
DC: dcg12-origin-www-2.paypal.com
Date: Sat, 26 Dec 2015 18:26:31 GMT
Content-Length: 8
Connection: close
Set-Cookie: cwrClyrK4LoCV1fydGbAxiNL6iG=HPxG5JjoPhs7hg_8ZjdpWh8DLSgezttgsVYVJebiWwu32wazCqC6DHuB4LXf3VNJgv609O9z_T0PtHxRXHcGN5Dryy83acRp2nA18BctkB1RmhmKfqeeop_NGXaG3tAC6nAkhqNIaiH-FMg2s_rTpZ8cdj-G-qyNB3cvOmnAVoRgi3qbd6jHJmLf83vUV7zO4xkcUoCnTxZ8H2IEUP0DBfw5HNnkqsp17spfgPhKHds-J-bsdckICh-DLSHFb511IlJCmtQRl3svv-iwRYERkpqG4vQ0_Tvm9ayBZ5MCco1_Z84zNGEmdHDAnz4qM1t9Aihuk3l0ILkmmEVAKxUdx4RuvM_13pUDS-uJ2eIWscaEdP2ckON2EO5C4_yPH20cB8Jdq9UDUxAz5DFhYuAlTu9Yme9vLNcpGDc2OLYphrzAEnhRasbpipjeQIC; domain=.paypal.com; path=/; Secure; HttpOnly
Set-Cookie: cookie_check=yes; expires=Tue, 23-Dec-2025 18:26:31 GMT; domain=.paypal.com; path=/; Secure; HttpOnly
Set-Cookie: navcmd=_notify-validate; domain=.paypal.com; path=/; Secure; HttpOnly
Set-Cookie: navlns=0.0; expires=Mon, 25-Dec-2017 18:26:31 GMT; domain=.paypal.com; path=/; Secure; HttpOnly
Set-Cookie: X-PP-SILOVER=name%3DLIVE11.WEB.1%26silo_version%3D880%26app%3Dappdispatcher%26TIME%3D3621486166; domain=.paypal.com; path=/; Secure; HttpOnly
Set-Cookie: X-PP-SILOVER=; Expires=Thu, 01 Jan 1970 00:00:01 GMT
Set-Cookie: Apache=10.17.1.9.1451154391103737; path=/; expires=Mon, 18-Dec-45 18:26:31 GMT
Set-Cookie: AKDC=dcg12-origin-www-2.paypal.com; expires=Sat, 26-Dec-2015 18:56:31 GMT; path=/; secure
Strict-Transport-Security: max-age=63072000

VERIFIED
[2015-12-26 18:26 UTC] Post Data:  array (
  'txn_type' => 'subscr_eot',
  'subscr_id' => 'I-NMVTHELYJLBT',
  'last_name' => 'mayberry',
  'residence_country' => 'US',
  'item_name' => 'Weekly Web Development Course',
  'mc_currency' => 'USD',
  'business' => 'renu09@live.com',
  'verify_sign' => 'ANb3sdFE7i1qiXtGXSgCa0RQ-iVcAS7Xv3RXi1qHDxwKggDU-2aY6h7v',
  'payer_status' => 'verified',
  'payer_email' => 'a_luv_45@yahoo.com',
  'first_name' => 'akyya',
  'receiver_email' => 'renu09@live.com',
  'payer_id' => 'CDNLG7FJNNYE8',
  'item_number' => '3',
  'btn_id' => '106518726',
  'charset' => 'windows-1252',
  'notify_version' => '3.8',
  'ipn_track_id' => 'ea6cd669ace3',
)
[2015-12-26 18:26 UTC] Update Query:  
[2015-12-26 18:26 UTC] Verified IPN: cmd=_notify-validate&txn_type=subscr_eot&subscr_id=I-NMVTHELYJLBT&last_name=mayberry&residence_country=US&item_name=Weekly+Web+Development+Course&mc_currency=USD&business=renu09%40live.com&verify_sign=ANb3sdFE7i1qiXtGXSgCa0RQ-iVcAS7Xv3RXi1qHDxwKggDU-2aY6h7v&payer_status=verified&payer_email=a_luv_45%40yahoo.com&first_name=akyya&receiver_email=renu09%40live.com&payer_id=CDNLG7FJNNYE8&item_number=3&btn_id=106518726&charset=windows-1252&notify_version=3.8&ipn_track_id=ea6cd669ace3 
[2016-01-05 23:15 UTC] HTTP request of validation request:POST /cgi-bin/webscr HTTP/1.1
Host: www.paypal.com
Accept: */*
Connection: Close
Content-Length: 672
Content-Type: application/x-www-form-urlencoded

 for IPN payload: cmd=_notify-validate&transaction_subject=&txn_type=send_money&payment_date=15%3A14%3A58+Jan+05%2C+2016+PST&last_name=Gajjala&residence_country=US&payment_gross=500.00&mc_currency=USD&business=renu09%40live.com&payment_type=instant&protection_eligibility=Ineligible&verify_sign=AWwTEt6LtOi-FdZplEQG6QlYxrt5AvSd35LYuagtQfNajnb2Vst-NYiL&payer_status=verified&payer_email=abhitejag%40gmail.com&txn_id=6HK89705D3435824K&receiver_email=renu09%40live.com&first_name=Abhiteja&payer_id=ZRGEJAVRKK8X6&receiver_id=C6MWTH29LK9P4&memo=amount+transfer+for+web+development+course&payment_status=Completed&mc_gross=500.00&charset=windows-1252&notify_version=3.8&ipn_track_id=70b527bf85c86
[2016-01-05 23:15 UTC] HTTP response of validation request: HTTP/1.1 200 OK
Server: Apache
X-Frame-Options: SAMEORIGIN
Cache-Control: max-age=0, no-cache, no-store, must-revalidate
Pragma: no-cache
Paypal-Debug-Id: 400f0b7e7a3da
Cache-Control: max-age=0, no-cache, no-store, must-revalidate
Pragma: no-cache
Content-Type: text/html; charset=UTF-8
DC: slc-b-origin-www-2.paypal.com
Date: Tue, 05 Jan 2016 23:15:12 GMT
Content-Length: 8
Connection: close
Set-Cookie: cwrClyrK4LoCV1fydGbAxiNL6iG=CgG4nlyH_tkKsJ5HJkLBuc8-z-N93MmH7gFdeksCoVat6LSvIkghENHx30pLgb19jncN1eWKzeSSxYyd7c1WVk_9GycMwksFeyMbXKpIOIezleuNe8UN8T87V9XTuu-N5vN1lQHwGIg_B_fC-b4K-yWOkYcCJ0eum7D6mCwFuGexAM9dVYjbp-t-Q0WH7ZTK7cYRuyupvDhTys1meJPG5QeGwGJDIYY1wFi8rcumQo4lDxeU98cFqyNb0E8ciGXtfWNIFHa5uKbY4ySk_AFdsq2wvEcDGlzAlNhU35cL9LJAkOP3U5Q47JhEXFVWQXwfNoaTyldr75_rCNgTuzmARBbSgFhiwNknGpUgvm-b5Ox_uVWvZ8qcZU1j239HXOPzgQchlKxn0MyWjICzLfqYMFAHXsZuUlAV-cg-2QgNXYcLjr3aQrfFe84pHqy; domain=.paypal.com; path=/; Secure; HttpOnly
Set-Cookie: cookie_check=yes; expires=Fri, 02-Jan-2026 23:15:12 GMT; domain=.paypal.com; path=/; Secure; HttpOnly
Set-Cookie: navcmd=_notify-validate; domain=.paypal.com; path=/; Secure; HttpOnly
Set-Cookie: navlns=0.0; expires=Thu, 04-Jan-2018 23:15:12 GMT; domain=.paypal.com; path=/; Secure; HttpOnly
Set-Cookie: X-PP-SILOVER=name%3DLIVE6.WEB.1%26silo_version%3D880%26app%3Dappdispatcher%26TIME%3D2152631382; domain=.paypal.com; path=/; Secure; HttpOnly
Set-Cookie: X-PP-SILOVER=; Expires=Thu, 01 Jan 1970 00:00:01 GMT
Set-Cookie: AKDC=slc-b-origin-www-2.paypal.com; expires=Tue, 05-Jan-2016 23:45:12 GMT; path=/; secure
Strict-Transport-Security: max-age=63072000

VERIFIED
[2016-01-05 23:15 UTC] Post Data:  array (
  'transaction_subject' => '',
  'txn_type' => 'send_money',
  'payment_date' => '15:14:58 Jan 05, 2016 PST',
  'last_name' => 'Gajjala',
  'residence_country' => 'US',
  'payment_gross' => '500.00',
  'mc_currency' => 'USD',
  'business' => 'renu09@live.com',
  'payment_type' => 'instant',
  'protection_eligibility' => 'Ineligible',
  'verify_sign' => 'AWwTEt6LtOi-FdZplEQG6QlYxrt5AvSd35LYuagtQfNajnb2Vst-NYiL',
  'payer_status' => 'verified',
  'payer_email' => 'abhitejag@gmail.com',
  'txn_id' => '6HK89705D3435824K',
  'receiver_email' => 'renu09@live.com',
  'first_name' => 'Abhiteja',
  'payer_id' => 'ZRGEJAVRKK8X6',
  'receiver_id' => 'C6MWTH29LK9P4',
  'memo' => 'amount transfer for web development course',
  'payment_status' => 'Completed',
  'mc_gross' => '500.00',
  'charset' => 'windows-1252',
  'notify_version' => '3.8',
  'ipn_track_id' => '70b527bf85c86',
)
[2016-01-05 23:15 UTC] Update Query:  
[2016-01-05 23:15 UTC] Verified IPN: cmd=_notify-validate&transaction_subject=&txn_type=send_money&payment_date=15%3A14%3A58+Jan+05%2C+2016+PST&last_name=Gajjala&residence_country=US&payment_gross=500.00&mc_currency=USD&business=renu09%40live.com&payment_type=instant&protection_eligibility=Ineligible&verify_sign=AWwTEt6LtOi-FdZplEQG6QlYxrt5AvSd35LYuagtQfNajnb2Vst-NYiL&payer_status=verified&payer_email=abhitejag%40gmail.com&txn_id=6HK89705D3435824K&receiver_email=renu09%40live.com&first_name=Abhiteja&payer_id=ZRGEJAVRKK8X6&receiver_id=C6MWTH29LK9P4&memo=amount+transfer+for+web+development+course&payment_status=Completed&mc_gross=500.00&charset=windows-1252&notify_version=3.8&ipn_track_id=70b527bf85c86 
[2016-01-11 21:20 UTC] HTTP request of validation request:POST /cgi-bin/webscr HTTP/1.1
Host: www.paypal.com
Accept: */*
Connection: Close
Content-Length: 979
Content-Type: application/x-www-form-urlencoded

 for IPN payload: cmd=_notify-validate&mc_gross=50.00&protection_eligibility=Eligible&address_status=confirmed&payer_id=CDNLG7FJNNYE8&address_street=413+B+Frederick+st.&payment_date=13%3A20%3A53+Jan+11%2C+2016+PST&payment_status=Completed&charset=windows-1252&address_zip=94117&first_name=akyya&mc_fee=1.75&address_country_code=US&address_name=akyya+mayberry&notify_version=3.8&subscr_id=I-GK3670CJV41G&payer_status=verified&business=renu09%40live.com&address_country=United+States&address_city=San+Francisco&verify_sign=Ahvx7qD-HC4i4qgjLtlLiRLy6-DkAjjwax-FSAsCiFtWLjbMeHdwhdu9&payer_email=a_luv_45%40yahoo.com&txn_id=2Y131935SV588860G&payment_type=instant&btn_id=106518726&last_name=mayberry&address_state=CA&receiver_email=renu09%40live.com&payment_fee=1.75&receiver_id=C6MWTH29LK9P4&txn_type=subscr_payment&item_name=Weekly+Web+Development+Course&mc_currency=USD&item_number=3&residence_country=US&transaction_subject=Weekly+Web+Development+Course&payment_gross=50.00&ipn_track_id=d81d3a60e74fa
[2016-01-11 21:20 UTC] HTTP response of validation request: HTTP/1.1 200 OK
Server: Apache
X-Frame-Options: SAMEORIGIN
Paypal-Debug-Id: 874f47d77c6bd
Cache-Control: max-age=0, no-cache, no-store, must-revalidate
Pragma: no-cache
Content-Type: text/html; charset=UTF-8
DC: dcg11-origin-www-2.paypal.com
Date: Mon, 11 Jan 2016 21:20:58 GMT
Content-Length: 8
Connection: close
Set-Cookie: cwrClyrK4LoCV1fydGbAxiNL6iG=ljW_mBnO800fmIe9FwDLLQVD0Vi0J9BIW9i8R08rU0KeNYuJ2nFHagFJv58Uf1QX8zeEMFYJo03Ka6kDYwjzGDj4w6JkRsX-InXo-6EKbSU5zNpFgf4tcWb2ZfQn43N6oTO9B9ZKyKF7os8zMA5Tsgt59eoRb10EmTu_cR19fGdCTiKQFn0Pn9eFNS3mZaoPR-uNBPyjRO1rcsSu_0m013lNAWugGv5Cghigt831T3JD6IisBewxkZE6MjE9Km5rtN9fbDvbcFEyNFQCDRE59ZX8_Iq5MuUN4n30IABXe3ElDxzyEr8SxYh0Bbm-XjjCRb_AYZrPR5003f1_rUMq77j9qHwgx38sxXAsD1VsN4ydoNoBDGi_TAUgOBJTV1y0HTuSTrSqirRaQ-eurwDYrf9k3EGc0iBt33znoVoT5bBLuQF2-ueB2Ckutcu; domain=.paypal.com; path=/; Secure; HttpOnly
Set-Cookie: cookie_check=yes; expires=Thu, 08-Jan-2026 21:20:58 GMT; domain=.paypal.com; path=/; Secure; HttpOnly
Set-Cookie: navcmd=_notify-validate; domain=.paypal.com; path=/; Secure; HttpOnly
Set-Cookie: navlns=0.0; expires=Wed, 10-Jan-2018 21:20:58 GMT; domain=.paypal.com; path=/; Secure; HttpOnly
Set-Cookie: X-PP-SILOVER=name%3DLIVE9.WEB.1%26silo_version%3D880%26app%3Dappdispatcher%26TIME%3D3122435158; domain=.paypal.com; path=/; Secure; HttpOnly
Set-Cookie: X-PP-SILOVER=; Expires=Thu, 01 Jan 1970 00:00:01 GMT
Set-Cookie: AKDC=dcg11-origin-www-2.paypal.com; expires=Mon, 11-Jan-2016 21:50:58 GMT; path=/; secure
Strict-Transport-Security: max-age=63072000

VERIFIED
[2016-01-11 21:20 UTC] Post Data:  array (
  'mc_gross' => '50.00',
  'protection_eligibility' => 'Eligible',
  'address_status' => 'confirmed',
  'payer_id' => 'CDNLG7FJNNYE8',
  'address_street' => '413 B Frederick st.',
  'payment_date' => '13:20:53 Jan 11, 2016 PST',
  'payment_status' => 'Completed',
  'charset' => 'windows-1252',
  'address_zip' => '94117',
  'first_name' => 'akyya',
  'mc_fee' => '1.75',
  'address_country_code' => 'US',
  'address_name' => 'akyya mayberry',
  'notify_version' => '3.8',
  'subscr_id' => 'I-GK3670CJV41G',
  'payer_status' => 'verified',
  'business' => 'renu09@live.com',
  'address_country' => 'United States',
  'address_city' => 'San Francisco',
  'verify_sign' => 'Ahvx7qD-HC4i4qgjLtlLiRLy6-DkAjjwax-FSAsCiFtWLjbMeHdwhdu9',
  'payer_email' => 'a_luv_45@yahoo.com',
  'txn_id' => '2Y131935SV588860G',
  'payment_type' => 'instant',
  'btn_id' => '106518726',
  'last_name' => 'mayberry',
  'address_state' => 'CA',
  'receiver_email' => 'renu09@live.com',
  'payment_fee' => '1.75',
  'receiver_id' => 'C6MWTH29LK9P4',
  'txn_type' => 'subscr_payment',
  'item_name' => 'Weekly Web Development Course',
  'mc_currency' => 'USD',
  'item_number' => '3',
  'residence_country' => 'US',
  'transaction_subject' => 'Weekly Web Development Course',
  'payment_gross' => '50.00',
  'ipn_track_id' => 'd81d3a60e74fa',
)
[2016-01-11 21:20 UTC] Update Query:  
[2016-01-11 21:20 UTC] Verified IPN: cmd=_notify-validate&mc_gross=50.00&protection_eligibility=Eligible&address_status=confirmed&payer_id=CDNLG7FJNNYE8&address_street=413+B+Frederick+st.&payment_date=13%3A20%3A53+Jan+11%2C+2016+PST&payment_status=Completed&charset=windows-1252&address_zip=94117&first_name=akyya&mc_fee=1.75&address_country_code=US&address_name=akyya+mayberry&notify_version=3.8&subscr_id=I-GK3670CJV41G&payer_status=verified&business=renu09%40live.com&address_country=United+States&address_city=San+Francisco&verify_sign=Ahvx7qD-HC4i4qgjLtlLiRLy6-DkAjjwax-FSAsCiFtWLjbMeHdwhdu9&payer_email=a_luv_45%40yahoo.com&txn_id=2Y131935SV588860G&payment_type=instant&btn_id=106518726&last_name=mayberry&address_state=CA&receiver_email=renu09%40live.com&payment_fee=1.75&receiver_id=C6MWTH29LK9P4&txn_type=subscr_payment&item_name=Weekly+Web+Development+Course&mc_currency=USD&item_number=3&residence_country=US&transaction_subject=Weekly+Web+Development+Course&payment_gross=50.00&ipn_track_id=d81d3a60e74fa 
[2016-01-11 21:20 UTC] HTTP request of validation request:POST /cgi-bin/webscr HTTP/1.1
Host: www.paypal.com
Accept: */*
Connection: Close
Content-Length: 801
Content-Type: application/x-www-form-urlencoded

 for IPN payload: cmd=_notify-validate&txn_type=subscr_signup&subscr_id=I-GK3670CJV41G&last_name=mayberry&residence_country=US&mc_currency=USD&item_name=Weekly+Web+Development+Course&business=renu09%40live.com&amount3=50.00&recurring=1&address_street=413+B+Frederick+st.&verify_sign=AOUxujRNz4QWA.ASgpT4CJI9d6qKAqm31n1gFM61SObseegHoG7kX53N&payer_status=verified&payer_email=a_luv_45%40yahoo.com&address_status=confirmed&first_name=akyya&receiver_email=renu09%40live.com&address_country_code=US&payer_id=CDNLG7FJNNYE8&address_city=San+Francisco&reattempt=1&item_number=3&address_state=CA&subscr_date=13%3A20%3A51+Jan+11%2C+2016+PST&btn_id=106518726&address_zip=94117&charset=windows-1252&notify_version=3.8&period3=1+W&address_country=United+States&mc_amount3=50.00&address_name=akyya+mayberry&ipn_track_id=d81d3a60e74fa
[2016-01-11 21:20 UTC] HTTP response of validation request: HTTP/1.1 200 OK
Server: Apache
X-Frame-Options: SAMEORIGIN
Cache-Control: max-age=0, no-cache, no-store, must-revalidate
Pragma: no-cache
Paypal-Debug-Id: 5a7396c5a50b9
Cache-Control: max-age=0, no-cache, no-store, must-revalidate
Pragma: no-cache
Content-Type: text/html; charset=UTF-8
DC: slc-b-origin-www-1.paypal.com
Date: Mon, 11 Jan 2016 21:20:59 GMT
Content-Length: 8
Connection: close
Set-Cookie: cwrClyrK4LoCV1fydGbAxiNL6iG=6EKN9dlHpiPS9fzDWc7giNOnKUTrg7CDeWz16Jn1qE_fZShUl3amIuTwb2Yv84rtc17po-QeyfG13YJHXkH61ywKYkL1q7B-37gKt-2vAd9RdHrdBqqOTfuqJ7tzgysyIYRgKmyQMtSdZ6DJjSYwIQl7afhjws3BpwlmDKoCZ1Fg_x7wXnglOg3ZjD0ERh_jKkYr47RM8CdhWpyNByLC3vZm6P7Sd1jPD9o-k_f5nAaIxLlIYelcxxLfuBUT6Z0F0SDmpzdAnePG972Prf_povy9d3lgQ4DfIbcVaaljJiq3PJjOSkCeRJtRgDo-2Im3UUn7gBsvitAhxfXW4OZpbFUwo1BbLuWxjt2dcNY75qR6MpUZCn5LrhqBs437VEDqzb_2yLFoGi7xHgluJT3bxFbqRuXZEEXK0MyosIv3JWt7T-QXJemYX7Z5nMK; domain=.paypal.com; path=/; Secure; HttpOnly
Set-Cookie: cookie_check=yes; expires=Thu, 08-Jan-2026 21:20:59 GMT; domain=.paypal.com; path=/; Secure; HttpOnly
Set-Cookie: navcmd=_notify-validate; domain=.paypal.com; path=/; Secure; HttpOnly
Set-Cookie: navlns=0.0; expires=Wed, 10-Jan-2018 21:20:59 GMT; domain=.paypal.com; path=/; Secure; HttpOnly
Set-Cookie: X-PP-SILOVER=name%3DLIVE6.WEB.1%26silo_version%3D880%26app%3Dappdispatcher%26TIME%3D3122435158; domain=.paypal.com; path=/; Secure; HttpOnly
Set-Cookie: X-PP-SILOVER=; Expires=Thu, 01 Jan 1970 00:00:01 GMT
Set-Cookie: AKDC=slc-b-origin-www-1.paypal.com; expires=Mon, 11-Jan-2016 21:50:59 GMT; path=/; secure
Strict-Transport-Security: max-age=63072000

VERIFIED
[2016-01-11 21:20 UTC] Post Data:  array (
  'txn_type' => 'subscr_signup',
  'subscr_id' => 'I-GK3670CJV41G',
  'last_name' => 'mayberry',
  'residence_country' => 'US',
  'mc_currency' => 'USD',
  'item_name' => 'Weekly Web Development Course',
  'business' => 'renu09@live.com',
  'amount3' => '50.00',
  'recurring' => '1',
  'address_street' => '413 B Frederick st.',
  'verify_sign' => 'AOUxujRNz4QWA.ASgpT4CJI9d6qKAqm31n1gFM61SObseegHoG7kX53N',
  'payer_status' => 'verified',
  'payer_email' => 'a_luv_45@yahoo.com',
  'address_status' => 'confirmed',
  'first_name' => 'akyya',
  'receiver_email' => 'renu09@live.com',
  'address_country_code' => 'US',
  'payer_id' => 'CDNLG7FJNNYE8',
  'address_city' => 'San Francisco',
  'reattempt' => '1',
  'item_number' => '3',
  'address_state' => 'CA',
  'subscr_date' => '13:20:51 Jan 11, 2016 PST',
  'btn_id' => '106518726',
  'address_zip' => '94117',
  'charset' => 'windows-1252',
  'notify_version' => '3.8',
  'period3' => '1 W',
  'address_country' => 'United States',
  'mc_amount3' => '50.00',
  'address_name' => 'akyya mayberry',
  'ipn_track_id' => 'd81d3a60e74fa',
)
[2016-01-11 21:20 UTC] Update Query:  
[2016-01-11 21:20 UTC] Verified IPN: cmd=_notify-validate&txn_type=subscr_signup&subscr_id=I-GK3670CJV41G&last_name=mayberry&residence_country=US&mc_currency=USD&item_name=Weekly+Web+Development+Course&business=renu09%40live.com&amount3=50.00&recurring=1&address_street=413+B+Frederick+st.&verify_sign=AOUxujRNz4QWA.ASgpT4CJI9d6qKAqm31n1gFM61SObseegHoG7kX53N&payer_status=verified&payer_email=a_luv_45%40yahoo.com&address_status=confirmed&first_name=akyya&receiver_email=renu09%40live.com&address_country_code=US&payer_id=CDNLG7FJNNYE8&address_city=San+Francisco&reattempt=1&item_number=3&address_state=CA&subscr_date=13%3A20%3A51+Jan+11%2C+2016+PST&btn_id=106518726&address_zip=94117&charset=windows-1252&notify_version=3.8&period3=1+W&address_country=United+States&mc_amount3=50.00&address_name=akyya+mayberry&ipn_track_id=d81d3a60e74fa 
[2016-01-18 18:35 UTC] HTTP request of validation request:POST /cgi-bin/webscr HTTP/1.1
Host: www.paypal.com
Accept: */*
Connection: Close
Content-Length: 979
Content-Type: application/x-www-form-urlencoded

 for IPN payload: cmd=_notify-validate&mc_gross=50.00&protection_eligibility=Eligible&address_status=confirmed&payer_id=CDNLG7FJNNYE8&address_street=413+B+Frederick+st.&payment_date=10%3A35%3A08+Jan+18%2C+2016+PST&payment_status=Completed&charset=windows-1252&address_zip=94117&first_name=akyya&mc_fee=1.75&address_country_code=US&address_name=akyya+mayberry&notify_version=3.8&subscr_id=I-GK3670CJV41G&payer_status=verified&business=renu09%40live.com&address_country=United+States&address_city=San+Francisco&verify_sign=AqhMIN.WyRsmsCJpS4boE10zitZIAg2R-zU1de.QqsXMUJ.oSigZ-KvW&payer_email=a_luv_45%40yahoo.com&txn_id=4XU44116V4888343Y&payment_type=instant&btn_id=106518726&last_name=mayberry&address_state=CA&receiver_email=renu09%40live.com&payment_fee=1.75&receiver_id=C6MWTH29LK9P4&txn_type=subscr_payment&item_name=Weekly+Web+Development+Course&mc_currency=USD&item_number=3&residence_country=US&transaction_subject=Weekly+Web+Development+Course&payment_gross=50.00&ipn_track_id=d92921471144d
[2016-01-18 18:35 UTC] HTTP response of validation request: HTTP/1.1 200 OK
Server: Apache
X-Frame-Options: SAMEORIGIN
Cache-Control: max-age=0, no-cache, no-store, must-revalidate
Pragma: no-cache
Paypal-Debug-Id: b96d87c77e9e6
Cache-Control: max-age=0, no-cache, no-store, must-revalidate
Pragma: no-cache
Content-Type: text/html; charset=UTF-8
DC: slc-b-origin-www-1.paypal.com
Date: Mon, 18 Jan 2016 18:35:13 GMT
Content-Length: 8
Connection: close
Set-Cookie: cwrClyrK4LoCV1fydGbAxiNL6iG=yIY4eQHBlemq-R2UXQ4SaCx3X_E3PHGZUPzFYNNmT4f7fdRMhYcNQWDm3A-C3QL-VIZMJzE5Zcs89Jvt0EQ-i__25Cb97FY3J66LOACPmKunmkrvmKTPPNmrly6OBGq3rsm7mkdKSN4ACePT0TA2xLjjDarQH5qZG6Z2saN3q84NHYACCw8VoM3rXSCSVGZT573dkhaqj8t66COmoiGM4mnAXSy9x5N_dr5ykqyxT7inzuZSj-fWoXTTK1gIoGDvIox77z3_4SU84kXuQ0hOs1IszY1btpxIV_Z17bzpDujD9dYUe-SH97Kn07BOouuHLWx18odsdWhJ4a_Aac5cpVruraUg6A5FzqAPBwvNqjGoDW7CMvXPjdSk5daO3aUMF6f2_9Y5bEkGCECNmWoZjpwOAGqiL1M_S_JM6qmnCHDg6BHSECOQnE5xAym; domain=.paypal.com; path=/; Secure; HttpOnly
Set-Cookie: cookie_check=yes; expires=Thu, 15-Jan-2026 18:35:13 GMT; domain=.paypal.com; path=/; Secure; HttpOnly
Set-Cookie: navcmd=_notify-validate; domain=.paypal.com; path=/; Secure; HttpOnly
Set-Cookie: navlns=0.0; expires=Wed, 17-Jan-2018 18:35:13 GMT; domain=.paypal.com; path=/; Secure; HttpOnly
Set-Cookie: X-PP-SILOVER=name%3DLIVE6.WEB.1%26silo_version%3D880%26app%3Dappdispatcher%26TIME%3D1630575958; domain=.paypal.com; path=/; Secure; HttpOnly
Set-Cookie: X-PP-SILOVER=; Expires=Thu, 01 Jan 1970 00:00:01 GMT
Set-Cookie: AKDC=slc-b-origin-www-1.paypal.com; expires=Mon, 18-Jan-2016 19:05:13 GMT; path=/; secure
Strict-Transport-Security: max-age=63072000

VERIFIED
[2016-01-18 18:35 UTC] Post Data:  array (
  'mc_gross' => '50.00',
  'protection_eligibility' => 'Eligible',
  'address_status' => 'confirmed',
  'payer_id' => 'CDNLG7FJNNYE8',
  'address_street' => '413 B Frederick st.',
  'payment_date' => '10:35:08 Jan 18, 2016 PST',
  'payment_status' => 'Completed',
  'charset' => 'windows-1252',
  'address_zip' => '94117',
  'first_name' => 'akyya',
  'mc_fee' => '1.75',
  'address_country_code' => 'US',
  'address_name' => 'akyya mayberry',
  'notify_version' => '3.8',
  'subscr_id' => 'I-GK3670CJV41G',
  'payer_status' => 'verified',
  'business' => 'renu09@live.com',
  'address_country' => 'United States',
  'address_city' => 'San Francisco',
  'verify_sign' => 'AqhMIN.WyRsmsCJpS4boE10zitZIAg2R-zU1de.QqsXMUJ.oSigZ-KvW',
  'payer_email' => 'a_luv_45@yahoo.com',
  'txn_id' => '4XU44116V4888343Y',
  'payment_type' => 'instant',
  'btn_id' => '106518726',
  'last_name' => 'mayberry',
  'address_state' => 'CA',
  'receiver_email' => 'renu09@live.com',
  'payment_fee' => '1.75',
  'receiver_id' => 'C6MWTH29LK9P4',
  'txn_type' => 'subscr_payment',
  'item_name' => 'Weekly Web Development Course',
  'mc_currency' => 'USD',
  'item_number' => '3',
  'residence_country' => 'US',
  'transaction_subject' => 'Weekly Web Development Course',
  'payment_gross' => '50.00',
  'ipn_track_id' => 'd92921471144d',
)
[2016-01-18 18:35 UTC] Update Query:  
[2016-01-18 18:35 UTC] Verified IPN: cmd=_notify-validate&mc_gross=50.00&protection_eligibility=Eligible&address_status=confirmed&payer_id=CDNLG7FJNNYE8&address_street=413+B+Frederick+st.&payment_date=10%3A35%3A08+Jan+18%2C+2016+PST&payment_status=Completed&charset=windows-1252&address_zip=94117&first_name=akyya&mc_fee=1.75&address_country_code=US&address_name=akyya+mayberry&notify_version=3.8&subscr_id=I-GK3670CJV41G&payer_status=verified&business=renu09%40live.com&address_country=United+States&address_city=San+Francisco&verify_sign=AqhMIN.WyRsmsCJpS4boE10zitZIAg2R-zU1de.QqsXMUJ.oSigZ-KvW&payer_email=a_luv_45%40yahoo.com&txn_id=4XU44116V4888343Y&payment_type=instant&btn_id=106518726&last_name=mayberry&address_state=CA&receiver_email=renu09%40live.com&payment_fee=1.75&receiver_id=C6MWTH29LK9P4&txn_type=subscr_payment&item_name=Weekly+Web+Development+Course&mc_currency=USD&item_number=3&residence_country=US&transaction_subject=Weekly+Web+Development+Course&payment_gross=50.00&ipn_track_id=d92921471144d 
[2016-01-25 18:32 UTC] HTTP request of validation request:POST /cgi-bin/webscr HTTP/1.1
Host: www.paypal.com
Accept: */*
Connection: Close
Content-Length: 979
Content-Type: application/x-www-form-urlencoded

 for IPN payload: cmd=_notify-validate&mc_gross=50.00&protection_eligibility=Eligible&address_status=confirmed&payer_id=CDNLG7FJNNYE8&address_street=413+B+Frederick+st.&payment_date=10%3A32%3A19+Jan+25%2C+2016+PST&payment_status=Completed&charset=windows-1252&address_zip=94117&first_name=akyya&mc_fee=1.75&address_country_code=US&address_name=akyya+mayberry&notify_version=3.8&subscr_id=I-GK3670CJV41G&payer_status=verified&business=renu09%40live.com&address_country=United+States&address_city=San+Francisco&verify_sign=AzzzxyUd2tO9A2vpK-aBWz4lPpAwAEM5DmyF1XUrW5Ja8AYd9PjU2PRC&payer_email=a_luv_45%40yahoo.com&txn_id=2LX00179A2123805B&payment_type=instant&btn_id=106518726&last_name=mayberry&address_state=CA&receiver_email=renu09%40live.com&payment_fee=1.75&receiver_id=C6MWTH29LK9P4&txn_type=subscr_payment&item_name=Weekly+Web+Development+Course&mc_currency=USD&item_number=3&residence_country=US&transaction_subject=Weekly+Web+Development+Course&payment_gross=50.00&ipn_track_id=6a1693ce34318
[2016-01-25 18:32 UTC] HTTP response of validation request: HTTP/1.1 200 OK
Server: Apache
X-Frame-Options: SAMEORIGIN
Paypal-Debug-Id: 3fb09c4a8d2e1
Cache-Control: max-age=0, no-cache, no-store, must-revalidate
Pragma: no-cache
Content-Type: text/html; charset=UTF-8
DC: dcg12-origin-www-2.paypal.com
Date: Mon, 25 Jan 2016 18:32:24 GMT
Content-Length: 8
Connection: close
Set-Cookie: cwrClyrK4LoCV1fydGbAxiNL6iG=ZaW7leNplvMsuk9fdt80RODB5nApSqNMtkr3wz_WYTWmSx7pPDqiSaGzAfkUYwftFPWMeKm0Mx13WCmzWmehyEe4o-ZIrmDOTp8fOQ_zD8jqBzpz_EznjqZN4i_p4xn8UfvD8MD9l9f6jh__48mFnxC5_7jCOJoqV7D8HGMf6wOxTjXwNH3ismu7ntdOkywFwiTcy1BWM5TL-UzXVY3z4XXH5PxYKxWT1TYJ5tTIQ6g8pO3CBbR5OvjHfFl6_cNGoJW9jGQJoHUcQTa70DZibkfFmajxLGyHd_q2zt0mwi_KW30mONTEU7u04sL_G9Lgl8Xdqg0IckYlkdEk8cvngpLLMKGoyxZ1aj8_q8b_zuDbJ9ivMgGi1vXz8yB-cebV4UXpn15vycnZF89aqm45Ul1q1PpHDybuIs9UleMd-6wsSlBRZJNHsqJrE7G; domain=.paypal.com; path=/; Secure; HttpOnly
Set-Cookie: cookie_check=yes; expires=Thu, 22-Jan-2026 18:32:23 GMT; domain=.paypal.com; path=/; Secure; HttpOnly
Set-Cookie: navcmd=_notify-validate; domain=.paypal.com; path=/; Secure; HttpOnly
Set-Cookie: navlns=0.0; expires=Wed, 24-Jan-2018 18:32:23 GMT; domain=.paypal.com; path=/; Secure; HttpOnly
Set-Cookie: X-PP-SILOVER=name%3DLIVE11.WEB.1%26silo_version%3D880%26app%3Dappdispatcher%26TIME%3D929736278; domain=.paypal.com; path=/; Secure; HttpOnly
Set-Cookie: X-PP-SILOVER=; Expires=Thu, 01 Jan 1970 00:00:01 GMT
Set-Cookie: AKDC=dcg12-origin-www-2.paypal.com; expires=Mon, 25-Jan-2016 19:02:24 GMT; path=/; secure
Strict-Transport-Security: max-age=63072000

VERIFIED
[2016-01-25 18:32 UTC] Post Data:  array (
  'mc_gross' => '50.00',
  'protection_eligibility' => 'Eligible',
  'address_status' => 'confirmed',
  'payer_id' => 'CDNLG7FJNNYE8',
  'address_street' => '413 B Frederick st.',
  'payment_date' => '10:32:19 Jan 25, 2016 PST',
  'payment_status' => 'Completed',
  'charset' => 'windows-1252',
  'address_zip' => '94117',
  'first_name' => 'akyya',
  'mc_fee' => '1.75',
  'address_country_code' => 'US',
  'address_name' => 'akyya mayberry',
  'notify_version' => '3.8',
  'subscr_id' => 'I-GK3670CJV41G',
  'payer_status' => 'verified',
  'business' => 'renu09@live.com',
  'address_country' => 'United States',
  'address_city' => 'San Francisco',
  'verify_sign' => 'AzzzxyUd2tO9A2vpK-aBWz4lPpAwAEM5DmyF1XUrW5Ja8AYd9PjU2PRC',
  'payer_email' => 'a_luv_45@yahoo.com',
  'txn_id' => '2LX00179A2123805B',
  'payment_type' => 'instant',
  'btn_id' => '106518726',
  'last_name' => 'mayberry',
  'address_state' => 'CA',
  'receiver_email' => 'renu09@live.com',
  'payment_fee' => '1.75',
  'receiver_id' => 'C6MWTH29LK9P4',
  'txn_type' => 'subscr_payment',
  'item_name' => 'Weekly Web Development Course',
  'mc_currency' => 'USD',
  'item_number' => '3',
  'residence_country' => 'US',
  'transaction_subject' => 'Weekly Web Development Course',
  'payment_gross' => '50.00',
  'ipn_track_id' => '6a1693ce34318',
)
[2016-01-25 18:32 UTC] Update Query:  
[2016-01-25 18:32 UTC] Verified IPN: cmd=_notify-validate&mc_gross=50.00&protection_eligibility=Eligible&address_status=confirmed&payer_id=CDNLG7FJNNYE8&address_street=413+B+Frederick+st.&payment_date=10%3A32%3A19+Jan+25%2C+2016+PST&payment_status=Completed&charset=windows-1252&address_zip=94117&first_name=akyya&mc_fee=1.75&address_country_code=US&address_name=akyya+mayberry&notify_version=3.8&subscr_id=I-GK3670CJV41G&payer_status=verified&business=renu09%40live.com&address_country=United+States&address_city=San+Francisco&verify_sign=AzzzxyUd2tO9A2vpK-aBWz4lPpAwAEM5DmyF1XUrW5Ja8AYd9PjU2PRC&payer_email=a_luv_45%40yahoo.com&txn_id=2LX00179A2123805B&payment_type=instant&btn_id=106518726&last_name=mayberry&address_state=CA&receiver_email=renu09%40live.com&payment_fee=1.75&receiver_id=C6MWTH29LK9P4&txn_type=subscr_payment&item_name=Weekly+Web+Development+Course&mc_currency=USD&item_number=3&residence_country=US&transaction_subject=Weekly+Web+Development+Course&payment_gross=50.00&ipn_track_id=6a1693ce34318 
[2016-01-26 03:04 UTC] HTTP request of validation request:POST /cgi-bin/webscr HTTP/1.1
Host: www.paypal.com
Accept: */*
Connection: Close
Content-Length: 755
Content-Type: application/x-www-form-urlencoded

 for IPN payload: cmd=_notify-validate&transaction_subject=&txn_type=send_money&payment_date=19%3A04%3A23+Jan+25%2C+2016+PST&last_name=Murugesan&residence_country=US&payment_gross=600.00&mc_currency=USD&business=renu09%40live.com&payment_type=instant&protection_eligibility=Ineligible&verify_sign=AoLJl-XUNvY0vzqXRrsoBdyUZ9EfAuJrja2fk8SgiRVdbEAMpTcQU3MS&payer_status=verified&payer_email=mailtooraghu%40gmail.com&txn_id=3A8953816A8005205&receiver_email=renu09%40live.com&first_name=Raghu&payer_id=3BLM5Z8PR72PQ&receiver_id=C6MWTH29LK9P4&memo=To+Manish+for+the+meetup+class+%22Front+End+Web+Development+-+One+Month+Intensive+Course+%26amp%3B+Help+in+Job+Placement%22&payment_status=Completed&mc_gross=600.00&charset=windows-1252&notify_version=3.8&ipn_track_id=ebc7e2e47a046
[2016-01-26 03:04 UTC] HTTP response of validation request: HTTP/1.1 200 OK
Server: Apache
X-Frame-Options: SAMEORIGIN
Cache-Control: max-age=0, no-cache, no-store, must-revalidate
Pragma: no-cache
Paypal-Debug-Id: a05b7db3c49fb
Cache-Control: max-age=0, no-cache, no-store, must-revalidate
Pragma: no-cache
Content-Type: text/html; charset=UTF-8
DC: slc-b-origin-www-2.paypal.com
Date: Tue, 26 Jan 2016 03:04:40 GMT
Content-Length: 8
Connection: close
Set-Cookie: cwrClyrK4LoCV1fydGbAxiNL6iG=UMML4uUFHsGEKUXApPaHOvVtJm672pPL6XNZel7c7AdArK1H3eIpyFGVf6QsMEAJH2H3Lwv-EwjAW-wkIIdj6-Au86mSOB9c_S0LB2miRMDpTk_6nIpG4RFSgxfoDwaVstJMJlnmtFY573JAHMV_4gnJcLluT6hyxoG4zPdXm05YZSxJ8YOmBOfrY0ddRkCVse-8IvImN66iR-57dBkL6sZ-2nuuaOGafM7DwF_HXwV7fHOocG2lIvGAXdKN9nEDk6RD0COU6wu7kxDXUZJCV8I6tzZ-rvVF8IKjPzGuhHNyk11A3-ewa0YprashHMMN3hSlEMc1TTjyLaRFzJvM0y0MQJ52BkjQVMb_INN7gc_YwTMa2wI2sTWSD2m5gruSPok90BMXMTB5nYbJXPy4_YLXtdsS-QlUgfNVM70tTY_HNS8JAZTko4CITeG; domain=.paypal.com; path=/; Secure; HttpOnly
Set-Cookie: cookie_check=yes; expires=Fri, 23-Jan-2026 03:04:40 GMT; domain=.paypal.com; path=/; Secure; HttpOnly
Set-Cookie: navcmd=_notify-validate; domain=.paypal.com; path=/; Secure; HttpOnly
Set-Cookie: navlns=0.0; expires=Thu, 25-Jan-2018 03:04:40 GMT; domain=.paypal.com; path=/; Secure; HttpOnly
Set-Cookie: X-PP-SILOVER=name%3DLIVE6.WEB.1%26silo_version%3D880%26app%3Dappdispatcher%26TIME%3D1206036054; domain=.paypal.com; path=/; Secure; HttpOnly
Set-Cookie: X-PP-SILOVER=; Expires=Thu, 01 Jan 1970 00:00:01 GMT
Set-Cookie: AKDC=slc-b-origin-www-2.paypal.com; expires=Tue, 26-Jan-2016 03:34:40 GMT; path=/; secure
Strict-Transport-Security: max-age=63072000

VERIFIED
[2016-01-26 03:04 UTC] Post Data:  array (
  'transaction_subject' => '',
  'txn_type' => 'send_money',
  'payment_date' => '19:04:23 Jan 25, 2016 PST',
  'last_name' => 'Murugesan',
  'residence_country' => 'US',
  'payment_gross' => '600.00',
  'mc_currency' => 'USD',
  'business' => 'renu09@live.com',
  'payment_type' => 'instant',
  'protection_eligibility' => 'Ineligible',
  'verify_sign' => 'AoLJl-XUNvY0vzqXRrsoBdyUZ9EfAuJrja2fk8SgiRVdbEAMpTcQU3MS',
  'payer_status' => 'verified',
  'payer_email' => 'mailtooraghu@gmail.com',
  'txn_id' => '3A8953816A8005205',
  'receiver_email' => 'renu09@live.com',
  'first_name' => 'Raghu',
  'payer_id' => '3BLM5Z8PR72PQ',
  'receiver_id' => 'C6MWTH29LK9P4',
  'memo' => 'To Manish for the meetup class "Front End Web Development - One Month Intensive Course &amp; Help in Job Placement"',
  'payment_status' => 'Completed',
  'mc_gross' => '600.00',
  'charset' => 'windows-1252',
  'notify_version' => '3.8',
  'ipn_track_id' => 'ebc7e2e47a046',
)
[2016-01-26 03:04 UTC] Update Query:  
[2016-01-26 03:04 UTC] Verified IPN: cmd=_notify-validate&transaction_subject=&txn_type=send_money&payment_date=19%3A04%3A23+Jan+25%2C+2016+PST&last_name=Murugesan&residence_country=US&payment_gross=600.00&mc_currency=USD&business=renu09%40live.com&payment_type=instant&protection_eligibility=Ineligible&verify_sign=AoLJl-XUNvY0vzqXRrsoBdyUZ9EfAuJrja2fk8SgiRVdbEAMpTcQU3MS&payer_status=verified&payer_email=mailtooraghu%40gmail.com&txn_id=3A8953816A8005205&receiver_email=renu09%40live.com&first_name=Raghu&payer_id=3BLM5Z8PR72PQ&receiver_id=C6MWTH29LK9P4&memo=To+Manish+for+the+meetup+class+%22Front+End+Web+Development+-+One+Month+Intensive+Course+%26amp%3B+Help+in+Job+Placement%22&payment_status=Completed&mc_gross=600.00&charset=windows-1252&notify_version=3.8&ipn_track_id=ebc7e2e47a046 
[2016-01-27 01:46 UTC] HTTP request of validation request:POST /cgi-bin/webscr HTTP/1.1
Host: www.paypal.com
Accept: */*
Connection: Close
Content-Length: 684
Content-Type: application/x-www-form-urlencoded

 for IPN payload: cmd=_notify-validate&transaction_subject=&txn_type=send_money&payment_date=06%3A10%3A07+Jan+25%2C+2016+PST&last_name=Li&residence_country=US&payment_gross=200.00&mc_currency=USD&business=websmc.infotech%40gmail.com&payment_type=instant&protection_eligibility=Ineligible&verify_sign=AynB50LnOYKh89YljIpKtQG4lWw7AXCpxlY3KQkUHh63fZkjXSU45MEn&payer_status=verified&payer_email=upthere415415%40hotmail.com&txn_id=5GD94753CC1763041&receiver_email=renu09%40live.com&first_name=Jonathan&payer_id=DRNE97GAMR44Y&receiver_id=C6MWTH29LK9P4&memo=Android+Mobile+Development+Course+-+Feb+2016&payment_status=Completed&mc_gross=200.00&charset=windows-1252&notify_version=3.8&ipn_track_id=56c3972c4001
[2016-01-27 01:46 UTC] HTTP response of validation request: HTTP/1.1 200 OK
Server: Apache
X-Frame-Options: SAMEORIGIN
Cache-Control: max-age=0, no-cache, no-store, must-revalidate
Pragma: no-cache
Paypal-Debug-Id: d2c96a389184a
Cache-Control: max-age=0, no-cache, no-store, must-revalidate
Pragma: no-cache
Content-Type: text/html; charset=UTF-8
DC: slc-b-origin-www-2.paypal.com
Date: Wed, 27 Jan 2016 01:46:22 GMT
Content-Length: 8
Connection: close
Set-Cookie: cwrClyrK4LoCV1fydGbAxiNL6iG=okk9DPeUv31uqZsoKmWT8CNLtcOuN5OvzPhMSypFa1g3j0hlo9Ynxx5eWHd8ECzD-LaVmXVfUWRGogWrhHAISS71zghItARjYKOL3ws0ipO1jTnkmNQKGgAsCiLbNRuMYAywl9SrAcENzOpbS0DXyLaMuAv5_uE9GktSgpJ-mJm4_lsZIMU9OaAGHMWghRHw_HCwZSrBvyNo0j7LZzcD078Kqt4QoV83lLVx6CGnRoLM7t8LDltjyi4Hl6mDRoLBuuf0za43Sv9Y_vJNBOEWKjJ0YPwJ8b1nJIndRJbx7jsCkbf5vJdpncBKH3z0Pgb35U0Z9TSaDPOb_vUMtPfJw7OrXMeb5NasEm8FdP61hpwQyiALSxvTfw1va16SCsHKFsu0iQEvLA1TKV2r_7R4x0R6SghULFd2t9s9n666BQjQyG08TA4guereshq; domain=.paypal.com; path=/; Secure; HttpOnly
Set-Cookie: cookie_check=yes; expires=Sat, 24-Jan-2026 01:46:21 GMT; domain=.paypal.com; path=/; Secure; HttpOnly
Set-Cookie: navcmd=_notify-validate; domain=.paypal.com; path=/; Secure; HttpOnly
Set-Cookie: navlns=0.0; expires=Fri, 26-Jan-2018 01:46:21 GMT; domain=.paypal.com; path=/; Secure; HttpOnly
Set-Cookie: X-PP-SILOVER=name%3DLIVE6.WEB.1%26silo_version%3D880%26app%3Dappdispatcher%26TIME%3D1830922326; domain=.paypal.com; path=/; Secure; HttpOnly
Set-Cookie: X-PP-SILOVER=; Expires=Thu, 01 Jan 1970 00:00:01 GMT
Set-Cookie: AKDC=slc-b-origin-www-2.paypal.com; expires=Wed, 27-Jan-2016 02:16:22 GMT; path=/; secure
Strict-Transport-Security: max-age=63072000

VERIFIED
[2016-01-27 01:46 UTC] Post Data:  array (
  'transaction_subject' => '',
  'txn_type' => 'send_money',
  'payment_date' => '06:10:07 Jan 25, 2016 PST',
  'last_name' => 'Li',
  'residence_country' => 'US',
  'payment_gross' => '200.00',
  'mc_currency' => 'USD',
  'business' => 'websmc.infotech@gmail.com',
  'payment_type' => 'instant',
  'protection_eligibility' => 'Ineligible',
  'verify_sign' => 'AynB50LnOYKh89YljIpKtQG4lWw7AXCpxlY3KQkUHh63fZkjXSU45MEn',
  'payer_status' => 'verified',
  'payer_email' => 'upthere415415@hotmail.com',
  'txn_id' => '5GD94753CC1763041',
  'receiver_email' => 'renu09@live.com',
  'first_name' => 'Jonathan',
  'payer_id' => 'DRNE97GAMR44Y',
  'receiver_id' => 'C6MWTH29LK9P4',
  'memo' => 'Android Mobile Development Course - Feb 2016',
  'payment_status' => 'Completed',
  'mc_gross' => '200.00',
  'charset' => 'windows-1252',
  'notify_version' => '3.8',
  'ipn_track_id' => '56c3972c4001',
)
[2016-01-27 01:46 UTC] Update Query:  
[2016-01-27 01:46 UTC] Verified IPN: cmd=_notify-validate&transaction_subject=&txn_type=send_money&payment_date=06%3A10%3A07+Jan+25%2C+2016+PST&last_name=Li&residence_country=US&payment_gross=200.00&mc_currency=USD&business=websmc.infotech%40gmail.com&payment_type=instant&protection_eligibility=Ineligible&verify_sign=AynB50LnOYKh89YljIpKtQG4lWw7AXCpxlY3KQkUHh63fZkjXSU45MEn&payer_status=verified&payer_email=upthere415415%40hotmail.com&txn_id=5GD94753CC1763041&receiver_email=renu09%40live.com&first_name=Jonathan&payer_id=DRNE97GAMR44Y&receiver_id=C6MWTH29LK9P4&memo=Android+Mobile+Development+Course+-+Feb+2016&payment_status=Completed&mc_gross=200.00&charset=windows-1252&notify_version=3.8&ipn_track_id=56c3972c4001 
