
NOTICE Undefined index: name /usr/local/cpanel/whostmgr/docroot/cgi/softaculous/enduser/main/functions.php 3665
NOTICE Undefined index: min /usr/local/cpanel/whostmgr/docroot/cgi/softaculous/enduser/main/functions.php 8092
NOTICE Undefined index: pgtimezone /usr/local/cpanel/whostmgr/docroot/cgi/softaculous/enduser/main/functions.php 68
WARNING
NOTICE Undefined index: min /usr/local/cpanel/whostmgr/docroot/cgi/softaculous/enduser/main/functions.php 8092
NOTICE Undefined offset: 1 /usr/local/cpanel/whostmgr/docroot/cgi/softaculous/enduser/main/functions.php 3751
NOTICE Undefined offset: 1 /usr/local/cpanel/whostmgr/docroot/cgi/softaculous/enduser/main/functions.php 3755
NOTICE Undefined offset: 1 /usr/local/cpanel/whostmgr/docroot/cgi/softaculous/enduser/main/functions.php 3759
WARNING
WARNING
NOTICE Undefined index: name /usr/local/cpanel/whostmgr/docroot/cgi/softaculous/enduser/main/functions.php 3665
NOTICE Undefined index: min /usr/local/cpanel/whostmgr/docroot/cgi/softaculous/enduser/main/functions.php 8092
NOTICE Undefined index: pgtimezone /usr/local/cpanel/whostmgr/docroot/cgi/softaculous/enduser/main/functions.php 68
WARNING
NOTICE Undefined index: min /usr/local/cpanel/whostmgr/docroot/cgi/softaculous/enduser/main/functions.php 8092
NOTICE Undefined offset: 1 /usr/local/cpanel/whostmgr/docroot/cgi/softaculous/enduser/main/functions.php 3751
NOTICE Undefined offset: 1 /usr/local/cpanel/whostmgr/docroot/cgi/softaculous/enduser/main/functions.php 3755
NOTICE Undefined offset: 1 /usr/local/cpanel/whostmgr/docroot/cgi/softaculous/enduser/main/functions.php 3759
WARNING
WARNING
WARNING
NOTICE unserialize(): Error at offset 0 of 5 bytes /var/softaculous/wp/php53/upgrade.php 255
WARNING
WARNING
NOTICE Undefined index: name /usr/local/cpanel/whostmgr/docroot/cgi/softaculous/enduser/main/functions.php 3665
NOTICE Undefined index: min /usr/local/cpanel/whostmgr/docroot/cgi/softaculous/enduser/main/functions.php 8092
NOTICE Undefined index: pgtimezone /usr/local/cpanel/whostmgr/docroot/cgi/softaculous/enduser/main/functions.php 68
WARNING
NOTICE Undefined index: min /usr/local/cpanel/whostmgr/docroot/cgi/softaculous/enduser/main/functions.php 8092
NOTICE Undefined offset: 1 /usr/local/cpanel/whostmgr/docroot/cgi/softaculous/enduser/main/functions.php 3751
NOTICE Undefined offset: 1 /usr/local/cpanel/whostmgr/docroot/cgi/softaculous/enduser/main/functions.php 3755
NOTICE Undefined offset: 1 /usr/local/cpanel/whostmgr/docroot/cgi/softaculous/enduser/main/functions.php 3759
WARNING
WARNING
NOTICE Undefined index: name /usr/local/cpanel/whostmgr/docroot/cgi/softaculous/enduser/main/functions.php 3665
NOTICE Undefined index: min /usr/local/cpanel/whostmgr/docroot/cgi/softaculous/enduser/main/functions.php 8092
NOTICE Undefined index: pgtimezone /usr/local/cpanel/whostmgr/docroot/cgi/softaculous/enduser/main/functions.php 68
WARNING
NOTICE Undefined index: min /usr/local/cpanel/whostmgr/docroot/cgi/softaculous/enduser/main/functions.php 8092
NOTICE Undefined offset: 1 /usr/local/cpanel/whostmgr/docroot/cgi/softaculous/enduser/main/functions.php 3751
NOTICE Undefined offset: 1 /usr/local/cpanel/whostmgr/docroot/cgi/softaculous/enduser/main/functions.php 3755
NOTICE Undefined offset: 1 /usr/local/cpanel/whostmgr/docroot/cgi/softaculous/enduser/main/functions.php 3759
WARNING
WARNING
NOTICE Undefined index: name /usr/local/cpanel/whostmgr/docroot/cgi/softaculous/enduser/main/functions.php 3695
NOTICE Undefined index: min /usr/local/cpanel/whostmgr/docroot/cgi/softaculous/enduser/main/functions.php 8148
NOTICE Undefined index: pgtimezone /usr/local/cpanel/whostmgr/docroot/cgi/softaculous/enduser/main/functions.php 68
WARNING
NOTICE Undefined index: min /usr/local/cpanel/whostmgr/docroot/cgi/softaculous/enduser/main/functions.php 8148
NOTICE Undefined offset: 1 /usr/local/cpanel/whostmgr/docroot/cgi/softaculous/enduser/main/functions.php 3788
NOTICE Undefined offset: 1 /usr/local/cpanel/whostmgr/docroot/cgi/softaculous/enduser/main/functions.php 3792
NOTICE Undefined offset: 1 /usr/local/cpanel/whostmgr/docroot/cgi/softaculous/enduser/main/functions.php 3796
NOTICE Undefined index: name /usr/local/cpanel/whostmgr/docroot/cgi/softaculous/enduser/hooks/pre_upgrade_cagefs.php 58
NOTICE Undefined index: name /usr/local/cpanel/whostmgr/docroot/cgi/softaculous/enduser/hooks/pre_upgrade_cagefs.php 70
NOTICE Undefined index: name /usr/local/cpanel/whostmgr/docroot/cgi/softaculous/enduser/hooks/pre_upgrade_cagefs.php 84
WARNING
WARNING
WARNING
NOTICE unserialize(): Error at offset 0 of 5 bytes /var/softaculous/wp/php53/upgrade.php 262
WARNING
WARNING
NOTICE Undefined index: name /usr/local/cpanel/whostmgr/docroot/cgi/softaculous/enduser/main/functions.php 3695
NOTICE Undefined index: min /usr/local/cpanel/whostmgr/docroot/cgi/softaculous/enduser/main/functions.php 8148
NOTICE Undefined index: pgtimezone /usr/local/cpanel/whostmgr/docroot/cgi/softaculous/enduser/main/functions.php 68
WARNING
NOTICE Undefined index: min /usr/local/cpanel/whostmgr/docroot/cgi/softaculous/enduser/main/functions.php 8148
NOTICE Undefined offset: 1 /usr/local/cpanel/whostmgr/docroot/cgi/softaculous/enduser/main/functions.php 3788
NOTICE Undefined offset: 1 /usr/local/cpanel/whostmgr/docroot/cgi/softaculous/enduser/main/functions.php 3792
NOTICE Undefined offset: 1 /usr/local/cpanel/whostmgr/docroot/cgi/softaculous/enduser/main/functions.php 3796
NOTICE Undefined index: name /usr/local/cpanel/whostmgr/docroot/cgi/softaculous/enduser/hooks/pre_upgrade_cagefs.php 58
NOTICE Undefined index: name /usr/local/cpanel/whostmgr/docroot/cgi/softaculous/enduser/hooks/pre_upgrade_cagefs.php 70
NOTICE Undefined index: name /usr/local/cpanel/whostmgr/docroot/cgi/softaculous/enduser/hooks/pre_upgrade_cagefs.php 84
WARNING
WARNING
WARNING
NOTICE unserialize(): Error at offset 0 of 5 bytes /var/softaculous/wp/php53/upgrade.php 262
WARNING
WARNING
NOTICE Undefined index: name /usr/local/cpanel/whostmgr/docroot/cgi/softaculous/enduser/main/functions.php 3695
NOTICE Undefined index: min /usr/local/cpanel/whostmgr/docroot/cgi/softaculous/enduser/main/functions.php 8148
NOTICE Undefined index: pgtimezone /usr/local/cpanel/whostmgr/docroot/cgi/softaculous/enduser/main/functions.php 68
WARNING
NOTICE Undefined index: min /usr/local/cpanel/whostmgr/docroot/cgi/softaculous/enduser/main/functions.php 8148
NOTICE Undefined offset: 1 /usr/local/cpanel/whostmgr/docroot/cgi/softaculous/enduser/main/functions.php 3788
NOTICE Undefined offset: 1 /usr/local/cpanel/whostmgr/docroot/cgi/softaculous/enduser/main/functions.php 3792
NOTICE Undefined offset: 1 /usr/local/cpanel/whostmgr/docroot/cgi/softaculous/enduser/main/functions.php 3796
NOTICE Undefined index: name /usr/local/cpanel/whostmgr/docroot/cgi/softaculous/enduser/hooks/pre_upgrade_cagefs.php 58
NOTICE Undefined index: name /usr/local/cpanel/whostmgr/docroot/cgi/softaculous/enduser/hooks/pre_upgrade_cagefs.php 70
NOTICE Undefined index: name /usr/local/cpanel/whostmgr/docroot/cgi/softaculous/enduser/hooks/pre_upgrade_cagefs.php 84
WARNING
WARNING
WARNING
NOTICE unserialize(): Error at offset 0 of 5 bytes /var/softaculous/wp/php53/upgrade.php 262
WARNING
WARNING
NOTICE Undefined index: name /usr/local/cpanel/whostmgr/docroot/cgi/softaculous/enduser/main/functions.php 3695
NOTICE Undefined index: min /usr/local/cpanel/whostmgr/docroot/cgi/softaculous/enduser/main/functions.php 8148
NOTICE Undefined index: pgtimezone /usr/local/cpanel/whostmgr/docroot/cgi/softaculous/enduser/main/functions.php 68
WARNING
NOTICE Undefined index: min /usr/local/cpanel/whostmgr/docroot/cgi/softaculous/enduser/main/functions.php 8148
NOTICE Undefined offset: 1 /usr/local/cpanel/whostmgr/docroot/cgi/softaculous/enduser/main/functions.php 3788
NOTICE Undefined offset: 1 /usr/local/cpanel/whostmgr/docroot/cgi/softaculous/enduser/main/functions.php 3792
NOTICE Undefined offset: 1 /usr/local/cpanel/whostmgr/docroot/cgi/softaculous/enduser/main/functions.php 3796
NOTICE Undefined index: name /usr/local/cpanel/whostmgr/docroot/cgi/softaculous/enduser/hooks/pre_upgrade_cagefs.php 58
NOTICE Undefined index: name /usr/local/cpanel/whostmgr/docroot/cgi/softaculous/enduser/hooks/pre_upgrade_cagefs.php 70
NOTICE Undefined index: name /usr/local/cpanel/whostmgr/docroot/cgi/softaculous/enduser/hooks/pre_upgrade_cagefs.php 84
WARNING
WARNING
NOTICE Undefined index: name /usr/local/cpanel/whostmgr/docroot/cgi/softaculous/enduser/main/functions.php 3760
NOTICE Undefined index: name /usr/local/cpanel/whostmgr/docroot/cgi/softaculous/enduser/main/functions.php 3760