[2015-04-27 01:14 UTC] HTTP request of validation request:POST /cgi-bin/webscr HTTP/1.1
Host: www.paypal.com
Accept: */*
Connection: Close
Content-Length: 1059
Content-Type: application/x-www-form-urlencoded
Expect: 100-continue

 for IPN payload: cmd=_notify-validate&mc_gross=11.24&protection_eligibility=Eligible&address_status=confirmed&payer_id=P79BBHDTPP4K2&tax=0.00&address_street=6+True+Bean+Way&payment_date=18%3A14%3A08+Apr+26%2C+2015+PDT&payment_status=Completed&charset=windows-1252&address_zip=01886&first_name=vincent&mc_fee=0.63&address_country_code=US&address_name=vincent+feng&notify_version=3.8&custom=&payer_status=verified&business=renu09%40live.com&address_country=United+States&address_city=Westford&quantity=1&verify_sign=A7UMedn1BfBoD5MMUf9mkg5VRRWMA2NTREHa4APywUAbPkW-LZSIfCBZ&payer_email=vincent.feng200%40gmail.com&txn_id=20C58931D3832774D&payment_type=instant&btn_id=96136691&last_name=feng&address_state=MA&receiver_email=renu09%40live.com&payment_fee=0.63&shipping_discount=0.00&insurance_amount=0.00&receiver_id=C6MWTH29LK9P4&txn_type=web_accept&item_name=Web+Development+Teaching&discount=0.00&mc_currency=USD&item_number=10002&residence_country=US&shipping_method=Default&handling_amount=0.00&transaction_subject=&payment_gross=11.24&shipping=0.00&ipn_track_id=3f6b399dca06a
[2015-04-27 01:14 UTC] HTTP response of validation request: HTTP/1.1 200 OK
Server: Apache
X-Frame-Options: SAMEORIGIN
Cache-Control: max-age=0, no-cache, no-store, must-revalidate
Pragma: no-cache
Cache-Control: max-age=0, no-cache, no-store, must-revalidate
Pragma: no-cache
Content-Type: text/html; charset=UTF-8
DC: slc-b-origin-www-1.paypal.com
Date: Mon, 27 Apr 2015 01:14:21 GMT
Content-Length: 8
Connection: close
Set-Cookie: cwrClyrK4LoCV1fydGbAxiNL6iG=Gu_4HFSXsQaObf23M-bjcW8ceMBmIs38StUAQeNz2HczBya6xFZ-Ty0mZUgL5XhM9WISHdCz7lyZte1Yk6uVw3k943KvMCJ1vfSDC0C-uTs3fuC26S4mQbYRB_Lvoq6jUV7WtTnBWWgIJHSQzE_8ORCmVSLnHqxYfATrQ6RmJHXe8y4Bop0M5fwI8UvrY-Cjk5vFAchB7uJF8y5S13GSTYhNOcyjlZSuf5wtvUZwe3QrLli3-0r1iB-pi8XiV7VAlF2DIec3QJxuxa6chBOfyCo-SaxPZ3lKJ_1goIzNmkYrmhy45bekJza8YqaA3DUwh4lsC7UE_7Xc3UjCKNl2jbXvU6AFPkZTInFT9y3johdqziAfbpFTydpNvp6jR_Da5_O859c4u42EGvmtZc1yusDvvfH1UhYFJE3AdwuA1qHtuh98bBMncf1uXuS; domain=.paypal.com; path=/; Secure; HttpOnly
Set-Cookie: cookie_check=yes; expires=Thu, 24-Apr-2025 01:14:21 GMT; domain=.paypal.com; path=/; Secure; HttpOnly
Set-Cookie: navcmd=_notify-validate; domain=.paypal.com; path=/; Secure; HttpOnly
Set-Cookie: navlns=0.0; expires=Wed, 26-Apr-2017 01:14:21 GMT; domain=.paypal.com; path=/; Secure; HttpOnly
Set-Cookie: Apache=10.74.8.134.1430097261097794; path=/; expires=Wed, 19-Apr-45 01:14:21 GMT
Set-Cookie: X-PP-SILOVER=name%3DLIVE6.WEB.1%26silo_version%3D880%26app%3Dappdispatcher%26TIME%3D1837972821; domain=.paypal.com; path=/; Secure; HttpOnly
Set-Cookie: X-PP-SILOVER=; Expires=Thu, 01 Jan 1970 00:00:01 GMT
Set-Cookie: Apache=10.74.8.44.1430097261084761; path=/; expires=Wed, 19-Apr-45 01:14:21 GMT
Set-Cookie: AKDC=slc-b-origin-www-1.paypal.com; expires=Mon, 27-Apr-2015 01:44:21 GMT; path=/; secure
Strict-Transport-Security: max-age=63072000

VERIFIED
[2015-04-27 01:14 UTC] Post Data:  array (
  'mc_gross' => '11.24',
  'protection_eligibility' => 'Eligible',
  'address_status' => 'confirmed',
  'payer_id' => 'P79BBHDTPP4K2',
  'tax' => '0.00',
  'address_street' => '6 True Bean Way',
  'payment_date' => '18:14:08 Apr 26, 2015 PDT',
  'payment_status' => 'Completed',
  'charset' => 'windows-1252',
  'address_zip' => '01886',
  'first_name' => 'vincent',
  'mc_fee' => '0.63',
  'address_country_code' => 'US',
  'address_name' => 'vincent feng',
  'notify_version' => '3.8',
  'custom' => '',
  'payer_status' => 'verified',
  'business' => 'renu09@live.com',
  'address_country' => 'United States',
  'address_city' => 'Westford',
  'quantity' => '1',
  'verify_sign' => 'A7UMedn1BfBoD5MMUf9mkg5VRRWMA2NTREHa4APywUAbPkW-LZSIfCBZ',
  'payer_email' => 'vincent.feng200@gmail.com',
  'txn_id' => '20C58931D3832774D',
  'payment_type' => 'instant',
  'btn_id' => '96136691',
  'last_name' => 'feng',
  'address_state' => 'MA',
  'receiver_email' => 'renu09@live.com',
  'payment_fee' => '0.63',
  'shipping_discount' => '0.00',
  'insurance_amount' => '0.00',
  'receiver_id' => 'C6MWTH29LK9P4',
  'txn_type' => 'web_accept',
  'item_name' => 'Web Development Teaching',
  'discount' => '0.00',
  'mc_currency' => 'USD',
  'item_number' => '10002',
  'residence_country' => 'US',
  'shipping_method' => 'Default',
  'handling_amount' => '0.00',
  'transaction_subject' => '',
  'payment_gross' => '11.24',
  'shipping' => '0.00',
  'ipn_track_id' => '3f6b399dca06a',
)
[2015-04-27 01:14 UTC] Update Query:  
[2015-04-27 01:14 UTC] Verified IPN: cmd=_notify-validate&mc_gross=11.24&protection_eligibility=Eligible&address_status=confirmed&payer_id=P79BBHDTPP4K2&tax=0.00&address_street=6+True+Bean+Way&payment_date=18%3A14%3A08+Apr+26%2C+2015+PDT&payment_status=Completed&charset=windows-1252&address_zip=01886&first_name=vincent&mc_fee=0.63&address_country_code=US&address_name=vincent+feng&notify_version=3.8&custom=&payer_status=verified&business=renu09%40live.com&address_country=United+States&address_city=Westford&quantity=1&verify_sign=A7UMedn1BfBoD5MMUf9mkg5VRRWMA2NTREHa4APywUAbPkW-LZSIfCBZ&payer_email=vincent.feng200%40gmail.com&txn_id=20C58931D3832774D&payment_type=instant&btn_id=96136691&last_name=feng&address_state=MA&receiver_email=renu09%40live.com&payment_fee=0.63&shipping_discount=0.00&insurance_amount=0.00&receiver_id=C6MWTH29LK9P4&txn_type=web_accept&item_name=Web+Development+Teaching&discount=0.00&mc_currency=USD&item_number=10002&residence_country=US&shipping_method=Default&handling_amount=0.00&transaction_subject=&payment_gross=11.24&shipping=0.00&ipn_track_id=3f6b399dca06a 
[2015-04-27 18:09 UTC] HTTP request of validation request:POST /cgi-bin/webscr HTTP/1.1
Host: www.paypal.com
Accept: */*
Connection: Close
Content-Length: 1025
Content-Type: application/x-www-form-urlencoded
Expect: 100-continue

 for IPN payload: cmd=_notify-validate&mc_gross=-11.24&protection_eligibility=Eligible&payer_id=P79BBHDTPP4K2&address_street=6+True+Bean+Way&payment_date=11%3A09%3A25+Apr+27%2C+2015+PDT&payment_status=Refunded&charset=windows-1252&address_zip=01886&first_name=vincent&mc_fee=-0.33&address_country_code=US&address_name=vincent+feng&notify_version=3.8&reason_code=refund&custom=&business=renu09%40live.com&address_country=United+States&address_city=Westford&verify_sign=A1jCvjh9WfYjY7p5d99kCfUgEjQYAo0DbIpcGuglMjd6qYwm6Y1TZrfN&payer_email=vincent.feng200%40gmail.com&parent_txn_id=20C58931D3832774D&txn_id=4JC01001NK816681S&payment_type=instant&btn_id=96136691&last_name=feng&address_state=MA&receiver_email=renu09%40live.com&payment_fee=-0.33&shipping_discount=0.00&receiver_id=C6MWTH29LK9P4&insurance_amount=0.00&item_name=Web+Development+Teaching&discount=0.00&mc_currency=USD&item_number=10002&residence_country=US&handling_amount=0.00&shipping_method=Default&transaction_subject=&payment_gross=-11.24&shipping=0.00&ipn_track_id=6546d043814a
[2015-04-27 18:09 UTC] HTTP response of validation request: HTTP/1.1 200 OK
Server: Apache
X-Frame-Options: SAMEORIGIN
Cache-Control: max-age=0, no-cache, no-store, must-revalidate
Pragma: no-cache
Cache-Control: max-age=0, no-cache, no-store, must-revalidate
Pragma: no-cache
Content-Type: text/html; charset=UTF-8
DC: slc-a-origin-www-2.paypal.com
Date: Mon, 27 Apr 2015 18:09:40 GMT
Content-Length: 8
Connection: close
Set-Cookie: cwrClyrK4LoCV1fydGbAxiNL6iG=GDtSeuYl4wNC3x0XO721tbarKU_30Gdqe3QM798iscvT6-703bonRNSFy5uckrPRbVpU3k8U3Nti5EEyoxXSdKnrrL85I_Pwf-YM3dK68pNnq9RlDlmQU4GUI1hZVCx4olA8rnP07mS_xtRQXq8NFC14vNYVUb4_g2L17XgFW6ygJjQrO8PlNUk_lojUK1tiXAVy5lC6U54XL2lccSi5ZSrua5_90G9GatiZaNLrCmRv2gZQXll3Grl267d7G-_4psbS0E1ufs7Wpt69DUNIN5_eryshjTg5J-iZKM_XuBsmT19ldRKNzVbc76LWOJQOCQ4xqXshYOP5EbvWFWm71HdDGgVvN6Nnu4WafQe8o7gJ7JGEnfQgWCdHVMHQacnuwve83GaV4Gef3muWPSDYcWvGHNEvaC-pZzdfppKiqd4wVwPGNBfLN5nVXCS; domain=.paypal.com; path=/; Secure; HttpOnly
Set-Cookie: cookie_check=yes; expires=Thu, 24-Apr-2025 18:09:40 GMT; domain=.paypal.com; path=/; Secure; HttpOnly
Set-Cookie: navcmd=_notify-validate; domain=.paypal.com; path=/; Secure; HttpOnly
Set-Cookie: navlns=0.0; expires=Wed, 26-Apr-2017 18:09:40 GMT; domain=.paypal.com; path=/; Secure; HttpOnly
Set-Cookie: Apache=10.73.8.134.1430158179736232; path=/; expires=Wed, 19-Apr-45 18:09:39 GMT
Set-Cookie: X-PP-SILOVER=name%3DLIVE5.WEB.1%26silo_version%3D880%26app%3Dappdispatcher%26TIME%3D1669021269; domain=.paypal.com; path=/; Secure; HttpOnly
Set-Cookie: X-PP-SILOVER=; Expires=Thu, 01 Jan 1970 00:00:01 GMT
Set-Cookie: Apache=10.73.8.53.1430158179721811; path=/; expires=Wed, 19-Apr-45 18:09:39 GMT
Set-Cookie: AKDC=slc-a-origin-www-2.paypal.com; expires=Mon, 27-Apr-2015 18:39:40 GMT; path=/; secure
Strict-Transport-Security: max-age=63072000

VERIFIED
[2015-04-27 18:09 UTC] Post Data:  array (
  'mc_gross' => '-11.24',
  'protection_eligibility' => 'Eligible',
  'payer_id' => 'P79BBHDTPP4K2',
  'address_street' => '6 True Bean Way',
  'payment_date' => '11:09:25 Apr 27, 2015 PDT',
  'payment_status' => 'Refunded',
  'charset' => 'windows-1252',
  'address_zip' => '01886',
  'first_name' => 'vincent',
  'mc_fee' => '-0.33',
  'address_country_code' => 'US',
  'address_name' => 'vincent feng',
  'notify_version' => '3.8',
  'reason_code' => 'refund',
  'custom' => '',
  'business' => 'renu09@live.com',
  'address_country' => 'United States',
  'address_city' => 'Westford',
  'verify_sign' => 'A1jCvjh9WfYjY7p5d99kCfUgEjQYAo0DbIpcGuglMjd6qYwm6Y1TZrfN',
  'payer_email' => 'vincent.feng200@gmail.com',
  'parent_txn_id' => '20C58931D3832774D',
  'txn_id' => '4JC01001NK816681S',
  'payment_type' => 'instant',
  'btn_id' => '96136691',
  'last_name' => 'feng',
  'address_state' => 'MA',
  'receiver_email' => 'renu09@live.com',
  'payment_fee' => '-0.33',
  'shipping_discount' => '0.00',
  'receiver_id' => 'C6MWTH29LK9P4',
  'insurance_amount' => '0.00',
  'item_name' => 'Web Development Teaching',
  'discount' => '0.00',
  'mc_currency' => 'USD',
  'item_number' => '10002',
  'residence_country' => 'US',
  'handling_amount' => '0.00',
  'shipping_method' => 'Default',
  'transaction_subject' => '',
  'payment_gross' => '-11.24',
  'shipping' => '0.00',
  'ipn_track_id' => '6546d043814a',
)
[2015-04-27 18:09 UTC] Update Query:  
[2015-04-27 18:09 UTC] Verified IPN: cmd=_notify-validate&mc_gross=-11.24&protection_eligibility=Eligible&payer_id=P79BBHDTPP4K2&address_street=6+True+Bean+Way&payment_date=11%3A09%3A25+Apr+27%2C+2015+PDT&payment_status=Refunded&charset=windows-1252&address_zip=01886&first_name=vincent&mc_fee=-0.33&address_country_code=US&address_name=vincent+feng&notify_version=3.8&reason_code=refund&custom=&business=renu09%40live.com&address_country=United+States&address_city=Westford&verify_sign=A1jCvjh9WfYjY7p5d99kCfUgEjQYAo0DbIpcGuglMjd6qYwm6Y1TZrfN&payer_email=vincent.feng200%40gmail.com&parent_txn_id=20C58931D3832774D&txn_id=4JC01001NK816681S&payment_type=instant&btn_id=96136691&last_name=feng&address_state=MA&receiver_email=renu09%40live.com&payment_fee=-0.33&shipping_discount=0.00&receiver_id=C6MWTH29LK9P4&insurance_amount=0.00&item_name=Web+Development+Teaching&discount=0.00&mc_currency=USD&item_number=10002&residence_country=US&handling_amount=0.00&shipping_method=Default&transaction_subject=&payment_gross=-11.24&shipping=0.00&ipn_track_id=6546d043814a 
[2015-04-29 22:26 UTC] HTTP request of validation request:POST /cgi-bin/webscr HTTP/1.1
Host: www.paypal.com
Accept: */*
Connection: Close
Content-Length: 1051
Content-Type: application/x-www-form-urlencoded
Expect: 100-continue

 for IPN payload: cmd=_notify-validate&mc_gross=11.24&protection_eligibility=Eligible&address_status=confirmed&payer_id=FW8TTEE3SNTF8&tax=0.00&address_street=611+Nello+Dr.&payment_date=15%3A26%3A10+Apr+29%2C+2015+PDT&payment_status=Completed&charset=windows-1252&address_zip=95008&first_name=Andrii&mc_fee=0.63&address_country_code=US&address_name=Andrii+Kasiun&notify_version=3.8&custom=&payer_status=verified&business=renu09%40live.com&address_country=United+States&address_city=Campbell&quantity=1&verify_sign=A6Rvi3rGatmLsbsG55EkJs4GYiANA3l7IFhFjmuDZhs3HawMGUxy3fh7&payer_email=boss.ua%40gmail.com&txn_id=73G36505XU996722U&payment_type=instant&btn_id=96136691&last_name=Kasiun&address_state=CA&receiver_email=renu09%40live.com&payment_fee=0.63&shipping_discount=0.00&insurance_amount=0.00&receiver_id=C6MWTH29LK9P4&txn_type=web_accept&item_name=Web+Development+Teaching&discount=0.00&mc_currency=USD&item_number=10002&residence_country=US&shipping_method=Default&handling_amount=0.00&transaction_subject=&payment_gross=11.24&shipping=0.00&ipn_track_id=2439d679dfde3
[2015-04-29 22:26 UTC] HTTP response of validation request: HTTP/1.1 200 OK
Server: Apache
X-Frame-Options: SAMEORIGIN
Cache-Control: max-age=0, no-cache, no-store, must-revalidate
Pragma: no-cache
Cache-Control: max-age=0, no-cache, no-store, must-revalidate
Pragma: no-cache
Content-Type: text/html; charset=UTF-8
DC: slc-b-origin-www-2.paypal.com
Date: Wed, 29 Apr 2015 22:26:25 GMT
Content-Length: 8
Connection: close
Set-Cookie: cwrClyrK4LoCV1fydGbAxiNL6iG=q337acc95euuD6zkxdGggdZpkUX_k_X16dN64toaoOiVL2DHb98DvtHpAYZV8dHbnUp9ujeYOFm70Ke9hp1hAmdgoDZ90-neoyRV_xZK4Xeh3eiMkHFnAIKZqP9pKebUzWl81atKMVdIhzdHRVZ97wRkcv0kRhn0WMDrBQNcaHobZhSYTAJaC6rqkNWHERJJp2IhFsFqR2_4JsdPITqxWLrjRSvaJwE3sKouRLz-uhTOiINtqvqGL6fichMO2VSb9_IQSbHDyhBYVktZXwhaORi08BhL1F1ZzZhW6wgHha4Fx7LjVVBolzf-xMFvqoh2ujoONW_XU0jq5C18BRVC2qdnwvtahA3WdsDHnOM7eMWtlIs0OhM4jNHD37O_Wf5OgB0TS4ochP8jRgJBs-WmhDkKVEiuOquFjLH-gxGkQO47eo1z16XHHqSxF2m; domain=.paypal.com; path=/; Secure; HttpOnly
Set-Cookie: cookie_check=yes; expires=Sat, 26-Apr-2025 22:26:25 GMT; domain=.paypal.com; path=/; Secure; HttpOnly
Set-Cookie: navcmd=_notify-validate; domain=.paypal.com; path=/; Secure; HttpOnly
Set-Cookie: navlns=0.0; expires=Fri, 28-Apr-2017 22:26:25 GMT; domain=.paypal.com; path=/; Secure; HttpOnly
Set-Cookie: Apache=10.74.8.137.1430346384908668; path=/; expires=Fri, 21-Apr-45 22:26:24 GMT
Set-Cookie: X-PP-SILOVER=name%3DLIVE6.WEB.1%26silo_version%3D880%26app%3Dappdispatcher%26TIME%3D2421834069; domain=.paypal.com; path=/; Secure; HttpOnly
Set-Cookie: X-PP-SILOVER=; Expires=Thu, 01 Jan 1970 00:00:01 GMT
Set-Cookie: Apache=10.74.8.65.1430346384894432; path=/; expires=Fri, 21-Apr-45 22:26:24 GMT
Set-Cookie: AKDC=slc-b-origin-www-2.paypal.com; expires=Wed, 29-Apr-2015 22:56:25 GMT; path=/; secure
Strict-Transport-Security: max-age=63072000

VERIFIED
[2015-04-29 22:26 UTC] Post Data:  array (
  'mc_gross' => '11.24',
  'protection_eligibility' => 'Eligible',
  'address_status' => 'confirmed',
  'payer_id' => 'FW8TTEE3SNTF8',
  'tax' => '0.00',
  'address_street' => '611 Nello Dr.',
  'payment_date' => '15:26:10 Apr 29, 2015 PDT',
  'payment_status' => 'Completed',
  'charset' => 'windows-1252',
  'address_zip' => '95008',
  'first_name' => 'Andrii',
  'mc_fee' => '0.63',
  'address_country_code' => 'US',
  'address_name' => 'Andrii Kasiun',
  'notify_version' => '3.8',
  'custom' => '',
  'payer_status' => 'verified',
  'business' => 'renu09@live.com',
  'address_country' => 'United States',
  'address_city' => 'Campbell',
  'quantity' => '1',
  'verify_sign' => 'A6Rvi3rGatmLsbsG55EkJs4GYiANA3l7IFhFjmuDZhs3HawMGUxy3fh7',
  'payer_email' => 'boss.ua@gmail.com',
  'txn_id' => '73G36505XU996722U',
  'payment_type' => 'instant',
  'btn_id' => '96136691',
  'last_name' => 'Kasiun',
  'address_state' => 'CA',
  'receiver_email' => 'renu09@live.com',
  'payment_fee' => '0.63',
  'shipping_discount' => '0.00',
  'insurance_amount' => '0.00',
  'receiver_id' => 'C6MWTH29LK9P4',
  'txn_type' => 'web_accept',
  'item_name' => 'Web Development Teaching',
  'discount' => '0.00',
  'mc_currency' => 'USD',
  'item_number' => '10002',
  'residence_country' => 'US',
  'shipping_method' => 'Default',
  'handling_amount' => '0.00',
  'transaction_subject' => '',
  'payment_gross' => '11.24',
  'shipping' => '0.00',
  'ipn_track_id' => '2439d679dfde3',
)
[2015-04-29 22:26 UTC] Update Query:  
[2015-04-29 22:26 UTC] Verified IPN: cmd=_notify-validate&mc_gross=11.24&protection_eligibility=Eligible&address_status=confirmed&payer_id=FW8TTEE3SNTF8&tax=0.00&address_street=611+Nello+Dr.&payment_date=15%3A26%3A10+Apr+29%2C+2015+PDT&payment_status=Completed&charset=windows-1252&address_zip=95008&first_name=Andrii&mc_fee=0.63&address_country_code=US&address_name=Andrii+Kasiun&notify_version=3.8&custom=&payer_status=verified&business=renu09%40live.com&address_country=United+States&address_city=Campbell&quantity=1&verify_sign=A6Rvi3rGatmLsbsG55EkJs4GYiANA3l7IFhFjmuDZhs3HawMGUxy3fh7&payer_email=boss.ua%40gmail.com&txn_id=73G36505XU996722U&payment_type=instant&btn_id=96136691&last_name=Kasiun&address_state=CA&receiver_email=renu09%40live.com&payment_fee=0.63&shipping_discount=0.00&insurance_amount=0.00&receiver_id=C6MWTH29LK9P4&txn_type=web_accept&item_name=Web+Development+Teaching&discount=0.00&mc_currency=USD&item_number=10002&residence_country=US&shipping_method=Default&handling_amount=0.00&transaction_subject=&payment_gross=11.24&shipping=0.00&ipn_track_id=2439d679dfde3 
[2015-05-05 04:48 UTC] HTTP request of validation request:POST /cgi-bin/webscr HTTP/1.1
Host: www.paypal.com
Accept: */*
Connection: Close
Content-Length: 1103
Content-Type: application/x-www-form-urlencoded
Expect: 100-continue

 for IPN payload: cmd=_notify-validate&mc_gross=11.24&protection_eligibility=Eligible&address_status=confirmed&payer_id=ZFPHAXQNS3KW2&tax=0.00&address_street=444++Saratoga+ave%2C+16G&payment_date=21%3A48%3A10+May+04%2C+2015+PDT&payment_status=Completed&charset=windows-1252&address_zip=95050&first_name=Deepthi&mc_fee=0.63&address_country_code=US&address_name=Deepthi+Kavalur&notify_version=3.8&custom=&payer_status=unverified&business=renu09%40live.com&address_country=United+States&address_city=SANTA+CLARA&quantity=1&verify_sign=AF3wNxEuqbi.fq05VoE..-zzPqflAKKenRNXAd39UwQPZZd7j7o806w7&payer_email=kavalur.deepthi%40gmail.com&txn_id=7KW36824X7114954L&payment_type=instant&btn_id=96136691&last_name=Kavalur&address_state=CA&receiver_email=renu09%40live.com&payment_fee=0.63&shipping_discount=0.00&insurance_amount=0.00&receiver_id=C6MWTH29LK9P4&txn_type=web_accept&item_name=Web+Development+Teaching&discount=0.00&mc_currency=USD&item_number=10002&residence_country=US&shipping_method=Default&handling_amount=0.00&transaction_subject=Web+Development+Teaching&payment_gross=11.24&shipping=0.00&ipn_track_id=2ff8a083b0986
[2015-05-05 04:48 UTC] HTTP response of validation request: HTTP/1.1 200 OK
Server: Apache
X-Frame-Options: SAMEORIGIN
Cache-Control: max-age=0, no-cache, no-store, must-revalidate
Pragma: no-cache
Cache-Control: max-age=0, no-cache, no-store, must-revalidate
Pragma: no-cache
Content-Type: text/html; charset=UTF-8
DC: slc-a-origin-www-1.paypal.com
Date: Tue, 05 May 2015 04:48:23 GMT
Content-Length: 8
Connection: close
Set-Cookie: cwrClyrK4LoCV1fydGbAxiNL6iG=x6Wcm7q5-BPtYK6HzzTFsqapdmTMem_Koh7pKr2IrT9kAAyB1iC2QKxn0_qy0eabTBokWIXhTtqqLkguk1ODJgTPjOdSk1fS8-5uyTPkp9Ycyh2KdF8GyDVbMiny1qCivDPeUHC9yxZ8qoRLZw2Ee_XINJ280MrxmMYDN-V_Cc9UqH-fsFi9xsf2c0PNU2TnC-EwrARCUgPijUE1n9ZHD6agyxMllbsukGMSgPImnPM92x-ovkfiubZgky0y_LSFDQN0OtruWCIVtTSezTTi5Bejn9qYw3c7-mvXRIvVbiqrYcCV4Ovep1WsGDhuyjmkTzrksaWzAwlQJAFHJjtOAxVuykbpG8Wv3WC6s5GJYS3-t6oYzbyXh9W8F2IeVndt0ANyOYcok_r5f7GdF5fF8e9q5jUqoBSHtXk3DgzhO7q5YJT90VtNXMP1rEC; domain=.paypal.com; path=/; Secure; HttpOnly
Set-Cookie: cookie_check=yes; expires=Fri, 02-May-2025 04:48:22 GMT; domain=.paypal.com; path=/; Secure; HttpOnly
Set-Cookie: navcmd=_notify-validate; domain=.paypal.com; path=/; Secure; HttpOnly
Set-Cookie: navlns=0.0; expires=Thu, 04-May-2017 04:48:22 GMT; domain=.paypal.com; path=/; Secure; HttpOnly
Set-Cookie: Apache=10.73.8.134.1430801302541000; path=/; expires=Thu, 27-Apr-45 04:48:22 GMT
Set-Cookie: X-PP-SILOVER=name%3DLIVE5.WEB.1%26silo_version%3D880%26app%3Dappdispatcher%26TIME%3D2521516117; domain=.paypal.com; path=/; Secure; HttpOnly
Set-Cookie: X-PP-SILOVER=; Expires=Thu, 01 Jan 1970 00:00:01 GMT
Set-Cookie: Apache=10.73.8.45.1430801302527843; path=/; expires=Thu, 27-Apr-45 04:48:22 GMT
Set-Cookie: AKDC=slc-a-origin-www-1.paypal.com; expires=Tue, 05-May-2015 05:18:23 GMT; path=/; secure
Strict-Transport-Security: max-age=63072000

VERIFIED
[2015-05-05 04:48 UTC] Post Data:  array (
  'mc_gross' => '11.24',
  'protection_eligibility' => 'Eligible',
  'address_status' => 'confirmed',
  'payer_id' => 'ZFPHAXQNS3KW2',
  'tax' => '0.00',
  'address_street' => '444  Saratoga ave, 16G',
  'payment_date' => '21:48:10 May 04, 2015 PDT',
  'payment_status' => 'Completed',
  'charset' => 'windows-1252',
  'address_zip' => '95050',
  'first_name' => 'Deepthi',
  'mc_fee' => '0.63',
  'address_country_code' => 'US',
  'address_name' => 'Deepthi Kavalur',
  'notify_version' => '3.8',
  'custom' => '',
  'payer_status' => 'unverified',
  'business' => 'renu09@live.com',
  'address_country' => 'United States',
  'address_city' => 'SANTA CLARA',
  'quantity' => '1',
  'verify_sign' => 'AF3wNxEuqbi.fq05VoE..-zzPqflAKKenRNXAd39UwQPZZd7j7o806w7',
  'payer_email' => 'kavalur.deepthi@gmail.com',
  'txn_id' => '7KW36824X7114954L',
  'payment_type' => 'instant',
  'btn_id' => '96136691',
  'last_name' => 'Kavalur',
  'address_state' => 'CA',
  'receiver_email' => 'renu09@live.com',
  'payment_fee' => '0.63',
  'shipping_discount' => '0.00',
  'insurance_amount' => '0.00',
  'receiver_id' => 'C6MWTH29LK9P4',
  'txn_type' => 'web_accept',
  'item_name' => 'Web Development Teaching',
  'discount' => '0.00',
  'mc_currency' => 'USD',
  'item_number' => '10002',
  'residence_country' => 'US',
  'shipping_method' => 'Default',
  'handling_amount' => '0.00',
  'transaction_subject' => 'Web Development Teaching',
  'payment_gross' => '11.24',
  'shipping' => '0.00',
  'ipn_track_id' => '2ff8a083b0986',
)
[2015-05-05 04:48 UTC] Update Query:  
[2015-05-05 04:48 UTC] Verified IPN: cmd=_notify-validate&mc_gross=11.24&protection_eligibility=Eligible&address_status=confirmed&payer_id=ZFPHAXQNS3KW2&tax=0.00&address_street=444++Saratoga+ave%2C+16G&payment_date=21%3A48%3A10+May+04%2C+2015+PDT&payment_status=Completed&charset=windows-1252&address_zip=95050&first_name=Deepthi&mc_fee=0.63&address_country_code=US&address_name=Deepthi+Kavalur&notify_version=3.8&custom=&payer_status=unverified&business=renu09%40live.com&address_country=United+States&address_city=SANTA+CLARA&quantity=1&verify_sign=AF3wNxEuqbi.fq05VoE..-zzPqflAKKenRNXAd39UwQPZZd7j7o806w7&payer_email=kavalur.deepthi%40gmail.com&txn_id=7KW36824X7114954L&payment_type=instant&btn_id=96136691&last_name=Kavalur&address_state=CA&receiver_email=renu09%40live.com&payment_fee=0.63&shipping_discount=0.00&insurance_amount=0.00&receiver_id=C6MWTH29LK9P4&txn_type=web_accept&item_name=Web+Development+Teaching&discount=0.00&mc_currency=USD&item_number=10002&residence_country=US&shipping_method=Default&handling_amount=0.00&transaction_subject=Web+Development+Teaching&payment_gross=11.24&shipping=0.00&ipn_track_id=2ff8a083b0986 
[2015-06-13 18:52 UTC] HTTP request of validation request:POST /cgi-bin/webscr HTTP/1.1
Host: www.paypal.com
Accept: */*
Connection: Close
Content-Length: 993
Content-Type: application/x-www-form-urlencoded

 for IPN payload: cmd=_notify-validate&mc_gross=10.00&protection_eligibility=Eligible&address_status=unconfirmed&payer_id=BWLPT8WU7D4BE&tax=0.00&address_street=44689+Parkmeadow+drive&payment_date=11%3A52%3A17+Jun+13%2C+2015+PDT&payment_status=Completed&charset=windows-1252&address_zip=94539&first_name=Sonia&mc_fee=0.59&address_country_code=US&address_name=Sonia+Mehta&notify_version=3.8&custom=&payer_status=unverified&business=renu09%40live.com&address_country=United+States&address_city=fremont&quantity=1&verify_sign=A603SUjO7FDctKake8FuDp6m-8UdAfReXLFNSeTEYphiWRwGD6j.3JQz&payer_email=soniamehtaus%40gmail.com&txn_id=5EG31005L32774647&payment_type=instant&last_name=Mehta&address_state=CA&receiver_email=renu09%40live.com&payment_fee=0.59&receiver_id=C6MWTH29LK9P4&txn_type=web_accept&item_name=Bootcamp+%28Kizomba%29&mc_currency=USD&item_number=1002&residence_country=US&receipt_id=3429-0600-1975-8706&handling_amount=0.00&transaction_subject=&payment_gross=10.00&shipping=0.00&ipn_track_id=a2094b9d4e68d
[2015-06-13 18:52 UTC] HTTP response of validation request: HTTP/1.1 200 OK
Server: Apache
X-Frame-Options: SAMEORIGIN
Cache-Control: max-age=0, no-cache, no-store, must-revalidate
Pragma: no-cache
Cache-Control: max-age=0, no-cache, no-store, must-revalidate
Pragma: no-cache
Content-Type: text/html; charset=UTF-8
DC: slc-b-origin-www-2.paypal.com
Date: Sat, 13 Jun 2015 18:52:30 GMT
Content-Length: 8
Connection: close
Set-Cookie: cwrClyrK4LoCV1fydGbAxiNL6iG=BtcsWF2-dB5QsXjA6U2EM1-aXpYG53yQQItVd2fMLm0q2Rcm2SUYNc5IsOf5ubo7hnMuJ40Ne393FNQIrBded0mCigu2ETrJ6hPFp-NXG_QYi9nSeBentuN6MgVlsA693WdHzBDimeIciPzwPdj6P5-Rtzu27S0-HgvgMMlMR97P_8Zk7LJAhliU14IbgIsl-PkXbY5W6C5A5nGpIJbKX5ZgQLQICGegM-vEwrUrUIR15xvUCiuoPZM1RPbHdpBOvdH44AhcFs7n-EesxT__xzefaMGetjmNZ5f7qJFWdFxyr3xc3pBEhbs9ZSVHMEBCxKIpwy8E2cCNSz2ofr8ORVoKtVqDt4zy5X97cDe22wmYg_AwhDVH5Q_qBIGkzJkbzru9YKWi3oiMhea3wNrw25GnRrQLbJ5YLxgOwd9dUeb5MEj8AQRp3lfRm0u; domain=.paypal.com; path=/; Secure; HttpOnly
Set-Cookie: cookie_check=yes; expires=Tue, 10-Jun-2025 18:52:30 GMT; domain=.paypal.com; path=/; Secure; HttpOnly
Set-Cookie: navcmd=_notify-validate; domain=.paypal.com; path=/; Secure; HttpOnly
Set-Cookie: navlns=0.0; expires=Mon, 12-Jun-2017 18:52:30 GMT; domain=.paypal.com; path=/; Secure; HttpOnly
Set-Cookie: Apache=10.74.8.134.1434221550352941; path=/; expires=Mon, 05-Jun-45 18:52:30 GMT
Set-Cookie: X-PP-SILOVER=name%3DLIVE6.WEB.1%26silo_version%3D880%26app%3Dappdispatcher%26TIME%3D4001070165; domain=.paypal.com; path=/; Secure; HttpOnly
Set-Cookie: X-PP-SILOVER=; Expires=Thu, 01 Jan 1970 00:00:01 GMT
Set-Cookie: Apache=10.74.8.65.1434221550335194; path=/; expires=Mon, 05-Jun-45 18:52:30 GMT
Set-Cookie: AKDC=slc-b-origin-www-2.paypal.com; expires=Sat, 13-Jun-2015 19:22:30 GMT; path=/; secure
Strict-Transport-Security: max-age=63072000

VERIFIED
[2015-06-13 18:52 UTC] Post Data:  array (
  'mc_gross' => '10.00',
  'protection_eligibility' => 'Eligible',
  'address_status' => 'unconfirmed',
  'payer_id' => 'BWLPT8WU7D4BE',
  'tax' => '0.00',
  'address_street' => '44689 Parkmeadow drive',
  'payment_date' => '11:52:17 Jun 13, 2015 PDT',
  'payment_status' => 'Completed',
  'charset' => 'windows-1252',
  'address_zip' => '94539',
  'first_name' => 'Sonia',
  'mc_fee' => '0.59',
  'address_country_code' => 'US',
  'address_name' => 'Sonia Mehta',
  'notify_version' => '3.8',
  'custom' => '',
  'payer_status' => 'unverified',
  'business' => 'renu09@live.com',
  'address_country' => 'United States',
  'address_city' => 'fremont',
  'quantity' => '1',
  'verify_sign' => 'A603SUjO7FDctKake8FuDp6m-8UdAfReXLFNSeTEYphiWRwGD6j.3JQz',
  'payer_email' => 'soniamehtaus@gmail.com',
  'txn_id' => '5EG31005L32774647',
  'payment_type' => 'instant',
  'last_name' => 'Mehta',
  'address_state' => 'CA',
  'receiver_email' => 'renu09@live.com',
  'payment_fee' => '0.59',
  'receiver_id' => 'C6MWTH29LK9P4',
  'txn_type' => 'web_accept',
  'item_name' => 'Bootcamp (Kizomba)',
  'mc_currency' => 'USD',
  'item_number' => '1002',
  'residence_country' => 'US',
  'receipt_id' => '3429-0600-1975-8706',
  'handling_amount' => '0.00',
  'transaction_subject' => '',
  'payment_gross' => '10.00',
  'shipping' => '0.00',
  'ipn_track_id' => 'a2094b9d4e68d',
)
[2015-06-13 18:52 UTC] Update Query:  
[2015-06-13 18:52 UTC] Verified IPN: cmd=_notify-validate&mc_gross=10.00&protection_eligibility=Eligible&address_status=unconfirmed&payer_id=BWLPT8WU7D4BE&tax=0.00&address_street=44689+Parkmeadow+drive&payment_date=11%3A52%3A17+Jun+13%2C+2015+PDT&payment_status=Completed&charset=windows-1252&address_zip=94539&first_name=Sonia&mc_fee=0.59&address_country_code=US&address_name=Sonia+Mehta&notify_version=3.8&custom=&payer_status=unverified&business=renu09%40live.com&address_country=United+States&address_city=fremont&quantity=1&verify_sign=A603SUjO7FDctKake8FuDp6m-8UdAfReXLFNSeTEYphiWRwGD6j.3JQz&payer_email=soniamehtaus%40gmail.com&txn_id=5EG31005L32774647&payment_type=instant&last_name=Mehta&address_state=CA&receiver_email=renu09%40live.com&payment_fee=0.59&receiver_id=C6MWTH29LK9P4&txn_type=web_accept&item_name=Bootcamp+%28Kizomba%29&mc_currency=USD&item_number=1002&residence_country=US&receipt_id=3429-0600-1975-8706&handling_amount=0.00&transaction_subject=&payment_gross=10.00&shipping=0.00&ipn_track_id=a2094b9d4e68d 
[2015-06-30 12:24 UTC] HTTP request of validation request:POST /cgi-bin/webscr HTTP/1.1
Host: www.paypal.com
Accept: */*
Connection: Close
Content-Length: 799
Content-Type: application/x-www-form-urlencoded

 for IPN payload: cmd=_notify-validate&transaction_subject=&payment_date=05%3A23%3A56+Jun+30%2C+2015+PDT&txn_type=send_money&last_name=Johnson&residence_country=US&payment_gross=2500.00&mc_currency=USD&business=renu09%40live.com&payment_type=instant&protection_eligibility=Ineligible&verify_sign=ATZo1sTL1YpCT4KW-CzFolXviWIiAcSQGkue.fPPntaDnFWTIJDQ1kJz&payer_status=verified&payer_email=mauricej%40hotmail.com&txn_id=76T45044KD763974M&receiver_email=renu09%40live.com&first_name=Maurice&payer_id=NCPYU5PXAF9E2&receiver_id=C6MWTH29LK9P4&memo=Manish+Khanchandani+for+service+rendered+and+completion+of+a+rollover+java++%28related+to+eyeable.com%29&payer_business_name=Skoute+Inc.&payment_status=Completed&payment_fee=72.80&mc_fee=72.80&mc_gross=2500.00&charset=windows-1252&notify_version=3.8&ipn_track_id=1a120d16e590c
[2015-06-30 12:24 UTC] HTTP response of validation request: HTTP/1.1 200 OK
Server: Apache
X-Frame-Options: SAMEORIGIN
Cache-Control: max-age=0, no-cache, no-store, must-revalidate
Pragma: no-cache
Paypal-Debug-Id: 5d6dcc4063b91
Cache-Control: max-age=0, no-cache, no-store, must-revalidate
Pragma: no-cache
Content-Type: text/html; charset=UTF-8
DC: slc-b-origin-www-2.paypal.com
Date: Tue, 30 Jun 2015 12:24:16 GMT
Content-Length: 8
Connection: close
Set-Cookie: cwrClyrK4LoCV1fydGbAxiNL6iG=e9Xo5za2MtCux6gHZ0pUwndUj41Jm0B7KqyqiZKxih4ep7utwR0JNdeDIa1MoELXEKi_Dmua0-okEC-DEyJ-pUXhQibmyQddngPFZi93QwNroPO8yWSx_Xk9bhK_HFAtSkVk1bO-cxyIPTVTGU-Tbw27Qzr5ot7jcJGEJazWKotUtlLavUgyRp4cKsB1m5zSIObC-ZHAjszPJXPhwckcaVNKi_aqCCEYT6Ku3KXEW4duSK_NOULygnchkBfIQxKqg-oIQ-2Goaek3U0Xj4FBC4eOh1YiqAxP4qZQyD46Ib-DOpNZ5OB_sCMXRJhkd7Bd3_YBzyIsEJ-z_5O60ZBDpRfuDgIHT-TJEEY9OVvoGBQRu-lzvE5Q6mDXBsv5oJF19J5HQEcXItACoBWNdGrYdk4b6xrnWOZ1t51skQyrmyYbrrJ5Yytyf3imssu; domain=.paypal.com; path=/; Secure; HttpOnly
Set-Cookie: cookie_check=yes; expires=Fri, 27-Jun-2025 12:24:16 GMT; domain=.paypal.com; path=/; Secure; HttpOnly
Set-Cookie: navcmd=_notify-validate; domain=.paypal.com; path=/; Secure; HttpOnly
Set-Cookie: navlns=0.0; expires=Thu, 29-Jun-2017 12:24:16 GMT; domain=.paypal.com; path=/; Secure; HttpOnly
Set-Cookie: Apache=10.74.8.137.1435667056419749; path=/; expires=Thu, 22-Jun-45 12:24:16 GMT
Set-Cookie: X-PP-SILOVER=name%3DLIVE6.WEB.1%26silo_version%3D880%26app%3Dappdispatcher%26TIME%3D1888129621; domain=.paypal.com; path=/; Secure; HttpOnly
Set-Cookie: X-PP-SILOVER=; Expires=Thu, 01 Jan 1970 00:00:01 GMT
Set-Cookie: Apache=10.74.8.56.1435667056408176; path=/; expires=Thu, 22-Jun-45 12:24:16 GMT
Set-Cookie: AKDC=slc-b-origin-www-2.paypal.com; expires=Tue, 30-Jun-2015 12:54:16 GMT; path=/; secure
Strict-Transport-Security: max-age=63072000

VERIFIED
[2015-06-30 12:24 UTC] Post Data:  array (
  'transaction_subject' => '',
  'payment_date' => '05:23:56 Jun 30, 2015 PDT',
  'txn_type' => 'send_money',
  'last_name' => 'Johnson',
  'residence_country' => 'US',
  'payment_gross' => '2500.00',
  'mc_currency' => 'USD',
  'business' => 'renu09@live.com',
  'payment_type' => 'instant',
  'protection_eligibility' => 'Ineligible',
  'verify_sign' => 'ATZo1sTL1YpCT4KW-CzFolXviWIiAcSQGkue.fPPntaDnFWTIJDQ1kJz',
  'payer_status' => 'verified',
  'payer_email' => 'mauricej@hotmail.com',
  'txn_id' => '76T45044KD763974M',
  'receiver_email' => 'renu09@live.com',
  'first_name' => 'Maurice',
  'payer_id' => 'NCPYU5PXAF9E2',
  'receiver_id' => 'C6MWTH29LK9P4',
  'memo' => 'Manish Khanchandani for service rendered and completion of a rollover java  (related to eyeable.com)',
  'payer_business_name' => 'Skoute Inc.',
  'payment_status' => 'Completed',
  'payment_fee' => '72.80',
  'mc_fee' => '72.80',
  'mc_gross' => '2500.00',
  'charset' => 'windows-1252',
  'notify_version' => '3.8',
  'ipn_track_id' => '1a120d16e590c',
)
[2015-06-30 12:24 UTC] Update Query:  
[2015-06-30 12:24 UTC] Verified IPN: cmd=_notify-validate&transaction_subject=&payment_date=05%3A23%3A56+Jun+30%2C+2015+PDT&txn_type=send_money&last_name=Johnson&residence_country=US&payment_gross=2500.00&mc_currency=USD&business=renu09%40live.com&payment_type=instant&protection_eligibility=Ineligible&verify_sign=ATZo1sTL1YpCT4KW-CzFolXviWIiAcSQGkue.fPPntaDnFWTIJDQ1kJz&payer_status=verified&payer_email=mauricej%40hotmail.com&txn_id=76T45044KD763974M&receiver_email=renu09%40live.com&first_name=Maurice&payer_id=NCPYU5PXAF9E2&receiver_id=C6MWTH29LK9P4&memo=Manish+Khanchandani+for+service+rendered+and+completion+of+a+rollover+java++%28related+to+eyeable.com%29&payer_business_name=Skoute+Inc.&payment_status=Completed&payment_fee=72.80&mc_fee=72.80&mc_gross=2500.00&charset=windows-1252&notify_version=3.8&ipn_track_id=1a120d16e590c 
[2015-08-07 21:41 UTC] HTTP request of validation request:POST /cgi-bin/webscr HTTP/1.1
Host: www.paypal.com
Accept: */*
Connection: Close
Content-Length: 687
Content-Type: application/x-www-form-urlencoded

 for IPN payload: cmd=_notify-validate&transaction_subject=&payment_date=14%3A41%3A16+Aug+07%2C+2015+PDT&txn_type=send_money&last_name=Encarnacion&residence_country=US&payment_gross=1000.00&mc_currency=USD&business=renu09%40live.com&payment_type=instant&protection_eligibility=Ineligible&verify_sign=Awzs7YBl5JYdRebroKUiHGhntu5kAQT8fMz3rgtV8Ru2GBIXIflAzCPp&payer_status=verified&payer_email=victore2010%40yahoo.com&txn_id=990222542T2094122&receiver_email=renu09%40live.com&first_name=Victor&payer_id=TB2E37PKW6B3C&receiver_id=C6MWTH29LK9P4&memo=for+Front+End+course&payment_status=Completed&payment_fee=29.30&mc_fee=29.30&mc_gross=1000.00&charset=windows-1252&notify_version=3.8&ipn_track_id=d0a8114d84224
[2015-08-07 21:41 UTC] HTTP response of validation request: HTTP/1.1 200 OK
Server: Apache
X-Frame-Options: SAMEORIGIN
Paypal-Debug-Id: eea358d142a1
Cache-Control: max-age=0, no-cache, no-store, must-revalidate
Pragma: no-cache
Content-Type: text/html; charset=UTF-8
DC: dcg12-origin-www-2.paypal.com
Date: Fri, 07 Aug 2015 21:41:21 GMT
Content-Length: 8
Connection: close
Set-Cookie: cwrClyrK4LoCV1fydGbAxiNL6iG=hV1jmTZG7-PGZpAwKgDvkfhxpRWQ1O5SwcQd0H1CuSigeU5tAKNGChKAjEyl97Fk3wY84mrW8GlLydu7Wn2elSAbcMfN5qYCPIlOhcYUIsAxdkfqg6sAQV4Er-ImpcQk12cB3jCgz-HHF16I1UdsTG9b5uL-6Wz37yndyEu1jd5AUjZS7La4JwmBvUr2yl_v-CkVCfUuL3TqGgwChMExQEz6Bz6mjo_CBwG-TNX8U20An4WYvQMmRX_NOY7NeWoA3x-ZCxZ0Bl5kBsPKjSVcRgLzmGFbeTXftf_Fu122n54aDxy1YlFF5QsGsbddCjyEBVaOaHyGyP13Ep6iE6F7KHNOw1SIICQKlanUAaPs4t_2YvYiPBfQENwT09QXxIPVr0AGLwhi6GylLX4b7DpcXtfbzuWbc-KCxcKyXhIwpLldFASFtGuK1wuR56u; domain=.paypal.com; path=/; Secure; HttpOnly
Set-Cookie: cookie_check=yes; expires=Mon, 04-Aug-2025 21:41:21 GMT; domain=.paypal.com; path=/; Secure; HttpOnly
Set-Cookie: navcmd=_notify-validate; domain=.paypal.com; path=/; Secure; HttpOnly
Set-Cookie: navlns=0.0; expires=Sun, 06-Aug-2017 21:41:21 GMT; domain=.paypal.com; path=/; Secure; HttpOnly
Set-Cookie: Apache=10.17.1.14.1438983681092399; path=/; expires=Sun, 30-Jul-45 21:41:21 GMT
Set-Cookie: X-PP-SILOVER=name%3DLIVE11.WEB.1%26silo_version%3D880%26app%3Dappdispatcher%26TIME%3D19318101; domain=.paypal.com; path=/; Secure; HttpOnly
Set-Cookie: X-PP-SILOVER=; Expires=Thu, 01 Jan 1970 00:00:01 GMT
Set-Cookie: Apache=10.17.0.201.1438983681082380; path=/; expires=Sun, 30-Jul-45 21:41:21 GMT
Set-Cookie: AKDC=dcg12-origin-www-2.paypal.com; expires=Fri, 07-Aug-2015 22:11:21 GMT; path=/; secure
Strict-Transport-Security: max-age=63072000

VERIFIED
[2015-08-07 21:41 UTC] Post Data:  array (
  'transaction_subject' => '',
  'payment_date' => '14:41:16 Aug 07, 2015 PDT',
  'txn_type' => 'send_money',
  'last_name' => 'Encarnacion',
  'residence_country' => 'US',
  'payment_gross' => '1000.00',
  'mc_currency' => 'USD',
  'business' => 'renu09@live.com',
  'payment_type' => 'instant',
  'protection_eligibility' => 'Ineligible',
  'verify_sign' => 'Awzs7YBl5JYdRebroKUiHGhntu5kAQT8fMz3rgtV8Ru2GBIXIflAzCPp',
  'payer_status' => 'verified',
  'payer_email' => 'victore2010@yahoo.com',
  'txn_id' => '990222542T2094122',
  'receiver_email' => 'renu09@live.com',
  'first_name' => 'Victor',
  'payer_id' => 'TB2E37PKW6B3C',
  'receiver_id' => 'C6MWTH29LK9P4',
  'memo' => 'for Front End course',
  'payment_status' => 'Completed',
  'payment_fee' => '29.30',
  'mc_fee' => '29.30',
  'mc_gross' => '1000.00',
  'charset' => 'windows-1252',
  'notify_version' => '3.8',
  'ipn_track_id' => 'd0a8114d84224',
)
[2015-08-07 21:41 UTC] Update Query:  
[2015-08-07 21:41 UTC] Verified IPN: cmd=_notify-validate&transaction_subject=&payment_date=14%3A41%3A16+Aug+07%2C+2015+PDT&txn_type=send_money&last_name=Encarnacion&residence_country=US&payment_gross=1000.00&mc_currency=USD&business=renu09%40live.com&payment_type=instant&protection_eligibility=Ineligible&verify_sign=Awzs7YBl5JYdRebroKUiHGhntu5kAQT8fMz3rgtV8Ru2GBIXIflAzCPp&payer_status=verified&payer_email=victore2010%40yahoo.com&txn_id=990222542T2094122&receiver_email=renu09%40live.com&first_name=Victor&payer_id=TB2E37PKW6B3C&receiver_id=C6MWTH29LK9P4&memo=for+Front+End+course&payment_status=Completed&payment_fee=29.30&mc_fee=29.30&mc_gross=1000.00&charset=windows-1252&notify_version=3.8&ipn_track_id=d0a8114d84224 
[2015-09-18 22:35 UTC] HTTP request of validation request:POST /cgi-bin/webscr HTTP/1.1
Host: www.paypal.com
Accept: */*
Connection: Close
Content-Length: 657
Content-Type: application/x-www-form-urlencoded

 for IPN payload: cmd=_notify-validate&transaction_subject=&payment_date=15%3A35%3A22+Sep+18%2C+2015+PDT&txn_type=send_money&last_name=Zhang&residence_country=US&payment_gross=1000.00&mc_currency=USD&business=renu09%40live.com&payment_type=instant&protection_eligibility=Ineligible&verify_sign=AasTK3ucGcxl64aW1kxzwduZGjAKAP23Ip2V66yxKP-qId-Fwty68MNV&payer_status=unverified&payer_email=christine_zq%40sbcglobal.net&txn_id=6H183739GS100153G&receiver_email=renu09%40live.com&first_name=Qun&payer_id=7TLBJQUFKJTGW&receiver_id=C6MWTH29LK9P4&payment_status=Completed&payment_fee=29.30&mc_fee=29.30&mc_gross=1000.00&charset=windows-1252&notify_version=3.8&ipn_track_id=e76a923f146
[2015-09-18 22:35 UTC] HTTP response of validation request: HTTP/1.1 200 OK
Server: Apache
X-Frame-Options: SAMEORIGIN
Paypal-Debug-Id: 12643dce45a52
Cache-Control: max-age=0, no-cache, no-store, must-revalidate
Pragma: no-cache
Content-Type: text/html; charset=UTF-8
DC: dcg11-origin-www.paypal.com
Date: Fri, 18 Sep 2015 22:35:42 GMT
Content-Length: 8
Connection: close
Set-Cookie: cwrClyrK4LoCV1fydGbAxiNL6iG=9bEjImJw87ZKAMz4ih2W772fuWUtm44287h2oMo8xIA1l_ewk_X7yhBmD7sboc1Las83yKjzuRtBYvCUCLHqsipH72WGVUls8SXM9GaUQ7eUv0Ri0EEbh8HCU32Iclb2sbmZ7amVd8Ef0cH3m9LAucPtFKX5FyDSiFsd8A57v_gXrOe1LCnVuTp0UekGHlb_-BcGcHqa5jS7R5L2j7Dbd3XEeWcXuCtP8gzcZy8chjNCgGdrmdnY5FqlgqiB3Iq25M5ORBQBuLL-05JVI7Xc2O-6D2VYJ7-x2lYh_zm-WgiR5oFzngNan8APmXxfwJiNl0uipWifbSMTZL8JEnVlZPRP7k8G3hN37kJmxXZL_fGUQzLZvLWKL3K95FmOqvVzi4-3S3xqJ0cAvvFXwGPj2Ez6TgvAU1TpgbfXCJjrwrOMEjzljR7nynEj-Y4; domain=.paypal.com; path=/; Secure; HttpOnly
Set-Cookie: cookie_check=yes; expires=Mon, 15-Sep-2025 22:35:42 GMT; domain=.paypal.com; path=/; Secure; HttpOnly
Set-Cookie: navcmd=_notify-validate; domain=.paypal.com; path=/; Secure; HttpOnly
Set-Cookie: navlns=0.0; expires=Sun, 17-Sep-2017 22:35:42 GMT; domain=.paypal.com; path=/; Secure; HttpOnly
Set-Cookie: Apache=10.16.0.147.1442615742291496; path=/; expires=Sun, 10-Sep-45 22:35:42 GMT
Set-Cookie: X-PP-SILOVER=name%3DLIVE9.WEB.1%26silo_version%3D880%26app%3Dappdispatcher%26TIME%3D3197238357; domain=.paypal.com; path=/; Secure; HttpOnly
Set-Cookie: X-PP-SILOVER=; Expires=Thu, 01 Jan 1970 00:00:01 GMT
Set-Cookie: Apache=10.16.1.3.1442615742285093; path=/; expires=Sun, 10-Sep-45 22:35:42 GMT
Set-Cookie: AKDC=dcg11-origin-www.paypal.com; expires=Fri, 18-Sep-2015 23:05:42 GMT; path=/; secure
Strict-Transport-Security: max-age=63072000

VERIFIED
[2015-09-18 22:35 UTC] Post Data:  array (
  'transaction_subject' => '',
  'payment_date' => '15:35:22 Sep 18, 2015 PDT',
  'txn_type' => 'send_money',
  'last_name' => 'Zhang',
  'residence_country' => 'US',
  'payment_gross' => '1000.00',
  'mc_currency' => 'USD',
  'business' => 'renu09@live.com',
  'payment_type' => 'instant',
  'protection_eligibility' => 'Ineligible',
  'verify_sign' => 'AasTK3ucGcxl64aW1kxzwduZGjAKAP23Ip2V66yxKP-qId-Fwty68MNV',
  'payer_status' => 'unverified',
  'payer_email' => 'christine_zq@sbcglobal.net',
  'txn_id' => '6H183739GS100153G',
  'receiver_email' => 'renu09@live.com',
  'first_name' => 'Qun',
  'payer_id' => '7TLBJQUFKJTGW',
  'receiver_id' => 'C6MWTH29LK9P4',
  'payment_status' => 'Completed',
  'payment_fee' => '29.30',
  'mc_fee' => '29.30',
  'mc_gross' => '1000.00',
  'charset' => 'windows-1252',
  'notify_version' => '3.8',
  'ipn_track_id' => 'e76a923f146',
)
[2015-09-18 22:35 UTC] Update Query:  
[2015-09-18 22:35 UTC] Verified IPN: cmd=_notify-validate&transaction_subject=&payment_date=15%3A35%3A22+Sep+18%2C+2015+PDT&txn_type=send_money&last_name=Zhang&residence_country=US&payment_gross=1000.00&mc_currency=USD&business=renu09%40live.com&payment_type=instant&protection_eligibility=Ineligible&verify_sign=AasTK3ucGcxl64aW1kxzwduZGjAKAP23Ip2V66yxKP-qId-Fwty68MNV&payer_status=unverified&payer_email=christine_zq%40sbcglobal.net&txn_id=6H183739GS100153G&receiver_email=renu09%40live.com&first_name=Qun&payer_id=7TLBJQUFKJTGW&receiver_id=C6MWTH29LK9P4&payment_status=Completed&payment_fee=29.30&mc_fee=29.30&mc_gross=1000.00&charset=windows-1252&notify_version=3.8&ipn_track_id=e76a923f146 
